#
# There is insufficient memory for the Java Runtime Environment to continue.
# Native memory allocation (mmap) failed to map 226492416 bytes for G1 virtual space
# Possible reasons:
#   The system is out of physical RAM or swap space
#   The process is running with CompressedOops enabled, and the Java Heap may be blocking the growth of the native heap
# Possible solutions:
#   Reduce memory load on the system
#   Increase physical memory or swap space
#   Check if swap backing store is full
#   Decrease Java heap size (-Xmx/-Xms)
#   Decrease number of Java threads
#   Decrease Java thread stack sizes (-Xss)
#   Set larger code cache with -XX:ReservedCodeCacheSize=
#   JVM is running with Unscaled Compressed Oops mode in which the Java heap is
#     placed in the first 4GB address space. The Java Heap base address is the
#     maximum limit for the native heap growth. Please use -XX:HeapBaseMinAddress
#     to set the Java Heap base and to place the Java Heap above 4GB virtual address.
# This output file may be truncated or incomplete.
#
#  Out of Memory Error (os_windows.cpp:3541), pid=15728, tid=27256
#
# JRE version: OpenJDK Runtime Environment Temurin-17.0.4.1+1 (17.0.4.1+1) (build 17.0.4.1+1)
# Java VM: OpenJDK 64-Bit Server VM Temurin-17.0.4.1+1 (17.0.4.1+1, mixed mode, emulated-client, tiered, compressed oops, compressed class ptrs, g1 gc, windows-amd64)
# No core dump will be written. Minidumps are not enabled by default on client versions of Windows
#

---------------  S U M M A R Y ------------

Command Line: -Dsts.lsp.client=vscode -Dsts.log.file=/dev/null -XX:TieredStopAtLevel=1 -Xlog:jni+resolve=off -Dspring.config.location=file:c:\Users\DELL\.vscode\extensions\pivotal.vscode-spring-boot-1.39.0\language-server\BOOT-INF\classes\application.properties org.springframework.ide.vscode.boot.app.BootLanguageServerBootApp

Host: Intel(R) Core(TM) i5-1035G1 CPU @ 1.00GHz, 8 cores, 7G,  Windows 10 , 64 bit Build 19041 (10.0.19041.1889)
Time: Thu Oct 20 13:37:09 2022 SE Asia Standard Time elapsed time: 5.266589 seconds (0d 0h 0m 5s)

---------------  T H R E A D  ---------------

Current thread (0x000002721a347a10):  VMThread "VM Thread" [stack: 0x00000094d0500000,0x00000094d0600000] [id=27256]

Stack: [0x00000094d0500000,0x00000094d0600000]
Native frames: (J=compiled Java code, j=interpreted, Vv=VM code, C=native code)
V  [jvm.dll+0x67731a]
V  [jvm.dll+0x832284]
V  [jvm.dll+0x833a2e]
V  [jvm.dll+0x834093]
V  [jvm.dll+0x245775]
V  [jvm.dll+0x674209]
V  [jvm.dll+0x668a92]
V  [jvm.dll+0x30471b]
V  [jvm.dll+0x30bc66]
V  [jvm.dll+0x35ba9e]
V  [jvm.dll+0x35bccf]
V  [jvm.dll+0x2db5b8]
V  [jvm.dll+0x2d986c]
V  [jvm.dll+0x2d8e3c]
V  [jvm.dll+0x31cd9b]
V  [jvm.dll+0x83853b]
V  [jvm.dll+0x839274]
V  [jvm.dll+0x83978c]
V  [jvm.dll+0x839b64]
V  [jvm.dll+0x839c30]
V  [jvm.dll+0x7e240a]
V  [jvm.dll+0x6761a5]
C  [ucrtbase.dll+0x21bb2]
C  [KERNEL32.DLL+0x17034]
C  [ntdll.dll+0x526a1]

VM_Operation (0x00000094d29fe0d0): G1CollectForAllocation, mode: safepoint, requested by thread 0x000002721ce2d440


---------------  P R O C E S S  ---------------

Threads class SMR info:
_java_thread_list=0x000002721cab5310, length=44, elements={
0x000002721a35d740, 0x000002721a35df50, 0x000002721ad28130, 0x000002721ad29610,
0x000002721ad29ae0, 0x000002721a374a30, 0x000002721a37b6d0, 0x000002721a37bbe0,
0x000002721af26840, 0x000002721af33220, 0x000002721af34b80, 0x000002721af3d510,
0x000002721b7a6fa0, 0x000002721cae3810, 0x000002721c9cbd30, 0x000002721ce0a070,
0x000002721cdaec80, 0x000002721cdb2c10, 0x000002721ce24c20, 0x000002721ce28a40,
0x000002721ce25900, 0x000002721ce30930, 0x000002721ce2fac0, 0x000002721ce2f120,
0x000002721ce30460, 0x000002721ce2ff90, 0x000002721ce2d440, 0x000002721ce2ec50,
0x000002721ce2cf70, 0x000002721ce2f5f0, 0x000002721ce2d910, 0x000002721ce2dde0,
0x000002721ce2e2b0, 0x000002721ce2e780, 0x000002721e9d62b0, 0x000002721e9d97a0,
0x000002721e9da610, 0x000002721e9dc7c0, 0x000002721e9d9c70, 0x000002721e9dbe20,
0x000002721e9dd630, 0x000002721e9ddb00, 0x000002721e9d92d0, 0x000002721e9d7f90
}

Java Threads: ( => current thread )
  0x000002721a35d740 JavaThread "Reference Handler" daemon [_thread_blocked, id=25604, stack(0x00000094d0600000,0x00000094d0700000)]
  0x000002721a35df50 JavaThread "Finalizer" daemon [_thread_blocked, id=5396, stack(0x00000094d0700000,0x00000094d0800000)]
  0x000002721ad28130 JavaThread "Signal Dispatcher" daemon [_thread_blocked, id=6552, stack(0x00000094d0800000,0x00000094d0900000)]
  0x000002721ad29610 JavaThread "Attach Listener" daemon [_thread_blocked, id=22352, stack(0x00000094d0900000,0x00000094d0a00000)]
  0x000002721ad29ae0 JavaThread "Service Thread" daemon [_thread_blocked, id=1588, stack(0x00000094d0a00000,0x00000094d0b00000)]
  0x000002721a374a30 JavaThread "Monitor Deflation Thread" daemon [_thread_blocked, id=27516, stack(0x00000094d0b00000,0x00000094d0c00000)]
  0x000002721a37b6d0 JavaThread "C1 CompilerThread0" daemon [_thread_blocked, id=11940, stack(0x00000094d0c00000,0x00000094d0d00000)]
  0x000002721a37bbe0 JavaThread "Sweeper thread" daemon [_thread_blocked, id=25492, stack(0x00000094d0d00000,0x00000094d0e00000)]
  0x000002721af26840 JavaThread "C1 CompilerThread1" daemon [_thread_blocked, id=13796, stack(0x00000094d0e00000,0x00000094d0f00000)]
  0x000002721af33220 JavaThread "C1 CompilerThread2" daemon [_thread_blocked, id=23264, stack(0x00000094d0f00000,0x00000094d1000000)]
  0x000002721af34b80 JavaThread "Notification Thread" daemon [_thread_blocked, id=9504, stack(0x00000094d1000000,0x00000094d1100000)]
  0x000002721af3d510 JavaThread "Common-Cleaner" daemon [_thread_blocked, id=8020, stack(0x00000094d1200000,0x00000094d1300000)]
  0x000002721b7a6fa0 JavaThread "C1 CompilerThread3" daemon [_thread_blocked, id=27152, stack(0x00000094d1300000,0x00000094d1400000)]
  0x000002721cae3810 JavaThread "boundedElastic-evictor-1" daemon [_thread_blocked, id=11292, stack(0x00000094d1900000,0x00000094d1a00000)]
  0x000002721c9cbd30 JavaThread "ForkJoinPool.commonPool-worker-1" daemon [_thread_blocked, id=3040, stack(0x00000094d1d00000,0x00000094d1e00000)]
  0x000002721ce0a070 JavaThread "ClassGraph-worker-0" daemon [_thread_blocked, id=22780, stack(0x00000094d1e00000,0x00000094d1f00000)]
  0x000002721cdaec80 JavaThread "ClassGraph-worker-1" daemon [_thread_blocked, id=20636, stack(0x00000094d1f00000,0x00000094d2000000)]
  0x000002721cdb2c10 JavaThread "ClassGraph-worker-2" daemon [_thread_blocked, id=25644, stack(0x00000094d2000000,0x00000094d2100000)]
  0x000002721ce24c20 JavaThread "ClassGraph-worker-3" daemon [_thread_blocked, id=27400, stack(0x00000094d2100000,0x00000094d2200000)]
  0x000002721ce28a40 JavaThread "ClassGraph-worker-4" daemon [_thread_blocked, id=17160, stack(0x00000094d2200000,0x00000094d2300000)]
  0x000002721ce25900 JavaThread "ClassGraph-worker-5" daemon [_thread_blocked, id=16636, stack(0x00000094d2300000,0x00000094d2400000)]
  0x000002721ce30930 JavaThread "ClassGraph-worker-6" daemon [_thread_blocked, id=13740, stack(0x00000094d2400000,0x00000094d2500000)]
  0x000002721ce2fac0 JavaThread "ClassGraph-worker-7" daemon [_thread_blocked, id=5596, stack(0x00000094d2500000,0x00000094d2600000)]
  0x000002721ce2f120 JavaThread "ClassGraph-worker-8" daemon [_thread_blocked, id=19352, stack(0x00000094d2600000,0x00000094d2700000)]
  0x000002721ce30460 JavaThread "ClassGraph-worker-9" daemon [_thread_blocked, id=17792, stack(0x00000094d2700000,0x00000094d2800000)]
  0x000002721ce2ff90 JavaThread "ClassGraph-worker-10" daemon [_thread_blocked, id=26680, stack(0x00000094d2800000,0x00000094d2900000)]
  0x000002721ce2d440 JavaThread "ClassGraph-worker-11" daemon [_thread_blocked, id=18460, stack(0x00000094d2900000,0x00000094d2a00000)]
  0x000002721ce2ec50 JavaThread "ClassGraph-worker-12" daemon [_thread_blocked, id=19316, stack(0x00000094d2a00000,0x00000094d2b00000)]
  0x000002721ce2cf70 JavaThread "ClassGraph-worker-13" daemon [_thread_blocked, id=15768, stack(0x00000094d2b00000,0x00000094d2c00000)]
  0x000002721ce2f5f0 JavaThread "pool-9-thread-1" [_thread_blocked, id=6940, stack(0x00000094d2c00000,0x00000094d2d00000)]
  0x000002721ce2d910 JavaThread "LanguageServerApp-lifecycle" [_thread_blocked, id=9156, stack(0x00000094d2d00000,0x00000094d2e00000)]
  0x000002721ce2dde0 JavaThread "DestroyJavaVM" [_thread_blocked, id=11660, stack(0x00000094cff00000,0x00000094d0000000)]
  0x000002721ce2e2b0 JavaThread "pool-10-thread-1" [_thread_in_native, id=20012, stack(0x00000094d2e00000,0x00000094d2f00000)]
  0x000002721ce2e780 JavaThread "Simple-Language-Server main thread" daemon [_thread_blocked, id=17852, stack(0x00000094d2f00000,0x00000094d3000000)]
  0x000002721e9d62b0 JavaThread "pool-7-thread-1" [_thread_blocked, id=27208, stack(0x00000094d3000000,0x00000094d3100000)]
  0x000002721e9d97a0 JavaThread "parallel-1" daemon [_thread_blocked, id=3936, stack(0x00000094d3100000,0x00000094d3200000)]
  0x000002721e9da610 JavaThread "parallel-2" daemon [_thread_blocked, id=15104, stack(0x00000094d3200000,0x00000094d3300000)]
  0x000002721e9dc7c0 JavaThread "parallel-3" daemon [_thread_blocked, id=20776, stack(0x00000094d3300000,0x00000094d3400000)]
  0x000002721e9d9c70 JavaThread "parallel-4" daemon [_thread_blocked, id=17808, stack(0x00000094d3400000,0x00000094d3500000)]
  0x000002721e9dbe20 JavaThread "ForkJoinPool.commonPool-worker-2" daemon [_thread_blocked, id=12248, stack(0x00000094d3500000,0x00000094d3600000)]
  0x000002721e9dd630 JavaThread "pool-4-thread-1" [_thread_blocked, id=6944, stack(0x00000094d3600000,0x00000094d3700000)]
  0x000002721e9ddb00 JavaThread "Reconciler-1" daemon [_thread_blocked, id=22200, stack(0x00000094d3700000,0x00000094d3800000)]
  0x000002721e9d92d0 JavaThread "parallel-5" daemon [_thread_blocked, id=24992, stack(0x00000094d3800000,0x00000094d3900000)]
  0x000002721e9d7f90 JavaThread "pool-4-thread-2" [_thread_blocked, id=23384, stack(0x00000094d3900000,0x00000094d3a00000)]

Other Threads:
=>0x000002721a347a10 VMThread "VM Thread" [stack: 0x00000094d0500000,0x00000094d0600000] [id=27256]
  0x000002721af32da0 WatcherThread [stack: 0x00000094d1100000,0x00000094d1200000] [id=6792]
  0x000002720d1245c0 GCTaskThread "GC Thread#0" [stack: 0x00000094d0000000,0x00000094d0100000] [id=22716]
  0x000002721b876850 GCTaskThread "GC Thread#1" [stack: 0x00000094d1400000,0x00000094d1500000] [id=21940]
  0x000002721b5d8180 GCTaskThread "GC Thread#2" [stack: 0x00000094d1500000,0x00000094d1600000] [id=20324]
  0x000002721b8dafa0 GCTaskThread "GC Thread#3" [stack: 0x00000094d1600000,0x00000094d1700000] [id=11884]
  0x000002721b8e4690 GCTaskThread "GC Thread#4" [stack: 0x00000094d1700000,0x00000094d1800000] [id=1008]
  0x000002721b8e4940 GCTaskThread "GC Thread#5" [stack: 0x00000094d1800000,0x00000094d1900000] [id=14740]
  0x000002721c5ab460 GCTaskThread "GC Thread#6" [stack: 0x00000094d1a00000,0x00000094d1b00000] [id=18492]
  0x000002721c5ef3d0 GCTaskThread "GC Thread#7" [stack: 0x00000094d1b00000,0x00000094d1c00000] [id=17092]
  0x000002720d134cd0 ConcurrentGCThread "G1 Main Marker" [stack: 0x00000094d0100000,0x00000094d0200000] [id=26736]
  0x000002720d1355f0 ConcurrentGCThread "G1 Conc#0" [stack: 0x00000094d0200000,0x00000094d0300000] [id=25596]
  0x000002721c7f5b50 ConcurrentGCThread "G1 Conc#1" [stack: 0x00000094d1c00000,0x00000094d1d00000] [id=8836]
  0x000002721a1b20c0 ConcurrentGCThread "G1 Refine#0" [stack: 0x00000094d0300000,0x00000094d0400000] [id=21228]
  0x000002721cc5b4a0 ConcurrentGCThread "G1 Refine#1" [stack: 0x00000094d3a00000,0x00000094d3b00000] [id=21648]
  0x000002721a1b4610 ConcurrentGCThread "G1 Service" [stack: 0x00000094d0400000,0x00000094d0500000] [id=21856]

Threads with active compile tasks:
C1 CompilerThread0     5321 3721   !   1       io.github.classgraph.ClasspathElementModule$1::open (129 bytes)
C1 CompilerThread1     5321 3691       1       nonapi.io.github.classgraph.recycler.Recycler::acquire (53 bytes)
C1 CompilerThread2     5321 3720   !   1       io.github.classgraph.Classfile::<init> (860 bytes)
C1 CompilerThread3     5322 3722       1       io.github.classgraph.ModuleReaderProxy::open (72 bytes)

VM state: at safepoint (normal execution)

VM Mutex/Monitor currently owned by a thread:  ([mutex/lock_event])
[0x000002720ae95110] Threads_lock - owner thread: 0x000002721a347a10
[0x000002720d0c6430] Heap_lock - owner thread: 0x000002721ce2d440
[0x000002720d0c7990] Compile_lock - owner thread: 0x000002721ce2ff90

Heap address: 0x0000000083a00000, size: 1990 MB, Compressed Oops mode: 32-bit

CDS archive(s) not mapped
Compressed class space mapped at: 0x0000000100000000-0x0000000140000000, reserved size: 1073741824
Narrow klass base: 0x0000000000000000, Narrow klass shift: 3, Narrow klass range: 0x140000000

GC Precious Log:
 CPUs: 8 total, 8 available
 Memory: 7959M
 Large Page Support: Disabled
 NUMA Support: Disabled
 Compressed Oops: Enabled (32-bit)
 Heap Region Size: 1M
 Heap Min Capacity: 8M
 Heap Initial Capacity: 126M
 Heap Max Capacity: 1990M
 Pre-touch: Disabled
 Parallel Workers: 8
 Concurrent Workers: 2
 Concurrent Refinement Workers: 8
 Periodic GC: Disabled

Heap:
 garbage-first heap   total 136192K, used 66013K [0x0000000083a00000, 0x0000000100000000)
  region size 1024K, 5 young (5120K), 5 survivors (5120K)
 Metaspace       used 36294K, committed 36672K, reserved 1081344K
  class space    used 4734K, committed 4928K, reserved 1048576K

Heap Regions: E=young(eden), S=young(survivor), O=old, HS=humongous(starts), HC=humongous(continues), CS=collection set, F=free, OA=open archive, CA=closed archive, TAMS=top-at-mark-start (previous, next)
|   0|0x0000000083a00000, 0x0000000083b00000, 0x0000000083b00000|100%| O|  |TAMS 0x0000000083b00000, 0x0000000083b00000| Untracked 
|   1|0x0000000083b00000, 0x0000000083c00000, 0x0000000083c00000|100%| O|  |TAMS 0x0000000083c00000, 0x0000000083c00000| Untracked 
|   2|0x0000000083c00000, 0x0000000083d00000, 0x0000000083d00000|100%| O|  |TAMS 0x0000000083d00000, 0x0000000083d00000| Untracked 
|   3|0x0000000083d00000, 0x0000000083e00000, 0x0000000083e00000|100%| O|  |TAMS 0x0000000083e00000, 0x0000000083e00000| Untracked 
|   4|0x0000000083e00000, 0x0000000083f00000, 0x0000000083f00000|100%| O|  |TAMS 0x0000000083f00000, 0x0000000083f00000| Untracked 
|   5|0x0000000083f00000, 0x0000000084000000, 0x0000000084000000|100%| O|  |TAMS 0x0000000084000000, 0x0000000084000000| Untracked 
|   6|0x0000000084000000, 0x0000000084100000, 0x0000000084100000|100%| O|  |TAMS 0x0000000084100000, 0x0000000084100000| Untracked 
|   7|0x0000000084100000, 0x0000000084200000, 0x0000000084200000|100%| O|  |TAMS 0x0000000084200000, 0x0000000084200000| Untracked 
|   8|0x0000000084200000, 0x0000000084300000, 0x0000000084300000|100%| O|  |TAMS 0x0000000084300000, 0x0000000084300000| Untracked 
|   9|0x0000000084300000, 0x0000000084400000, 0x0000000084400000|100%| O|  |TAMS 0x0000000084400000, 0x0000000084400000| Untracked 
|  10|0x0000000084400000, 0x0000000084500000, 0x0000000084500000|100%| O|  |TAMS 0x0000000084500000, 0x0000000084500000| Untracked 
|  11|0x0000000084500000, 0x0000000084600000, 0x0000000084600000|100%| O|  |TAMS 0x0000000084600000, 0x0000000084600000| Untracked 
|  12|0x0000000084600000, 0x0000000084700000, 0x0000000084700000|100%| O|  |TAMS 0x0000000084700000, 0x0000000084700000| Untracked 
|  13|0x0000000084700000, 0x0000000084800000, 0x0000000084800000|100%| O|  |TAMS 0x0000000084800000, 0x0000000084800000| Untracked 
|  14|0x0000000084800000, 0x0000000084900000, 0x0000000084900000|100%| O|  |TAMS 0x0000000084900000, 0x0000000084900000| Untracked 
|  15|0x0000000084900000, 0x0000000084a00000, 0x0000000084a00000|100%| O|  |TAMS 0x0000000084a00000, 0x0000000084a00000| Untracked 
|  16|0x0000000084a00000, 0x0000000084b00000, 0x0000000084b00000|100%| O|  |TAMS 0x0000000084b00000, 0x0000000084b00000| Untracked 
|  17|0x0000000084b00000, 0x0000000084c00000, 0x0000000084c00000|100%| O|  |TAMS 0x0000000084c00000, 0x0000000084c00000| Untracked 
|  18|0x0000000084c00000, 0x0000000084d00000, 0x0000000084d00000|100%| O|  |TAMS 0x0000000084d00000, 0x0000000084d00000| Untracked 
|  19|0x0000000084d00000, 0x0000000084e00000, 0x0000000084e00000|100%| O|  |TAMS 0x0000000084e00000, 0x0000000084e00000| Untracked 
|  20|0x0000000084e00000, 0x0000000084f00000, 0x0000000084f00000|100%| O|  |TAMS 0x0000000084f00000, 0x0000000084f00000| Untracked 
|  21|0x0000000084f00000, 0x0000000085000000, 0x0000000085000000|100%| O|  |TAMS 0x0000000085000000, 0x0000000085000000| Untracked 
|  22|0x0000000085000000, 0x0000000085100000, 0x0000000085100000|100%| O|  |TAMS 0x0000000085100000, 0x0000000085100000| Untracked 
|  23|0x0000000085100000, 0x0000000085200000, 0x0000000085200000|100%| O|  |TAMS 0x0000000085200000, 0x0000000085200000| Untracked 
|  24|0x0000000085200000, 0x0000000085300000, 0x0000000085300000|100%| O|  |TAMS 0x0000000085300000, 0x0000000085300000| Untracked 
|  25|0x0000000085300000, 0x0000000085400000, 0x0000000085400000|100%| O|  |TAMS 0x0000000085400000, 0x0000000085400000| Untracked 
|  26|0x0000000085400000, 0x0000000085500000, 0x0000000085500000|100%| O|  |TAMS 0x0000000085500000, 0x0000000085500000| Untracked 
|  27|0x0000000085500000, 0x0000000085600000, 0x0000000085600000|100%| O|  |TAMS 0x0000000085600000, 0x0000000085600000| Untracked 
|  28|0x0000000085600000, 0x0000000085700000, 0x0000000085700000|100%| O|  |TAMS 0x0000000085700000, 0x0000000085700000| Untracked 
|  29|0x0000000085700000, 0x0000000085800000, 0x0000000085800000|100%| O|  |TAMS 0x0000000085800000, 0x0000000085800000| Untracked 
|  30|0x0000000085800000, 0x0000000085900000, 0x0000000085900000|100%| O|  |TAMS 0x0000000085900000, 0x0000000085900000| Untracked 
|  31|0x0000000085900000, 0x0000000085a00000, 0x0000000085a00000|100%| O|  |TAMS 0x0000000085a00000, 0x0000000085a00000| Untracked 
|  32|0x0000000085a00000, 0x0000000085b00000, 0x0000000085b00000|100%| O|  |TAMS 0x0000000085b00000, 0x0000000085b00000| Untracked 
|  33|0x0000000085b00000, 0x0000000085c00000, 0x0000000085c00000|100%| O|  |TAMS 0x0000000085c00000, 0x0000000085c00000| Untracked 
|  34|0x0000000085c00000, 0x0000000085d00000, 0x0000000085d00000|100%| O|  |TAMS 0x0000000085d00000, 0x0000000085d00000| Untracked 
|  35|0x0000000085d00000, 0x0000000085e00000, 0x0000000085e00000|100%| O|  |TAMS 0x0000000085e00000, 0x0000000085e00000| Untracked 
|  36|0x0000000085e00000, 0x0000000085f00000, 0x0000000085f00000|100%| O|  |TAMS 0x0000000085f00000, 0x0000000085f00000| Untracked 
|  37|0x0000000085f00000, 0x0000000086000000, 0x0000000086000000|100%| O|  |TAMS 0x0000000085f00000, 0x0000000086000000| Untracked 
|  38|0x0000000086000000, 0x0000000086100000, 0x0000000086100000|100%| O|  |TAMS 0x0000000086000000, 0x0000000086100000| Untracked 
|  39|0x0000000086100000, 0x0000000086200000, 0x0000000086200000|100%| O|  |TAMS 0x0000000086100000, 0x0000000086200000| Untracked 
|  40|0x0000000086200000, 0x0000000086300000, 0x0000000086300000|100%| O|  |TAMS 0x0000000086200000, 0x0000000086300000| Untracked 
|  41|0x0000000086300000, 0x0000000086400000, 0x0000000086400000|100%| O|  |TAMS 0x0000000086300000, 0x0000000086400000| Untracked 
|  42|0x0000000086400000, 0x0000000086500000, 0x0000000086500000|100%| O|  |TAMS 0x0000000086400000, 0x0000000086500000| Untracked 
|  43|0x0000000086500000, 0x0000000086600000, 0x0000000086600000|100%| O|  |TAMS 0x0000000086500000, 0x0000000086600000| Untracked 
|  44|0x0000000086600000, 0x0000000086700000, 0x0000000086700000|100%| O|  |TAMS 0x0000000086600000, 0x0000000086700000| Untracked 
|  45|0x0000000086700000, 0x0000000086800000, 0x0000000086800000|100%|HS|  |TAMS 0x0000000086700000, 0x0000000086800000| Complete 
|  46|0x0000000086800000, 0x0000000086900000, 0x0000000086900000|100%| O|  |TAMS 0x0000000086800000, 0x0000000086900000| Untracked 
|  47|0x0000000086900000, 0x0000000086a00000, 0x0000000086a00000|100%| O|  |TAMS 0x0000000086900000, 0x0000000086a00000| Untracked 
|  48|0x0000000086a00000, 0x0000000086b00000, 0x0000000086b00000|100%| O|  |TAMS 0x0000000086a00000, 0x0000000086b00000| Untracked 
|  49|0x0000000086b00000, 0x0000000086c00000, 0x0000000086c00000|100%| O|  |TAMS 0x0000000086b00000, 0x0000000086c00000| Untracked 
|  50|0x0000000086c00000, 0x0000000086d00000, 0x0000000086d00000|100%| O|  |TAMS 0x0000000086c00000, 0x0000000086d00000| Untracked 
|  51|0x0000000086d00000, 0x0000000086e00000, 0x0000000086e00000|100%| O|  |TAMS 0x0000000086d00000, 0x0000000086e00000| Untracked 
|  52|0x0000000086e00000, 0x0000000086f00000, 0x0000000086f00000|100%| O|  |TAMS 0x0000000086e00000, 0x0000000086f00000| Untracked 
|  53|0x0000000086f00000, 0x0000000087000000, 0x0000000087000000|100%| O|  |TAMS 0x0000000086f00000, 0x0000000087000000| Untracked 
|  54|0x0000000087000000, 0x0000000087100000, 0x0000000087100000|100%| O|  |TAMS 0x0000000087000000, 0x0000000087100000| Untracked 
|  55|0x0000000087100000, 0x0000000087200000, 0x0000000087200000|100%| O|  |TAMS 0x0000000087100000, 0x0000000087200000| Untracked 
|  56|0x0000000087200000, 0x0000000087300000, 0x0000000087300000|100%| O|  |TAMS 0x0000000087200000, 0x0000000087300000| Untracked 
|  57|0x0000000087300000, 0x0000000087400000, 0x0000000087400000|100%| O|  |TAMS 0x0000000087300000, 0x0000000087400000| Untracked 
|  58|0x0000000087400000, 0x0000000087500000, 0x0000000087500000|100%| O|  |TAMS 0x0000000087400000, 0x0000000087500000| Untracked 
|  59|0x0000000087500000, 0x00000000875b2800, 0x0000000087600000| 69%| O|  |TAMS 0x0000000087500000, 0x00000000875b2800| Untracked 
|  60|0x0000000087600000, 0x0000000087600000, 0x0000000087700000|  0%| F|  |TAMS 0x0000000087600000, 0x0000000087600000| Untracked 
|  61|0x0000000087700000, 0x0000000087700000, 0x0000000087800000|  0%| F|  |TAMS 0x0000000087700000, 0x0000000087700000| Untracked 
|  62|0x0000000087800000, 0x0000000087800000, 0x0000000087900000|  0%| F|  |TAMS 0x0000000087800000, 0x0000000087800000| Untracked 
|  63|0x0000000087900000, 0x0000000087900000, 0x0000000087a00000|  0%| F|  |TAMS 0x0000000087900000, 0x0000000087900000| Untracked 
|  64|0x0000000087a00000, 0x0000000087a00000, 0x0000000087b00000|  0%| F|  |TAMS 0x0000000087a00000, 0x0000000087a00000| Untracked 
|  65|0x0000000087b00000, 0x0000000087b00000, 0x0000000087c00000|  0%| F|  |TAMS 0x0000000087b00000, 0x0000000087b00000| Untracked 
|  66|0x0000000087c00000, 0x0000000087c00000, 0x0000000087d00000|  0%| F|  |TAMS 0x0000000087c00000, 0x0000000087c00000| Untracked 
|  67|0x0000000087d00000, 0x0000000087d00000, 0x0000000087e00000|  0%| F|  |TAMS 0x0000000087d00000, 0x0000000087d00000| Untracked 
|  68|0x0000000087e00000, 0x0000000087e00000, 0x0000000087f00000|  0%| F|  |TAMS 0x0000000087e00000, 0x0000000087e00000| Untracked 
|  69|0x0000000087f00000, 0x0000000087f00000, 0x0000000088000000|  0%| F|  |TAMS 0x0000000087f00000, 0x0000000087f00000| Untracked 
|  70|0x0000000088000000, 0x0000000088000000, 0x0000000088100000|  0%| F|  |TAMS 0x0000000088000000, 0x0000000088000000| Untracked 
|  71|0x0000000088100000, 0x0000000088100000, 0x0000000088200000|  0%| F|  |TAMS 0x0000000088100000, 0x0000000088100000| Untracked 
|  72|0x0000000088200000, 0x0000000088200000, 0x0000000088300000|  0%| F|  |TAMS 0x0000000088200000, 0x0000000088200000| Untracked 
|  73|0x0000000088300000, 0x0000000088300000, 0x0000000088400000|  0%| F|  |TAMS 0x0000000088300000, 0x0000000088300000| Untracked 
|  74|0x0000000088400000, 0x0000000088400000, 0x0000000088500000|  0%| F|  |TAMS 0x0000000088400000, 0x0000000088400000| Untracked 
|  75|0x0000000088500000, 0x0000000088500000, 0x0000000088600000|  0%| F|  |TAMS 0x0000000088500000, 0x0000000088500000| Untracked 
|  76|0x0000000088600000, 0x0000000088600000, 0x0000000088700000|  0%| F|  |TAMS 0x0000000088600000, 0x0000000088600000| Untracked 
|  77|0x0000000088700000, 0x0000000088700000, 0x0000000088800000|  0%| F|  |TAMS 0x0000000088700000, 0x0000000088700000| Untracked 
|  78|0x0000000088800000, 0x0000000088800000, 0x0000000088900000|  0%| F|  |TAMS 0x0000000088800000, 0x0000000088800000| Untracked 
|  79|0x0000000088900000, 0x0000000088900000, 0x0000000088a00000|  0%| F|  |TAMS 0x0000000088900000, 0x0000000088900000| Untracked 
|  80|0x0000000088a00000, 0x0000000088a00000, 0x0000000088b00000|  0%| F|  |TAMS 0x0000000088a00000, 0x0000000088a00000| Untracked 
|  81|0x0000000088b00000, 0x0000000088b00000, 0x0000000088c00000|  0%| F|  |TAMS 0x0000000088b00000, 0x0000000088b00000| Untracked 
|  82|0x0000000088c00000, 0x0000000088c00000, 0x0000000088d00000|  0%| F|  |TAMS 0x0000000088c00000, 0x0000000088c00000| Untracked 
|  83|0x0000000088d00000, 0x0000000088d00000, 0x0000000088e00000|  0%| F|  |TAMS 0x0000000088d00000, 0x0000000088d00000| Untracked 
|  84|0x0000000088e00000, 0x0000000088e00000, 0x0000000088f00000|  0%| F|  |TAMS 0x0000000088e00000, 0x0000000088e00000| Untracked 
|  85|0x0000000088f00000, 0x0000000088f00000, 0x0000000089000000|  0%| F|  |TAMS 0x0000000088f00000, 0x0000000088f00000| Untracked 
|  86|0x0000000089000000, 0x0000000089000000, 0x0000000089100000|  0%| F|  |TAMS 0x0000000089000000, 0x0000000089000000| Untracked 
|  87|0x0000000089100000, 0x00000000891c4ed0, 0x0000000089200000| 76%| S|CS|TAMS 0x0000000089100000, 0x0000000089100000| Complete 
|  88|0x0000000089200000, 0x0000000089300000, 0x0000000089300000|100%| S|CS|TAMS 0x0000000089200000, 0x0000000089200000| Complete 
|  89|0x0000000089300000, 0x0000000089400000, 0x0000000089400000|100%| S|CS|TAMS 0x0000000089300000, 0x0000000089300000| Complete 
|  90|0x0000000089400000, 0x0000000089500000, 0x0000000089500000|100%| S|CS|TAMS 0x0000000089400000, 0x0000000089400000| Complete 
|  91|0x0000000089500000, 0x0000000089500000, 0x0000000089600000|  0%| F|  |TAMS 0x0000000089500000, 0x0000000089500000| Untracked 
|  92|0x0000000089600000, 0x0000000089600000, 0x0000000089700000|  0%| F|  |TAMS 0x0000000089600000, 0x0000000089600000| Untracked 
|  93|0x0000000089700000, 0x0000000089700000, 0x0000000089800000|  0%| F|  |TAMS 0x0000000089700000, 0x0000000089700000| Untracked 
|  94|0x0000000089800000, 0x0000000089800000, 0x0000000089900000|  0%| F|  |TAMS 0x0000000089800000, 0x0000000089800000| Untracked 
|  95|0x0000000089900000, 0x0000000089a00000, 0x0000000089a00000|100%| S|CS|TAMS 0x0000000089900000, 0x0000000089900000| Complete 
|  96|0x0000000089a00000, 0x0000000089a00000, 0x0000000089b00000|  0%| F|  |TAMS 0x0000000089a00000, 0x0000000089a00000| Untracked 
|  97|0x0000000089b00000, 0x0000000089b00000, 0x0000000089c00000|  0%| F|  |TAMS 0x0000000089b00000, 0x0000000089b00000| Untracked 
|  98|0x0000000089c00000, 0x0000000089c00000, 0x0000000089d00000|  0%| F|  |TAMS 0x0000000089c00000, 0x0000000089c00000| Untracked 
|  99|0x0000000089d00000, 0x0000000089d00000, 0x0000000089e00000|  0%| F|  |TAMS 0x0000000089d00000, 0x0000000089d00000| Untracked 
| 100|0x0000000089e00000, 0x0000000089e00000, 0x0000000089f00000|  0%| F|  |TAMS 0x0000000089e00000, 0x0000000089e00000| Untracked 
| 101|0x0000000089f00000, 0x0000000089f00000, 0x000000008a000000|  0%| F|  |TAMS 0x0000000089f00000, 0x0000000089f00000| Untracked 
| 102|0x000000008a000000, 0x000000008a000000, 0x000000008a100000|  0%| F|  |TAMS 0x000000008a000000, 0x000000008a000000| Untracked 
| 103|0x000000008a100000, 0x000000008a100000, 0x000000008a200000|  0%| F|  |TAMS 0x000000008a100000, 0x000000008a100000| Untracked 
| 104|0x000000008a200000, 0x000000008a200000, 0x000000008a300000|  0%| F|  |TAMS 0x000000008a200000, 0x000000008a200000| Untracked 
| 105|0x000000008a300000, 0x000000008a300000, 0x000000008a400000|  0%| F|  |TAMS 0x000000008a300000, 0x000000008a300000| Untracked 
| 106|0x000000008a400000, 0x000000008a400000, 0x000000008a500000|  0%| F|  |TAMS 0x000000008a400000, 0x000000008a400000| Untracked 
| 107|0x000000008a500000, 0x000000008a500000, 0x000000008a600000|  0%| F|  |TAMS 0x000000008a500000, 0x000000008a500000| Untracked 
| 108|0x000000008a600000, 0x000000008a600000, 0x000000008a700000|  0%| F|  |TAMS 0x000000008a600000, 0x000000008a600000| Untracked 
| 109|0x000000008a700000, 0x000000008a700000, 0x000000008a800000|  0%| F|  |TAMS 0x000000008a700000, 0x000000008a700000| Untracked 
| 110|0x000000008a800000, 0x000000008a800000, 0x000000008a900000|  0%| F|  |TAMS 0x000000008a800000, 0x000000008a800000| Untracked 
| 111|0x000000008a900000, 0x000000008a900000, 0x000000008aa00000|  0%| F|  |TAMS 0x000000008a900000, 0x000000008a900000| Untracked 
| 112|0x000000008aa00000, 0x000000008aa00000, 0x000000008ab00000|  0%| F|  |TAMS 0x000000008aa00000, 0x000000008aa00000| Untracked 
| 113|0x000000008ab00000, 0x000000008ab00000, 0x000000008ac00000|  0%| F|  |TAMS 0x000000008ab00000, 0x000000008ab00000| Untracked 
| 114|0x000000008ac00000, 0x000000008ac00000, 0x000000008ad00000|  0%| F|  |TAMS 0x000000008ac00000, 0x000000008ac00000| Untracked 
| 115|0x000000008ad00000, 0x000000008ad00000, 0x000000008ae00000|  0%| F|  |TAMS 0x000000008ad00000, 0x000000008ad00000| Untracked 
| 116|0x000000008ae00000, 0x000000008ae00000, 0x000000008af00000|  0%| F|  |TAMS 0x000000008ae00000, 0x000000008ae00000| Untracked 
| 117|0x000000008af00000, 0x000000008af00000, 0x000000008b000000|  0%| F|  |TAMS 0x000000008af00000, 0x000000008af00000| Untracked 
| 118|0x000000008b000000, 0x000000008b000000, 0x000000008b100000|  0%| F|  |TAMS 0x000000008b000000, 0x000000008b000000| Untracked 
| 119|0x000000008b100000, 0x000000008b100000, 0x000000008b200000|  0%| F|  |TAMS 0x000000008b100000, 0x000000008b100000| Untracked 
| 120|0x000000008b200000, 0x000000008b200000, 0x000000008b300000|  0%| F|  |TAMS 0x000000008b200000, 0x000000008b200000| Untracked 
| 121|0x000000008b300000, 0x000000008b300000, 0x000000008b400000|  0%| F|  |TAMS 0x000000008b300000, 0x000000008b300000| Untracked 
| 122|0x000000008b400000, 0x000000008b400000, 0x000000008b500000|  0%| F|  |TAMS 0x000000008b400000, 0x000000008b400000| Untracked 
| 123|0x000000008b500000, 0x000000008b500000, 0x000000008b600000|  0%| F|  |TAMS 0x000000008b500000, 0x000000008b500000| Untracked 
| 124|0x000000008b600000, 0x000000008b600000, 0x000000008b700000|  0%| F|  |TAMS 0x000000008b600000, 0x000000008b600000| Untracked 
| 125|0x000000008b700000, 0x000000008b700000, 0x000000008b800000|  0%| F|  |TAMS 0x000000008b700000, 0x000000008b700000| Untracked 
| 126|0x000000008b800000, 0x000000008b800000, 0x000000008b900000|  0%| F|  |TAMS 0x000000008b800000, 0x000000008b800000| Untracked 
| 127|0x000000008b900000, 0x000000008b900000, 0x000000008ba00000|  0%| F|  |TAMS 0x000000008b900000, 0x000000008b900000| Untracked 
| 128|0x000000008ba00000, 0x000000008ba00000, 0x000000008bb00000|  0%| F|  |TAMS 0x000000008ba00000, 0x000000008ba00000| Untracked 
| 129|0x000000008bb00000, 0x000000008bb00000, 0x000000008bc00000|  0%| F|  |TAMS 0x000000008bb00000, 0x000000008bb00000| Untracked 
| 130|0x000000008bc00000, 0x000000008bc00000, 0x000000008bd00000|  0%| F|  |TAMS 0x000000008bc00000, 0x000000008bc00000| Untracked 
| 131|0x000000008bd00000, 0x000000008bd00000, 0x000000008be00000|  0%| F|  |TAMS 0x000000008bd00000, 0x000000008bd00000| Untracked 
| 132|0x000000008be00000, 0x000000008be00000, 0x000000008bf00000|  0%| F|  |TAMS 0x000000008be00000, 0x000000008be00000| Untracked 

Card table byte_map: [0x0000027213250000,0x0000027213640000] _byte_map_base: 0x0000027212e33000

Marking Bits (Prev, Next): (CMBitMap*) 0x000002720d124ae0, (CMBitMap*) 0x000002720d124b20
 Prev Bits: [0x0000027213a30000, 0x0000027215948000)
 Next Bits: [0x0000027215950000, 0x0000027217868000)

Polling page: 0x000002720c890000

Metaspace:

Usage:
  Non-class:     30.82 MB used.
      Class:      4.62 MB used.
       Both:     35.44 MB used.

Virtual space:
  Non-class space:       32.00 MB reserved,      31.00 MB ( 97%) committed,  4 nodes.
      Class space:        1.00 GB reserved,       4.81 MB ( <1%) committed,  1 nodes.
             Both:        1.03 GB reserved,      35.81 MB (  3%) committed. 

Chunk freelists:
   Non-Class:  624.00 KB
       Class:  3.06 MB
        Both:  3.67 MB

MaxMetaspaceSize: unlimited
CompressedClassSpaceSize: 1.00 GB
Initial GC threshold: 21.00 MB
Current GC threshold: 59.31 MB
CDS: off
MetaspaceReclaimPolicy: balanced
 - commit_granule_bytes: 65536.
 - commit_granule_words: 8192.
 - virtual_space_node_default_size: 1048576.
 - enlarge_chunks_in_place: 1.
 - new_chunks_are_fully_committed: 0.
 - uncommit_free_chunks: 1.
 - use_allocation_guard: 0.
 - handle_deallocations: 1.


Internal statistics:

num_allocs_failed_limit: 8.
num_arena_births: 342.
num_arena_deaths: 0.
num_vsnodes_births: 5.
num_vsnodes_deaths: 0.
num_space_committed: 573.
num_space_uncommitted: 0.
num_chunks_returned_to_freelist: 8.
num_chunks_taken_from_freelist: 1382.
num_chunk_merges: 8.
num_chunk_splits: 959.
num_chunks_enlarged: 736.
num_purges: 0.
num_inconsistent_stats: 0.

CodeCache: size=49152Kb used=9018Kb max_used=9018Kb free=40133Kb
 bounds [0x000002720fd50000, 0x0000027210620000, 0x0000027212d50000]
 total_blobs=4226 nmethods=3701 adapters=449
 compilation: enabled
              stopped_count=0, restarted_count=0
 full_count=0

Compilation events (20 events):
Event: 5.246 Thread 0x000002721af33220 3663       1       io.github.classgraph.ClasspathElementModule::access$000 (5 bytes)
Event: 5.247 Thread 0x000002721b7a6fa0 3704       1       io.github.classgraph.Classfile::getConstantPoolString (7 bytes)
Event: 5.247 Thread 0x000002721af33220 nmethod 3663 0x000002721061a390 code [0x000002721061a520, 0x000002721061a5d8]
Event: 5.247 Thread 0x000002721af26840 nmethod 3702 0x000002721061a690 code [0x000002721061a860, 0x000002721061aaf8]
Event: 5.247 Thread 0x000002721b7a6fa0 nmethod 3704 0x000002721061ac90 code [0x000002721061ae20, 0x000002721061af08]
Event: 5.247 Thread 0x000002721af26840 3691       1       nonapi.io.github.classgraph.recycler.Recycler::acquire (53 bytes)
Event: 5.247 Thread 0x000002721af33220 3694       1       nonapi.io.github.classgraph.recycler.Recycler::recycle (67 bytes)
Event: 5.247 Thread 0x000002721b7a6fa0 3695       1       java.lang.Module::isReflectivelyExportedOrOpen (182 bytes)
Event: 5.247 Thread 0x000002721a37b6d0 nmethod 3657 0x000002721061af90 code [0x000002721061b180, 0x000002721061b4e8]
Event: 5.248 Thread 0x000002721a37b6d0 3705   !   1       nonapi.io.github.classgraph.reflection.ReflectionUtils::invokeMethod (106 bytes)
Event: 5.248 Thread 0x000002721af33220 nmethod 3694 0x000002721061b790 code [0x000002721061b980, 0x000002721061bce8]
Event: 5.249 Thread 0x000002721af33220 3709       1       java.io.ByteArrayInputStream::close (1 bytes)
Event: 5.249 Thread 0x000002721af33220 nmethod 3709 0x000002721061be90 code [0x000002721061c020, 0x000002721061c0d8]
Event: 5.249 Thread 0x000002721af33220 3716       1       io.github.classgraph.Scanner$ClassfileScannerWorkUnitProcessor::processWorkUnit (11 bytes)
Event: 5.249 Thread 0x000002721af33220 nmethod 3716 0x000002721061c190 code [0x000002721061c320, 0x000002721061c428]
Event: 5.249 Thread 0x000002721af33220 3720   !   1       io.github.classgraph.Classfile::<init> (860 bytes)
Event: 5.250 Thread 0x000002721a37b6d0 nmethod 3705 0x000002721061c510 code [0x000002721061c7a0, 0x000002721061d1a8]
Event: 5.250 Thread 0x000002721a37b6d0 3721   !   1       io.github.classgraph.ClasspathElementModule$1::open (129 bytes)
Event: 5.250 Thread 0x000002721b7a6fa0 nmethod 3695 0x000002721061d790 code [0x000002721061da80, 0x000002721061e658]
Event: 5.250 Thread 0x000002721b7a6fa0 3722       1       io.github.classgraph.ModuleReaderProxy::open (72 bytes)

GC Heap History (20 events):
Event: 3.414 GC heap after
{Heap after GC invocations=7 (full 0):
 garbage-first heap   total 48128K, used 14466K [0x0000000083a00000, 0x0000000100000000)
  region size 1024K, 2 young (2048K), 2 survivors (2048K)
 Metaspace       used 28103K, committed 28352K, reserved 1081344K
  class space    used 3532K, committed 3648K, reserved 1048576K
}
Event: 3.986 GC heap before
{Heap before GC invocations=7 (full 0):
 garbage-first heap   total 48128K, used 32898K [0x0000000083a00000, 0x0000000100000000)
  region size 1024K, 20 young (20480K), 2 survivors (2048K)
 Metaspace       used 32147K, committed 32512K, reserved 1081344K
  class space    used 4068K, committed 4224K, reserved 1048576K
}
Event: 3.997 GC heap after
{Heap after GC invocations=8 (full 0):
 garbage-first heap   total 83968K, used 16119K [0x0000000083a00000, 0x0000000100000000)
  region size 1024K, 2 young (2048K), 2 survivors (2048K)
 Metaspace       used 32147K, committed 32512K, reserved 1081344K
  class space    used 4068K, committed 4224K, reserved 1048576K
}
Event: 4.246 GC heap before
{Heap before GC invocations=8 (full 0):
 garbage-first heap   total 83968K, used 58103K [0x0000000083a00000, 0x0000000100000000)
  region size 1024K, 44 young (45056K), 2 survivors (2048K)
 Metaspace       used 33232K, committed 33536K, reserved 1081344K
  class space    used 4219K, committed 4352K, reserved 1048576K
}
Event: 4.260 GC heap after
{Heap after GC invocations=9 (full 0):
 garbage-first heap   total 83968K, used 24415K [0x0000000083a00000, 0x0000000100000000)
  region size 1024K, 6 young (6144K), 6 survivors (6144K)
 Metaspace       used 33232K, committed 33536K, reserved 1081344K
  class space    used 4219K, committed 4352K, reserved 1048576K
}
Event: 4.404 GC heap before
{Heap before GC invocations=9 (full 0):
 garbage-first heap   total 83968K, used 55135K [0x0000000083a00000, 0x0000000100000000)
  region size 1024K, 36 young (36864K), 6 survivors (6144K)
 Metaspace       used 33838K, committed 34176K, reserved 1081344K
  class space    used 4313K, committed 4480K, reserved 1048576K
}
Event: 4.415 GC heap after
{Heap after GC invocations=10 (full 0):
 garbage-first heap   total 83968K, used 29508K [0x0000000083a00000, 0x0000000100000000)
  region size 1024K, 5 young (5120K), 5 survivors (5120K)
 Metaspace       used 33838K, committed 34176K, reserved 1081344K
  class space    used 4313K, committed 4480K, reserved 1048576K
}
Event: 4.490 GC heap before
{Heap before GC invocations=10 (full 0):
 garbage-first heap   total 83968K, used 58180K [0x0000000083a00000, 0x0000000100000000)
  region size 1024K, 33 young (33792K), 5 survivors (5120K)
 Metaspace       used 34139K, committed 34496K, reserved 1081344K
  class space    used 4350K, committed 4544K, reserved 1048576K
}
Event: 4.498 GC heap after
{Heap after GC invocations=11 (full 0):
 garbage-first heap   total 83968K, used 35840K [0x0000000083a00000, 0x0000000100000000)
  region size 1024K, 5 young (5120K), 5 survivors (5120K)
 Metaspace       used 34139K, committed 34496K, reserved 1081344K
  class space    used 4350K, committed 4544K, reserved 1048576K
}
Event: 4.557 GC heap before
{Heap before GC invocations=11 (full 0):
 garbage-first heap   total 83968K, used 60416K [0x0000000083a00000, 0x0000000100000000)
  region size 1024K, 29 young (29696K), 5 survivors (5120K)
 Metaspace       used 34342K, committed 34624K, reserved 1081344K
  class space    used 4384K, committed 4544K, reserved 1048576K
}
Event: 4.565 GC heap after
{Heap after GC invocations=12 (full 0):
 garbage-first heap   total 136192K, used 41984K [0x0000000083a00000, 0x0000000100000000)
  region size 1024K, 4 young (4096K), 4 survivors (4096K)
 Metaspace       used 34342K, committed 34624K, reserved 1081344K
  class space    used 4384K, committed 4544K, reserved 1048576K
}
Event: 4.955 GC heap before
{Heap before GC invocations=12 (full 0):
 garbage-first heap   total 136192K, used 77824K [0x0000000083a00000, 0x0000000100000000)
  region size 1024K, 40 young (40960K), 4 survivors (4096K)
 Metaspace       used 35805K, committed 36096K, reserved 1081344K
  class space    used 4646K, committed 4800K, reserved 1048576K
}
Event: 4.967 GC heap after
{Heap after GC invocations=13 (full 0):
 garbage-first heap   total 136192K, used 53248K [0x0000000083a00000, 0x0000000100000000)
  region size 1024K, 7 young (7168K), 7 survivors (7168K)
 Metaspace       used 35805K, committed 36096K, reserved 1081344K
  class space    used 4646K, committed 4800K, reserved 1048576K
}
Event: 5.083 GC heap before
{Heap before GC invocations=14 (full 0):
 garbage-first heap   total 136192K, used 93184K [0x0000000083a00000, 0x0000000100000000)
  region size 1024K, 47 young (48128K), 7 survivors (7168K)
 Metaspace       used 36246K, committed 36608K, reserved 1081344K
  class space    used 4729K, committed 4928K, reserved 1048576K
}
Event: 5.111 GC heap after
{Heap after GC invocations=15 (full 0):
 garbage-first heap   total 136192K, used 60577K [0x0000000083a00000, 0x0000000100000000)
  region size 1024K, 6 young (6144K), 6 survivors (6144K)
 Metaspace       used 36246K, committed 36608K, reserved 1081344K
  class space    used 4729K, committed 4928K, reserved 1048576K
}
Event: 5.141 GC heap before
{Heap before GC invocations=15 (full 0):
 garbage-first heap   total 136192K, used 95393K [0x0000000083a00000, 0x0000000100000000)
  region size 1024K, 41 young (41984K), 6 survivors (6144K)
 Metaspace       used 36275K, committed 36608K, reserved 1081344K
  class space    used 4730K, committed 4928K, reserved 1048576K
}
Event: 5.149 GC heap after
{Heap after GC invocations=16 (full 0):
 garbage-first heap   total 136192K, used 63464K [0x0000000083a00000, 0x0000000100000000)
  region size 1024K, 3 young (3072K), 3 survivors (3072K)
 Metaspace       used 36275K, committed 36608K, reserved 1081344K
  class space    used 4730K, committed 4928K, reserved 1048576K
}
Event: 5.194 GC heap before
{Heap before GC invocations=16 (full 0):
 garbage-first heap   total 136192K, used 98280K [0x0000000083a00000, 0x0000000100000000)
  region size 1024K, 38 young (38912K), 3 survivors (3072K)
 Metaspace       used 36287K, committed 36672K, reserved 1081344K
  class space    used 4732K, committed 4928K, reserved 1048576K
}
Event: 5.197 GC heap after
{Heap after GC invocations=17 (full 0):
 garbage-first heap   total 136192K, used 64333K [0x0000000083a00000, 0x0000000100000000)
  region size 1024K, 4 young (4096K), 4 survivors (4096K)
 Metaspace       used 36287K, committed 36672K, reserved 1081344K
  class space    used 4732K, committed 4928K, reserved 1048576K
}
Event: 5.257 GC heap before
{Heap before GC invocations=17 (full 0):
 garbage-first heap   total 136192K, used 101197K [0x0000000083a00000, 0x0000000100000000)
  region size 1024K, 41 young (41984K), 4 survivors (4096K)
 Metaspace       used 36294K, committed 36672K, reserved 1081344K
  class space    used 4734K, committed 4928K, reserved 1048576K
}

Deoptimization events (12 events):
Event: 2.213 Thread 0x000002720d0ca380 DEOPT PACKING pc=0x00000272102a5319 sp=0x00000094cfffd7c0
Event: 2.213 Thread 0x000002720d0ca380 DEOPT UNPACKING pc=0x000002720fda6763 sp=0x00000094cfffcca0 mode 3
Event: 3.952 Thread 0x000002720d0ca380 DEOPT PACKING pc=0x000002721041a099 sp=0x00000094cfffcba0
Event: 3.952 Thread 0x000002720d0ca380 DEOPT UNPACKING pc=0x000002720fda6763 sp=0x00000094cfffc080 mode 3
Event: 4.058 Thread 0x000002721c9cbd30 DEOPT PACKING pc=0x000002721046c7ab sp=0x00000094d1dfe410
Event: 4.058 Thread 0x000002721c9cbd30 DEOPT UNPACKING pc=0x000002720fda6763 sp=0x00000094d1dfd958 mode 3
Event: 4.275 Thread 0x000002721ce2ec50 DEOPT PACKING pc=0x00000272102a3d01 sp=0x00000094d2afece0
Event: 4.275 Thread 0x000002721ce2ec50 DEOPT UNPACKING pc=0x000002720fda6763 sp=0x00000094d2afe170 mode 3
Event: 4.695 Thread 0x000002721ce2e780 DEOPT PACKING pc=0x00000272105d5e35 sp=0x00000094d2ffd650
Event: 4.695 Thread 0x000002721ce2e780 DEOPT UNPACKING pc=0x000002720fda6763 sp=0x00000094d2ffcb68 mode 3
Event: 4.799 Thread 0x000002721ce2ec50 DEOPT PACKING pc=0x00000272102a0e17 sp=0x00000094d2afee10
Event: 4.799 Thread 0x000002721ce2ec50 DEOPT UNPACKING pc=0x000002720fda6763 sp=0x00000094d2afe268 mode 3

Classes unloaded (0 events):
No events

Classes redefined (0 events):
No events

Internal exceptions (20 events):
Event: 4.097 Thread 0x000002721cdaec80 Exception <a 'sun/nio/fs/WindowsException'{0x000000008a08aa90}> (0x000000008a08aa90) 
thrown [s\src\hotspot\share\prims\jni.cpp, line 516]
Event: 4.097 Thread 0x000002721cdaec80 Exception <a 'sun/nio/fs/WindowsException'{0x000000008a08ae48}> (0x000000008a08ae48) 
thrown [s\src\hotspot\share\prims\jni.cpp, line 516]
Event: 4.097 Thread 0x000002721cdaec80 Exception <a 'sun/nio/fs/WindowsException'{0x000000008a08b830}> (0x000000008a08b830) 
thrown [s\src\hotspot\share\prims\jni.cpp, line 516]
Event: 4.097 Thread 0x000002721cdaec80 Exception <a 'sun/nio/fs/WindowsException'{0x000000008a08bbd8}> (0x000000008a08bbd8) 
thrown [s\src\hotspot\share\prims\jni.cpp, line 516]
Event: 4.097 Thread 0x000002721cdaec80 Exception <a 'sun/nio/fs/WindowsException'{0x000000008a08c5d0}> (0x000000008a08c5d0) 
thrown [s\src\hotspot\share\prims\jni.cpp, line 516]
Event: 4.097 Thread 0x000002721cdaec80 Exception <a 'sun/nio/fs/WindowsException'{0x000000008a08c988}> (0x000000008a08c988) 
thrown [s\src\hotspot\share\prims\jni.cpp, line 516]
Event: 4.098 Thread 0x000002721cdaec80 Exception <a 'sun/nio/fs/WindowsException'{0x000000008a08d398}> (0x000000008a08d398) 
thrown [s\src\hotspot\share\prims\jni.cpp, line 516]
Event: 4.098 Thread 0x000002721cdaec80 Exception <a 'sun/nio/fs/WindowsException'{0x000000008a08d770}> (0x000000008a08d770) 
thrown [s\src\hotspot\share\prims\jni.cpp, line 516]
Event: 4.098 Thread 0x000002721cdaec80 Exception <a 'sun/nio/fs/WindowsException'{0x000000008a08e198}> (0x000000008a08e198) 
thrown [s\src\hotspot\share\prims\jni.cpp, line 516]
Event: 4.098 Thread 0x000002721cdaec80 Exception <a 'sun/nio/fs/WindowsException'{0x000000008a08e588}> (0x000000008a08e588) 
thrown [s\src\hotspot\share\prims\jni.cpp, line 516]
Event: 4.098 Thread 0x000002721cdaec80 Exception <a 'sun/nio/fs/WindowsException'{0x000000008a08efa8}> (0x000000008a08efa8) 
thrown [s\src\hotspot\share\prims\jni.cpp, line 516]
Event: 4.098 Thread 0x000002721cdaec80 Exception <a 'sun/nio/fs/WindowsException'{0x000000008a08f390}> (0x000000008a08f390) 
thrown [s\src\hotspot\share\prims\jni.cpp, line 516]
Event: 4.182 Thread 0x000002720d0ca380 Exception <a 'java/lang/NoSuchMethodError'{0x00000000883a0ca8}: 'java.lang.Object java.lang.invoke.DirectMethodHandle$Holder.newInvokeSpecial(java.lang.Object, java.lang.Object, int, java.lang.Object, java.lang.Object)'> (0x00000000883a0ca8) 
thrown [s\src\hotspot\share\interpreter\linkResolver.cpp, line 759]
Event: 4.185 Thread 0x000002720d0ca380 Exception <a 'java/lang/NoSuchMethodError'{0x0000000087388d08}: 'java.lang.Object java.lang.invoke.DirectMethodHandle$Holder.invokeSpecial(java.lang.Object, java.lang.Object, int, java.lang.Object, int, java.lang.Object)'> (0x0000000087388d08) 
thrown [s\src\hotspot\share\interpreter\linkResolver.cpp, line 759]
Event: 4.186 Thread 0x000002720d0ca380 Exception <a 'java/lang/NoSuchMethodError'{0x0000000087390b08}: 'java.lang.Object java.lang.invoke.DirectMethodHandle$Holder.newInvokeSpecial(java.lang.Object, java.lang.Object, int, java.lang.Object, int)'> (0x0000000087390b08) 
thrown [s\src\hotspot\share\interpreter\linkResolver.cpp, line 759]
Event: 4.187 Thread 0x000002720d0ca380 Exception <a 'java/lang/NoSuchMethodError'{0x0000000087394c08}: 'java.lang.Object java.lang.invoke.DirectMethodHandle$Holder.invokeSpecial(java.lang.Object, java.lang.Object, java.lang.Object, int, java.lang.Object, int)'> (0x0000000087394c08) 
thrown [s\src\hotspot\share\interpreter\linkResolver.cpp, line 759]
Event: 4.688 Thread 0x000002721ce2e2b0 Exception <a 'java/lang/NoSuchMethodError'{0x000000008af61050}: 'java.lang.Object java.lang.invoke.DirectMethodHandle$Holder.invokeStatic(java.lang.Object, java.lang.Object, java.lang.Object, int, java.lang.Object, java.lang.Object)'> (0x000000008af61050) 
thrown [s\src\hotspot\share\interpreter\linkResolver.cpp, line 759]
Event: 4.690 Thread 0x000002721ce2e780 Exception <a 'java/lang/NoSuchMethodError'{0x000000008af6ce90}: 'java.lang.Object java.lang.invoke.DirectMethodHandle$Holder.invokeStatic(java.lang.Object, int, java.lang.Object)'> (0x000000008af6ce90) 
thrown [s\src\hotspot\share\interpreter\linkResolver.cpp, line 759]
Event: 4.999 Thread 0x000002721e9ddb00 Exception <a 'java/lang/NoSuchMethodError'{0x000000008b9dc238}: 'int java.lang.invoke.DirectMethodHandle$Holder.invokeStatic(java.lang.Object)'> (0x000000008b9dc238) 
thrown [s\src\hotspot\share\interpreter\linkResolver.cpp, line 759]
Event: 5.000 Thread 0x000002721e9ddb00 Exception <a 'java/lang/NoSuchMethodError'{0x000000008b802a08}: 'int java.lang.invoke.DirectMethodHandle$Holder.invokeStaticInit(java.lang.Object)'> (0x000000008b802a08) 
thrown [s\src\hotspot\share\interpreter\linkResolver.cpp, line 759]

VM Operations (20 events):
Event: 4.967 Executing VM operation: CollectForMetadataAllocation done
Event: 5.005 Executing VM operation: HandshakeAllThreads
Event: 5.005 Executing VM operation: HandshakeAllThreads done
Event: 5.026 Executing VM operation: G1Concurrent
Event: 5.030 Executing VM operation: G1Concurrent done
Event: 5.056 Executing VM operation: G1Concurrent
Event: 5.056 Executing VM operation: G1Concurrent done
Event: 5.083 Executing VM operation: G1CollectForAllocation
Event: 5.113 Executing VM operation: G1CollectForAllocation done
Event: 5.135 Executing VM operation: G1CollectForAllocation
Event: 5.141 Executing VM operation: G1CollectForAllocation done
Event: 5.141 Executing VM operation: G1CollectForAllocation
Event: 5.149 Executing VM operation: G1CollectForAllocation done
Event: 5.183 Executing VM operation: G1CollectForAllocation
Event: 5.194 Executing VM operation: G1CollectForAllocation done
Event: 5.194 Executing VM operation: G1CollectForAllocation
Event: 5.197 Executing VM operation: G1CollectForAllocation done
Event: 5.243 Executing VM operation: G1CollectForAllocation
Event: 5.251 Executing VM operation: G1CollectForAllocation done
Event: 5.252 Executing VM operation: G1CollectForAllocation

Events (20 events):
Event: 4.763 loading class java/util/concurrent/ConcurrentHashMap$ValueSpliterator done
Event: 4.801 loading class java/util/concurrent/CompletableFuture$UniCompose
Event: 4.801 loading class java/util/concurrent/CompletableFuture$UniCompose done
Event: 4.802 Thread 0x000002721e9dbe20 Thread added: 0x000002721e9dbe20
Event: 4.802 loading class java/util/concurrent/CompletableFuture$UniExceptionally
Event: 4.802 loading class java/util/concurrent/CompletableFuture$UniExceptionally done
Event: 4.802 loading class java/util/concurrent/CompletableFuture$UniApply
Event: 4.802 loading class java/util/concurrent/CompletableFuture$UniApply done
Event: 4.809 Thread 0x000002721e9dd630 Thread added: 0x000002721e9dd630
Event: 4.809 loading class java/util/concurrent/CompletableFuture$UniRelay
Event: 4.809 loading class java/util/concurrent/CompletableFuture$UniRelay done
Event: 4.859 Thread 0x000002721e9ddb00 Thread added: 0x000002721e9ddb00
Event: 5.012 Thread 0x000002721e9d92d0 Thread added: 0x000002721e9d92d0
Event: 5.034 Thread 0x000002721e9d7f90 Thread added: 0x000002721e9d7f90
Event: 5.041 loading class java/util/concurrent/CompletableFuture$Signaller
Event: 5.041 loading class java/util/concurrent/CompletableFuture$Signaller done
Event: 5.043 loading class jdk/internal/vm/annotation/ForceInline
Event: 5.043 loading class jdk/internal/vm/annotation/ForceInline done
Event: 5.067 loading class java/util/stream/Nodes$SpinedNodeBuilder
Event: 5.068 loading class java/util/stream/Nodes$SpinedNodeBuilder done


Dynamic libraries:
0x00007ff65e870000 - 0x00007ff65e87e000 	c:\Users\DELL\.vscode\extensions\redhat.java-1.11.0-win32-x64\jre\17.0.4.1-win32-x86_64\bin\java.exe
0x00007ffc78fb0000 - 0x00007ffc791a8000 	C:\WINDOWS\SYSTEM32\ntdll.dll
0x00007ffc78aa0000 - 0x00007ffc78b5d000 	C:\WINDOWS\System32\KERNEL32.DLL
0x00007ffc76750000 - 0x00007ffc76a22000 	C:\WINDOWS\System32\KERNELBASE.dll
0x00007ffc73bb0000 - 0x00007ffc73c41000 	C:\WINDOWS\SYSTEM32\apphelp.dll
0x00007ffc76a30000 - 0x00007ffc76b30000 	C:\WINDOWS\System32\ucrtbase.dll
0x00007ffc692d0000 - 0x00007ffc692e8000 	c:\Users\DELL\.vscode\extensions\redhat.java-1.11.0-win32-x64\jre\17.0.4.1-win32-x86_64\bin\jli.dll
0x00007ffc78250000 - 0x00007ffc783ed000 	C:\WINDOWS\System32\USER32.dll
0x00007ffc76bd0000 - 0x00007ffc76bf2000 	C:\WINDOWS\System32\win32u.dll
0x00007ffc78bc0000 - 0x00007ffc78beb000 	C:\WINDOWS\System32\GDI32.dll
0x00007ffc76f00000 - 0x00007ffc7700f000 	C:\WINDOWS\System32\gdi32full.dll
0x00007ffc76b30000 - 0x00007ffc76bcd000 	C:\WINDOWS\System32\msvcp_win.dll
0x00007ffc6f070000 - 0x00007ffc6f089000 	c:\Users\DELL\.vscode\extensions\redhat.java-1.11.0-win32-x64\jre\17.0.4.1-win32-x86_64\bin\VCRUNTIME140.dll
0x00007ffc64b90000 - 0x00007ffc64e2a000 	C:\WINDOWS\WinSxS\amd64_microsoft.windows.common-controls_6595b64144ccf1df_6.0.19041.1110_none_60b5254171f9507e\COMCTL32.dll
0x00007ffc783f0000 - 0x00007ffc7848e000 	C:\WINDOWS\System32\msvcrt.dll
0x00007ffc78210000 - 0x00007ffc78240000 	C:\WINDOWS\System32\IMM32.DLL
0x00007ffc70b90000 - 0x00007ffc70b9c000 	c:\Users\DELL\.vscode\extensions\redhat.java-1.11.0-win32-x64\jre\17.0.4.1-win32-x86_64\bin\vcruntime140_1.dll
0x00007ffc1fe60000 - 0x00007ffc1fef1000 	c:\Users\DELL\.vscode\extensions\redhat.java-1.11.0-win32-x64\jre\17.0.4.1-win32-x86_64\bin\msvcp140.dll
0x00007ffbf4ea0000 - 0x00007ffbf5ae6000 	c:\Users\DELL\.vscode\extensions\redhat.java-1.11.0-win32-x64\jre\17.0.4.1-win32-x86_64\bin\server\jvm.dll
0x00007ffc77e90000 - 0x00007ffc77f3e000 	C:\WINDOWS\System32\ADVAPI32.dll
0x00007ffc78c80000 - 0x00007ffc78d1c000 	C:\WINDOWS\System32\sechost.dll
0x00007ffc78e40000 - 0x00007ffc78f65000 	C:\WINDOWS\System32\RPCRT4.dll
0x00007ffc78e30000 - 0x00007ffc78e38000 	C:\WINDOWS\System32\PSAPI.DLL
0x00007ffc70e70000 - 0x00007ffc70e7a000 	C:\WINDOWS\SYSTEM32\VERSION.dll
0x00007ffc6f560000 - 0x00007ffc6f569000 	C:\WINDOWS\SYSTEM32\WSOCK32.dll
0x00007ffc643e0000 - 0x00007ffc64407000 	C:\WINDOWS\SYSTEM32\WINMM.dll
0x00007ffc77ff0000 - 0x00007ffc7805b000 	C:\WINDOWS\System32\WS2_32.dll
0x00007ffc74ed0000 - 0x00007ffc74ee2000 	C:\WINDOWS\SYSTEM32\kernel.appcore.dll
0x00007ffc708b0000 - 0x00007ffc708ba000 	c:\Users\DELL\.vscode\extensions\redhat.java-1.11.0-win32-x64\jre\17.0.4.1-win32-x86_64\bin\jimage.dll
0x00007ffc74440000 - 0x00007ffc74624000 	C:\WINDOWS\SYSTEM32\DBGHELP.DLL
0x00007ffc703b0000 - 0x00007ffc703dc000 	C:\WINDOWS\SYSTEM32\dbgcore.DLL
0x00007ffc766c0000 - 0x00007ffc76742000 	C:\WINDOWS\System32\bcryptPrimitives.dll
0x00007ffc4b960000 - 0x00007ffc4b985000 	c:\Users\DELL\.vscode\extensions\redhat.java-1.11.0-win32-x64\jre\17.0.4.1-win32-x86_64\bin\java.dll
0x00007ffc49900000 - 0x00007ffc49918000 	c:\Users\DELL\.vscode\extensions\redhat.java-1.11.0-win32-x64\jre\17.0.4.1-win32-x86_64\bin\zip.dll
0x00007ffc77550000 - 0x00007ffc77c93000 	C:\WINDOWS\System32\SHELL32.dll
0x00007ffc74720000 - 0x00007ffc74eb1000 	C:\WINDOWS\SYSTEM32\windows.storage.dll
0x00007ffc78610000 - 0x00007ffc78964000 	C:\WINDOWS\System32\combase.dll
0x00007ffc76020000 - 0x00007ffc76050000 	C:\WINDOWS\SYSTEM32\Wldp.dll
0x00007ffc77ca0000 - 0x00007ffc77d4d000 	C:\WINDOWS\System32\SHCORE.dll
0x00007ffc77d50000 - 0x00007ffc77da5000 	C:\WINDOWS\System32\shlwapi.dll
0x00007ffc76600000 - 0x00007ffc7661f000 	C:\WINDOWS\SYSTEM32\profapi.dll
0x00007ffc497e0000 - 0x00007ffc497f9000 	C:\Users\DELL\.vscode\extensions\redhat.java-1.11.0-win32-x64\jre\17.0.4.1-win32-x86_64\bin\net.dll
0x00007ffc6cbc0000 - 0x00007ffc6cccd000 	C:\WINDOWS\SYSTEM32\WINHTTP.dll
0x00007ffc75d50000 - 0x00007ffc75dba000 	C:\WINDOWS\system32\mswsock.dll
0x00007ffc495e0000 - 0x00007ffc495f5000 	C:\Users\DELL\.vscode\extensions\redhat.java-1.11.0-win32-x64\jre\17.0.4.1-win32-x86_64\bin\nio.dll
0x00007ffc6fb40000 - 0x00007ffc6fb50000 	c:\Users\DELL\.vscode\extensions\redhat.java-1.11.0-win32-x64\jre\17.0.4.1-win32-x86_64\bin\verify.dll
0x00007ffc70bb0000 - 0x00007ffc70bb9000 	C:\Users\DELL\.vscode\extensions\redhat.java-1.11.0-win32-x64\jre\17.0.4.1-win32-x86_64\bin\management.dll
0x00007ffc708d0000 - 0x00007ffc708db000 	C:\Users\DELL\.vscode\extensions\redhat.java-1.11.0-win32-x64\jre\17.0.4.1-win32-x86_64\bin\management_ext.dll
0x00007ffc49be0000 - 0x00007ffc49bf7000 	C:\WINDOWS\system32\napinsp.dll
0x00007ffc49bc0000 - 0x00007ffc49bdb000 	C:\WINDOWS\system32\pnrpnsp.dll
0x00007ffc49ba0000 - 0x00007ffc49bb5000 	C:\WINDOWS\system32\wshbth.dll
0x00007ffc70aa0000 - 0x00007ffc70abd000 	C:\WINDOWS\system32\NLAapi.dll
0x00007ffc75a50000 - 0x00007ffc75a8b000 	C:\WINDOWS\SYSTEM32\IPHLPAPI.DLL
0x00007ffc75a90000 - 0x00007ffc75b5a000 	C:\WINDOWS\SYSTEM32\DNSAPI.dll
0x00007ffc77fe0000 - 0x00007ffc77fe8000 	C:\WINDOWS\System32\NSI.dll
0x00007ffc49b80000 - 0x00007ffc49b92000 	C:\WINDOWS\System32\winrnr.dll
0x00007ffc6cd00000 - 0x00007ffc6cd0a000 	C:\Windows\System32\rasadhlp.dll
0x00007ffc6d8b0000 - 0x00007ffc6d930000 	C:\WINDOWS\System32\fwpuclnt.dll
0x00007ffc76dd0000 - 0x00007ffc76df7000 	C:\WINDOWS\System32\bcrypt.dll
0x00007ffc75ef0000 - 0x00007ffc75f08000 	C:\WINDOWS\SYSTEM32\CRYPTSP.dll
0x00007ffc75680000 - 0x00007ffc756b4000 	C:\WINDOWS\system32\rsaenh.dll
0x00007ffc76580000 - 0x00007ffc765ae000 	C:\WINDOWS\SYSTEM32\USERENV.dll
0x00007ffc75ee0000 - 0x00007ffc75eec000 	C:\WINDOWS\SYSTEM32\CRYPTBASE.dll
0x00007ffc6f7a0000 - 0x00007ffc6f7b7000 	C:\WINDOWS\SYSTEM32\dhcpcsvc6.DLL
0x00007ffc70e90000 - 0x00007ffc70ead000 	C:\WINDOWS\SYSTEM32\dhcpcsvc.DLL

dbghelp: loaded successfully - version: 4.0.5 - missing functions: none
symbol engine: initialized successfully - sym options: 0x614 - pdb path: .;c:\Users\DELL\.vscode\extensions\redhat.java-1.11.0-win32-x64\jre\17.0.4.1-win32-x86_64\bin;C:\WINDOWS\SYSTEM32;C:\WINDOWS\WinSxS\amd64_microsoft.windows.common-controls_6595b64144ccf1df_6.0.19041.1110_none_60b5254171f9507e;c:\Users\DELL\.vscode\extensions\redhat.java-1.11.0-win32-x64\jre\17.0.4.1-win32-x86_64\bin\server

VM Arguments:
jvm_args: -Dsts.lsp.client=vscode -Dsts.log.file=/dev/null -XX:TieredStopAtLevel=1 -Xlog:jni+resolve=off -Dspring.config.location=file:c:\Users\DELL\.vscode\extensions\pivotal.vscode-spring-boot-1.39.0\language-server\BOOT-INF\classes\application.properties 
java_command: org.springframework.ide.vscode.boot.app.BootLanguageServerBootApp
java_class_path (initial): c:\Users\DELL\.vscode\extensions\pivotal.vscode-spring-boot-1.39.0\language-server\BOOT-INF\classes;c:\Users\DELL\.vscode\extensions\pivotal.vscode-spring-boot-1.39.0\language-server\BOOT-INF\lib\annotations-23.0.0.jar;c:\Users\DELL\.vscode\extensions\pivotal.vscode-spring-boot-1.39.0\language-server\BOOT-INF\lib\antlr-runtime-3.5.2.jar;c:\Users\DELL\.vscode\extensions\pivotal.vscode-spring-boot-1.39.0\language-server\BOOT-INF\lib\antlr4-4.9.3.jar;c:\Users\DELL\.vscode\extensions\pivotal.vscode-spring-boot-1.39.0\language-server\BOOT-INF\lib\antlr4-runtime-4.9.3.jar;c:\Users\DELL\.vscode\extensions\pivotal.vscode-spring-boot-1.39.0\language-server\BOOT-INF\lib\asm-9.3.jar;c:\Users\DELL\.vscode\extensions\pivotal.vscode-spring-boot-1.39.0\language-server\BOOT-INF\lib\asm-analysis-9.3.jar;c:\Users\DELL\.vscode\extensions\pivotal.vscode-spring-boot-1.39.0\language-server\BOOT-INF\lib\asm-tree-9.3.jar;c:\Users\DELL\.vscode\extensions\pivotal.vscode-spring-boot-1.39.0\language-server\BOOT-INF\lib\asm-util-9.3.jar;c:\Users\DELL\.vscode\extensions\pivotal.vscode-spring-boot-1.39.0\language-server\BOOT-INF\lib\byte-buddy-1.12.13.jar;c:\Users\DELL\.vscode\extensions\pivotal.vscode-spring-boot-1.39.0\language-server\BOOT-INF\lib\caffeine-2.9.3.jar;c:\Users\DELL\.vscode\extensions\pivotal.vscode-spring-boot-1.39.0\language-server\BOOT-INF\lib\checker-qual-3.12.0.jar;c:\Users\DELL\.vscode\extensions\pivotal.vscode-spring-boot-1.39.0\language-server\BOOT-INF\lib\classgraph-4.8.149.jar;c:\Users\DELL\.vscode\extensions\pivotal.vscode-spring-boot-1.39.0\language-server\BOOT-INF\lib\commons-codec-1.15.jar;c:\Users\DELL\.vscode\extensions\pivotal.vscode-spring-boot-1.39.0\language-server\BOOT-INF\lib\commons-compress-1.21.jar;c:\Users\DELL\.vscode\extensions\pivotal.vscode-spring-boot-1.39.0\language-server\BOOT-INF\lib\commons-exec-1.3.jar;c:\Users\DELL\.vscode\extensions\pivotal.vscode-spring-boot-1.39.0\language-server\BOOT-INF\lib\commons-io-2.4.jar;c
Launcher Type: SUN_STANDARD

[Global flags]
     intx CICompilerCount                          = 4                                         {product} {ergonomic}
     uint ConcGCThreads                            = 2                                         {product} {ergonomic}
     uint G1ConcRefinementThreads                  = 8                                         {product} {ergonomic}
   size_t G1HeapRegionSize                         = 1048576                                   {product} {ergonomic}
    uintx GCDrainStackTargetSize                   = 64                                        {product} {ergonomic}
   size_t InitialHeapSize                          = 132120576                                 {product} {ergonomic}
   size_t MarkStackSize                            = 4194304                                   {product} {ergonomic}
   size_t MaxHeapSize                              = 2086666240                                {product} {ergonomic}
   size_t MaxNewSize                               = 1251999744                                {product} {ergonomic}
   size_t MinHeapDeltaBytes                        = 1048576                                   {product} {ergonomic}
   size_t MinHeapSize                              = 8388608                                   {product} {ergonomic}
    uintx NonProfiledCodeHeapSize                  = 0                                      {pd product} {ergonomic}
     bool ProfileInterpreter                       = false                                  {pd product} {command line}
    uintx ProfiledCodeHeapSize                     = 0                                      {pd product} {ergonomic}
   size_t SoftMaxHeapSize                          = 2086666240                             {manageable} {ergonomic}
     intx TieredStopAtLevel                        = 1                                         {product} {command line}
     bool UseCompressedClassPointers               = true                           {product lp64_product} {ergonomic}
     bool UseCompressedOops                        = true                           {product lp64_product} {ergonomic}
     bool UseG1GC                                  = true                                      {product} {ergonomic}
     bool UseLargePagesIndividualAllocation        = false                                  {pd product} {ergonomic}

Logging:
Log output configuration:
 #0: stdout all=warning,jni+resolve=off uptime,level,tags
 #1: stderr all=off uptime,level,tags

Environment Variables:
JAVA_HOME=C:\Program Files\Java\jdk-18.0.1.1
PATH=C:\Program Files\apache-maven-3.8.5-bin\apache-maven-3.8.5\bin;C:\Python39\Scripts\;C:\Python39\;C:\Apache24\bin;C:\WINDOWS;C:\WINDOWS\System32\Wbem;C:\WINDOWS\System32\WindowsPowerShell\v1.0\;C:\WINDOWS\System32\OpenSSH\;C:\Program Files (x86)\mingw-w64\i686-8.1.0-posix-dwarf-rt_v6-rev0\mingw32\bin;C:\Program Files\Microsoft SQL Server\Client SDK\ODBC\170\Tools\Binn\;C:\Program Files (x86)\Microsoft SQL Server\150\Tools\Binn\;C:\Program Files\Microsoft SQL Server\150\Tools\Binn\;C:\Program Files\Microsoft SQL Server\150\DTS\Binn\;C:\ProgramData\chocolatey\bin;C:\Program Files\Git\cmd;C:\Windows\System32;C:\wamp64\bin\php\php7.3.21;C:\composer;C:\WINDOWS\system32;C:\Program Files\Microsoft SQL Server\130\Tools\Binn\;C:\Program Files (x86)\Microsoft SQL Server\150\DTS\Binn\;C:\Program Files\Azure Data Studio\bin;C:\Program Files\dotnet\;C:\SDL\SDL2-2.0.20\lib\x64;C:\SDL\SDL2_image-2.0.5\lib\x64;C:\Program Files\nodejs\;C:\Program Files\Java\jdk-18.0.1.1\bin;C:\Program Files\gradle-7.5-all\gradle-7.5\bin;C:\Users\DELL\AppData\Local\Microsoft\WindowsApps;C:\Program Files\JetBrains\PhpStorm 2020.3.1\bin;;C:\Users\DELL\AppData\Roaming\Composer\vendor\bin;C:\Users\DELL\AppData\Local\Microsoft\WindowsApps;C:\Program Files\Azure Data Studio\bin;C:\Users\DELL\AppData\Local\Programs\Microsoft VS Code\bin;C:\Users\DELL\AppData\Roaming\npm;C:\Program Files\heroku\bin
USERNAME=DELL
OS=Windows_NT
PROCESSOR_IDENTIFIER=Intel64 Family 6 Model 126 Stepping 5, GenuineIntel
TMP=C:\Users\DELL\AppData\Local\Temp
TEMP=C:\Users\DELL\AppData\Local\Temp



---------------  S Y S T E M  ---------------

OS:
 Windows 10 , 64 bit Build 19041 (10.0.19041.1889)
OS uptime: 7 days 14:40 hours
Hyper-V role detected

CPU: total 8 (initial active 8) (4 cores per cpu, 2 threads per core) family 6 model 126 stepping 5 microcode 0xb2, cx8, cmov, fxsr, ht, mmx, 3dnowpref, sse, sse2, sse3, ssse3, sse4.1, sse4.2, popcnt, lzcnt, tsc, tscinvbit, avx, avx2, aes, erms, clmul, bmi1, bmi2, adx, avx512f, avx512dq, avx512cd, avx512bw, avx512vl, sha, fma, vzeroupper, avx512_vpopcntdq, avx512_vpclmulqdq, avx512_vaes, avx512_vnni, clflush, clflushopt, avx512_vbmi2, avx512_vbmi, hv

Memory: 4k page, system-wide physical 7959M (380M free)
TotalPageFile size 23396M (AvailPageFile size 193M)
current process WorkingSet (physical memory assigned to process): 233M, peak: 233M
current process commit charge ("private bytes"): 273M, peak: 489M

vm_info: OpenJDK 64-Bit Server VM (17.0.4.1+1) for windows-amd64 JRE (17.0.4.1+1), built on Aug 17 2022 07:42:43 by "temurin" with MS VC++ 16.7 (VS2019)

END.
