#
# There is insufficient memory for the Java Runtime Environment to continue.
# Native memory allocation (mmap) failed to map 349175808 bytes for G1 virtual space
# Possible reasons:
#   The system is out of physical RAM or swap space
#   The process is running with CompressedOops enabled, and the Java Heap may be blocking the growth of the native heap
# Possible solutions:
#   Reduce memory load on the system
#   Increase physical memory or swap space
#   Check if swap backing store is full
#   Decrease Java heap size (-Xmx/-Xms)
#   Decrease number of Java threads
#   Decrease Java thread stack sizes (-Xss)
#   Set larger code cache with -XX:ReservedCodeCacheSize=
#   JVM is running with Unscaled Compressed Oops mode in which the Java heap is
#     placed in the first 4GB address space. The Java Heap base address is the
#     maximum limit for the native heap growth. Please use -XX:HeapBaseMinAddress
#     to set the Java Heap base and to place the Java Heap above 4GB virtual address.
# This output file may be truncated or incomplete.
#
#  Out of Memory Error (os_windows.cpp:3541), pid=23224, tid=17128
#
# JRE version: OpenJDK Runtime Environment Temurin-17.0.4.1+1 (17.0.4.1+1) (build 17.0.4.1+1)
# Java VM: OpenJDK 64-Bit Server VM Temurin-17.0.4.1+1 (17.0.4.1+1, mixed mode, emulated-client, tiered, compressed oops, compressed class ptrs, g1 gc, windows-amd64)
# No core dump will be written. Minidumps are not enabled by default on client versions of Windows
#

---------------  S U M M A R Y ------------

Command Line: -Dsts.lsp.client=vscode -Dsts.log.file=/dev/null -XX:TieredStopAtLevel=1 -Xlog:jni+resolve=off -Dspring.config.location=file:c:\Users\DELL\.vscode\extensions\pivotal.vscode-spring-boot-1.39.0\language-server\BOOT-INF\classes\application.properties org.springframework.ide.vscode.boot.app.BootLanguageServerBootApp

Host: Intel(R) Core(TM) i5-1035G1 CPU @ 1.00GHz, 8 cores, 7G,  Windows 10 , 64 bit Build 19041 (10.0.19041.1889)
Time: Thu Oct 20 13:36:58 2022 SE Asia Standard Time elapsed time: 19.381077 seconds (0d 0h 0m 19s)

---------------  T H R E A D  ---------------

Current thread (0x0000024671b68250):  VMThread "VM Thread" [stack: 0x000000a6b2100000,0x000000a6b2200000] [id=17128]

Stack: [0x000000a6b2100000,0x000000a6b2200000]
Native frames: (J=compiled Java code, j=interpreted, Vv=VM code, C=native code)
V  [jvm.dll+0x67731a]
V  [jvm.dll+0x832284]
V  [jvm.dll+0x833a2e]
V  [jvm.dll+0x834093]
V  [jvm.dll+0x245775]
V  [jvm.dll+0x674209]
V  [jvm.dll+0x668a92]
V  [jvm.dll+0x30471b]
V  [jvm.dll+0x30bc66]
V  [jvm.dll+0x35ba9e]
V  [jvm.dll+0x35bccf]
V  [jvm.dll+0x2db5b8]
V  [jvm.dll+0x2d986c]
V  [jvm.dll+0x2d8e3c]
V  [jvm.dll+0x31cd9b]
V  [jvm.dll+0x83853b]
V  [jvm.dll+0x839274]
V  [jvm.dll+0x83978c]
V  [jvm.dll+0x839b64]
V  [jvm.dll+0x839c30]
V  [jvm.dll+0x7e240a]
V  [jvm.dll+0x6761a5]
C  [ucrtbase.dll+0x21bb2]
C  [KERNEL32.DLL+0x17034]
C  [ntdll.dll+0x526a1]

VM_Operation (0x000000a6b3bfdee0): G1CollectForAllocation, mode: safepoint, requested by thread 0x0000024672b5e8d0


---------------  P R O C E S S  ---------------

Threads class SMR info:
_java_thread_list=0x0000024672b55450, length=44, elements={
0x0000024672415390, 0x0000024672415f40, 0x0000024671b7dd10, 0x0000024671b7e5d0,
0x0000024672449010, 0x000002467244c8f0, 0x0000024672450d70, 0x0000024672451670,
0x00000246726600d0, 0x0000024672668df0, 0x0000024672617490, 0x00000246725007b0,
0x00000246742a0810, 0x000002467430f770, 0x0000024672b5e400, 0x00000246740d1670,
0x0000024672b5e8d0, 0x00000246740e2680, 0x00000246740e2b50, 0x00000246743e3020,
0x00000246741064f0, 0x0000024674104340, 0x0000024674104810, 0x00000246741051b0,
0x0000024674104ce0, 0x0000024674105680, 0x0000024674106e90, 0x0000024674105b50,
0x0000024674106020, 0x00000246741034d0, 0x00000246741039a0, 0x0000024674103e70,
0x00000246741069c0, 0x00000246764719f0, 0x0000024676472d30, 0x000002467646ccf0,
0x0000024676472390, 0x000002467646db60, 0x0000024676471ec0, 0x000002467646d1c0,
0x000002467646d690, 0x000002467646fd10, 0x000002467646e030, 0x000002467646e500
}

Java Threads: ( => current thread )
  0x0000024672415390 JavaThread "Reference Handler" daemon [_thread_blocked, id=15192, stack(0x000000a6b2200000,0x000000a6b2300000)]
  0x0000024672415f40 JavaThread "Finalizer" daemon [_thread_blocked, id=18552, stack(0x000000a6b2300000,0x000000a6b2400000)]
  0x0000024671b7dd10 JavaThread "Signal Dispatcher" daemon [_thread_blocked, id=21684, stack(0x000000a6b2400000,0x000000a6b2500000)]
  0x0000024671b7e5d0 JavaThread "Attach Listener" daemon [_thread_blocked, id=10968, stack(0x000000a6b2500000,0x000000a6b2600000)]
  0x0000024672449010 JavaThread "Service Thread" daemon [_thread_blocked, id=17272, stack(0x000000a6b2600000,0x000000a6b2700000)]
  0x000002467244c8f0 JavaThread "Monitor Deflation Thread" daemon [_thread_blocked, id=4536, stack(0x000000a6b2700000,0x000000a6b2800000)]
  0x0000024672450d70 JavaThread "C1 CompilerThread0" daemon [_thread_blocked, id=24484, stack(0x000000a6b2800000,0x000000a6b2900000)]
  0x0000024672451670 JavaThread "Sweeper thread" daemon [_thread_blocked, id=19920, stack(0x000000a6b2900000,0x000000a6b2a00000)]
  0x00000246726600d0 JavaThread "Notification Thread" daemon [_thread_blocked, id=13280, stack(0x000000a6b2b00000,0x000000a6b2c00000)]
  0x0000024672668df0 JavaThread "Common-Cleaner" daemon [_thread_blocked, id=27052, stack(0x000000a6b2d00000,0x000000a6b2e00000)]
  0x0000024672617490 JavaThread "C1 CompilerThread1" daemon [_thread_blocked, id=25944, stack(0x000000a6b2a00000,0x000000a6b2b00000)]
  0x00000246725007b0 JavaThread "C1 CompilerThread2" daemon [_thread_blocked, id=17448, stack(0x000000a6b2e00000,0x000000a6b2f00000)]
  0x00000246742a0810 JavaThread "C1 CompilerThread3" daemon [_thread_blocked, id=8716, stack(0x000000a6b3400000,0x000000a6b3500000)]
  0x000002467430f770 JavaThread "boundedElastic-evictor-1" daemon [_thread_blocked, id=6872, stack(0x000000a6b3800000,0x000000a6b3900000)]
  0x0000024672b5e400 JavaThread "ForkJoinPool.commonPool-worker-1" daemon [_thread_blocked, id=2128, stack(0x000000a6b3900000,0x000000a6b3a00000)]
  0x00000246740d1670 JavaThread "ClassGraph-worker-0" daemon [_thread_blocked, id=15256, stack(0x000000a6b3a00000,0x000000a6b3b00000)]
  0x0000024672b5e8d0 JavaThread "ClassGraph-worker-1" daemon [_thread_blocked, id=11384, stack(0x000000a6b3b00000,0x000000a6b3c00000)]
  0x00000246740e2680 JavaThread "ClassGraph-worker-2" daemon [_thread_blocked, id=3680, stack(0x000000a6b3c00000,0x000000a6b3d00000)]
  0x00000246740e2b50 JavaThread "ClassGraph-worker-3" daemon [_thread_blocked, id=24320, stack(0x000000a6b3d00000,0x000000a6b3e00000)]
  0x00000246743e3020 JavaThread "ClassGraph-worker-4" daemon [_thread_blocked, id=25144, stack(0x000000a6b3e00000,0x000000a6b3f00000)]
  0x00000246741064f0 JavaThread "ClassGraph-worker-5" daemon [_thread_blocked, id=8940, stack(0x000000a6b3f00000,0x000000a6b4000000)]
  0x0000024674104340 JavaThread "ClassGraph-worker-6" daemon [_thread_blocked, id=18252, stack(0x000000a6b4000000,0x000000a6b4100000)]
  0x0000024674104810 JavaThread "ClassGraph-worker-7" daemon [_thread_blocked, id=26796, stack(0x000000a6b4100000,0x000000a6b4200000)]
  0x00000246741051b0 JavaThread "ClassGraph-worker-8" daemon [_thread_blocked, id=16448, stack(0x000000a6b4200000,0x000000a6b4300000)]
  0x0000024674104ce0 JavaThread "ClassGraph-worker-9" daemon [_thread_blocked, id=2304, stack(0x000000a6b4300000,0x000000a6b4400000)]
  0x0000024674105680 JavaThread "ClassGraph-worker-10" daemon [_thread_blocked, id=12624, stack(0x000000a6b4400000,0x000000a6b4500000)]
  0x0000024674106e90 JavaThread "ClassGraph-worker-11" daemon [_thread_blocked, id=8132, stack(0x000000a6b4500000,0x000000a6b4600000)]
  0x0000024674105b50 JavaThread "ClassGraph-worker-12" daemon [_thread_blocked, id=20620, stack(0x000000a6b4600000,0x000000a6b4700000)]
  0x0000024674106020 JavaThread "ClassGraph-worker-13" daemon [_thread_blocked, id=26384, stack(0x000000a6b4700000,0x000000a6b4800000)]
  0x00000246741034d0 JavaThread "pool-9-thread-1" [_thread_blocked, id=21508, stack(0x000000a6b4800000,0x000000a6b4900000)]
  0x00000246741039a0 JavaThread "LanguageServerApp-lifecycle" [_thread_blocked, id=22632, stack(0x000000a6b4900000,0x000000a6b4a00000)]
  0x0000024674103e70 JavaThread "DestroyJavaVM" [_thread_blocked, id=24952, stack(0x000000a6b1b00000,0x000000a6b1c00000)]
  0x00000246741069c0 JavaThread "pool-10-thread-1" [_thread_in_native, id=12952, stack(0x000000a6b4a00000,0x000000a6b4b00000)]
  0x00000246764719f0 JavaThread "Simple-Language-Server main thread" daemon [_thread_blocked, id=13452, stack(0x000000a6b5000000,0x000000a6b5100000)]
  0x0000024676472d30 JavaThread "pool-7-thread-1" [_thread_blocked, id=17020, stack(0x000000a6b5100000,0x000000a6b5200000)]
  0x000002467646ccf0 JavaThread "parallel-1" daemon [_thread_blocked, id=27328, stack(0x000000a6b5200000,0x000000a6b5300000)]
  0x0000024676472390 JavaThread "parallel-2" daemon [_thread_blocked, id=18164, stack(0x000000a6b5300000,0x000000a6b5400000)]
  0x000002467646db60 JavaThread "parallel-3" daemon [_thread_blocked, id=10484, stack(0x000000a6b5400000,0x000000a6b5500000)]
  0x0000024676471ec0 JavaThread "parallel-4" daemon [_thread_blocked, id=1720, stack(0x000000a6b5500000,0x000000a6b5600000)]
  0x000002467646d1c0 JavaThread "ForkJoinPool.commonPool-worker-2" daemon [_thread_blocked, id=25932, stack(0x000000a6b5600000,0x000000a6b5700000)]
  0x000002467646d690 JavaThread "Reconciler-1" daemon [_thread_blocked, id=15480, stack(0x000000a6b5700000,0x000000a6b5800000)]
  0x000002467646fd10 JavaThread "pool-4-thread-1" [_thread_blocked, id=25516, stack(0x000000a6b5800000,0x000000a6b5900000)]
  0x000002467646e030 JavaThread "pool-4-thread-2" [_thread_blocked, id=24788, stack(0x000000a6b5900000,0x000000a6b5a00000)]
  0x000002467646e500 JavaThread "parallel-5" daemon [_thread_blocked, id=13492, stack(0x000000a6b5a00000,0x000000a6b5b00000)]

Other Threads:
=>0x0000024671b68250 VMThread "VM Thread" [stack: 0x000000a6b2100000,0x000000a6b2200000] [id=17128]
  0x00000246726605a0 WatcherThread [stack: 0x000000a6b2c00000,0x000000a6b2d00000] [id=17700]
  0x00000246649122d0 GCTaskThread "GC Thread#0" [stack: 0x000000a6b1c00000,0x000000a6b1d00000] [id=24504]
  0x00000246730c4760 GCTaskThread "GC Thread#1" [stack: 0x000000a6b2f00000,0x000000a6b3000000] [id=18884]
  0x00000246730c4a10 GCTaskThread "GC Thread#2" [stack: 0x000000a6b3000000,0x000000a6b3100000] [id=16832]
  0x00000246730b0e90 GCTaskThread "GC Thread#3" [stack: 0x000000a6b3100000,0x000000a6b3200000] [id=22052]
  0x00000246730da930 GCTaskThread "GC Thread#4" [stack: 0x000000a6b3200000,0x000000a6b3300000] [id=1536]
  0x00000246730daff0 GCTaskThread "GC Thread#5" [stack: 0x000000a6b3300000,0x000000a6b3400000] [id=26888]
  0x0000024673d665e0 GCTaskThread "GC Thread#6" [stack: 0x000000a6b3500000,0x000000a6b3600000] [id=10420]
  0x0000024673d65870 GCTaskThread "GC Thread#7" [stack: 0x000000a6b3600000,0x000000a6b3700000] [id=26948]
  0x0000024664922ad0 ConcurrentGCThread "G1 Main Marker" [stack: 0x000000a6b1d00000,0x000000a6b1e00000] [id=15620]
  0x0000024664923c80 ConcurrentGCThread "G1 Conc#0" [stack: 0x000000a6b1e00000,0x000000a6b1f00000] [id=440]
  0x0000024673d65b20 ConcurrentGCThread "G1 Conc#1" [stack: 0x000000a6b3700000,0x000000a6b3800000] [id=17804]
  0x000002466497da70 ConcurrentGCThread "G1 Refine#0" [stack: 0x000000a6b1f00000,0x000000a6b2000000] [id=16360]
  0x000002467646b610 ConcurrentGCThread "G1 Refine#1" [stack: 0x000000a6b4b00000,0x000000a6b4c00000] [id=6452]
  0x000002467646a930 ConcurrentGCThread "G1 Refine#2" [stack: 0x000000a6b4c00000,0x000000a6b4d00000] [id=14056]
  0x000002467646a650 ConcurrentGCThread "G1 Refine#3" [stack: 0x000000a6b4d00000,0x000000a6b4e00000] [id=13276]
  0x000002467646aef0 ConcurrentGCThread "G1 Refine#4" [stack: 0x000000a6b4e00000,0x000000a6b4f00000] [id=24816]
  0x000002467646b1d0 ConcurrentGCThread "G1 Refine#5" [stack: 0x000000a6b4f00000,0x000000a6b5000000] [id=25560]
  0x000002466497e490 ConcurrentGCThread "G1 Service" [stack: 0x000000a6b2000000,0x000000a6b2100000] [id=19436]

Threads with active compile tasks:

VM state: at safepoint (normal execution)

VM Mutex/Monitor currently owned by a thread:  ([mutex/lock_event])
[0x0000024662733f60] Threads_lock - owner thread: 0x0000024671b68250
[0x00000246648b40f0] Heap_lock - owner thread: 0x0000024672b5e8d0

Heap address: 0x0000000083a00000, size: 1990 MB, Compressed Oops mode: 32-bit

CDS archive(s) not mapped
Compressed class space mapped at: 0x0000000100000000-0x0000000140000000, reserved size: 1073741824
Narrow klass base: 0x0000000000000000, Narrow klass shift: 3, Narrow klass range: 0x140000000

GC Precious Log:
 CPUs: 8 total, 8 available
 Memory: 7959M
 Large Page Support: Disabled
 NUMA Support: Disabled
 Compressed Oops: Enabled (32-bit)
 Heap Region Size: 1M
 Heap Min Capacity: 8M
 Heap Initial Capacity: 126M
 Heap Max Capacity: 1990M
 Pre-touch: Disabled
 Parallel Workers: 8
 Concurrent Workers: 2
 Concurrent Refinement Workers: 8
 Periodic GC: Disabled

Heap:
 garbage-first heap   total 245760K, used 83720K [0x0000000083a00000, 0x0000000100000000)
  region size 1024K, 10 young (10240K), 10 survivors (10240K)
 Metaspace       used 36611K, committed 36928K, reserved 1081344K
  class space    used 4765K, committed 4928K, reserved 1048576K

Heap Regions: E=young(eden), S=young(survivor), O=old, HS=humongous(starts), HC=humongous(continues), CS=collection set, F=free, OA=open archive, CA=closed archive, TAMS=top-at-mark-start (previous, next)
|   0|0x0000000083a00000, 0x0000000083b00000, 0x0000000083b00000|100%| O|  |TAMS 0x0000000083b00000, 0x0000000083a00000| Untracked 
|   1|0x0000000083b00000, 0x0000000083c00000, 0x0000000083c00000|100%| O|  |TAMS 0x0000000083c00000, 0x0000000083b00000| Untracked 
|   2|0x0000000083c00000, 0x0000000083d00000, 0x0000000083d00000|100%| O|  |TAMS 0x0000000083d00000, 0x0000000083c00000| Untracked 
|   3|0x0000000083d00000, 0x0000000083e00000, 0x0000000083e00000|100%| O|  |TAMS 0x0000000083e00000, 0x0000000083d00000| Untracked 
|   4|0x0000000083e00000, 0x0000000083f00000, 0x0000000083f00000|100%| O|  |TAMS 0x0000000083f00000, 0x0000000083e00000| Untracked 
|   5|0x0000000083f00000, 0x0000000084000000, 0x0000000084000000|100%| O|  |TAMS 0x0000000084000000, 0x0000000083f00000| Untracked 
|   6|0x0000000084000000, 0x0000000084100000, 0x0000000084100000|100%| O|  |TAMS 0x0000000084100000, 0x0000000084000000| Untracked 
|   7|0x0000000084100000, 0x0000000084200000, 0x0000000084200000|100%| O|  |TAMS 0x0000000084200000, 0x0000000084100000| Untracked 
|   8|0x0000000084200000, 0x0000000084300000, 0x0000000084300000|100%| O|  |TAMS 0x0000000084300000, 0x0000000084200000| Untracked 
|   9|0x0000000084300000, 0x0000000084400000, 0x0000000084400000|100%| O|  |TAMS 0x0000000084400000, 0x0000000084300000| Untracked 
|  10|0x0000000084400000, 0x0000000084500000, 0x0000000084500000|100%| O|  |TAMS 0x0000000084500000, 0x0000000084400000| Untracked 
|  11|0x0000000084500000, 0x0000000084600000, 0x0000000084600000|100%| O|  |TAMS 0x0000000084600000, 0x0000000084500000| Untracked 
|  12|0x0000000084600000, 0x0000000084700000, 0x0000000084700000|100%| O|  |TAMS 0x0000000084700000, 0x0000000084600000| Untracked 
|  13|0x0000000084700000, 0x0000000084800000, 0x0000000084800000|100%| O|  |TAMS 0x0000000084800000, 0x0000000084700000| Untracked 
|  14|0x0000000084800000, 0x0000000084900000, 0x0000000084900000|100%| O|  |TAMS 0x0000000084900000, 0x0000000084800000| Untracked 
|  15|0x0000000084900000, 0x0000000084a00000, 0x0000000084a00000|100%| O|  |TAMS 0x0000000084a00000, 0x0000000084900000| Untracked 
|  16|0x0000000084a00000, 0x0000000084b00000, 0x0000000084b00000|100%| O|  |TAMS 0x0000000084b00000, 0x0000000084a00000| Untracked 
|  17|0x0000000084b00000, 0x0000000084c00000, 0x0000000084c00000|100%| O|  |TAMS 0x0000000084c00000, 0x0000000084b00000| Untracked 
|  18|0x0000000084c00000, 0x0000000084d00000, 0x0000000084d00000|100%| O|  |TAMS 0x0000000084d00000, 0x0000000084c00000| Untracked 
|  19|0x0000000084d00000, 0x0000000084e00000, 0x0000000084e00000|100%| O|  |TAMS 0x0000000084e00000, 0x0000000084d00000| Untracked 
|  20|0x0000000084e00000, 0x0000000084f00000, 0x0000000084f00000|100%| O|  |TAMS 0x0000000084f00000, 0x0000000084e00000| Untracked 
|  21|0x0000000084f00000, 0x0000000085000000, 0x0000000085000000|100%| O|  |TAMS 0x0000000085000000, 0x0000000084f00000| Untracked 
|  22|0x0000000085000000, 0x0000000085100000, 0x0000000085100000|100%| O|  |TAMS 0x0000000085100000, 0x0000000085000000| Untracked 
|  23|0x0000000085100000, 0x0000000085200000, 0x0000000085200000|100%| O|  |TAMS 0x0000000085200000, 0x0000000085100000| Untracked 
|  24|0x0000000085200000, 0x0000000085300000, 0x0000000085300000|100%| O|  |TAMS 0x0000000085300000, 0x0000000085200000| Untracked 
|  25|0x0000000085300000, 0x0000000085400000, 0x0000000085400000|100%| O|  |TAMS 0x0000000085400000, 0x0000000085300000| Untracked 
|  26|0x0000000085400000, 0x0000000085500000, 0x0000000085500000|100%| O|  |TAMS 0x0000000085500000, 0x0000000085400000| Untracked 
|  27|0x0000000085500000, 0x0000000085600000, 0x0000000085600000|100%| O|  |TAMS 0x0000000085600000, 0x0000000085500000| Untracked 
|  28|0x0000000085600000, 0x0000000085700000, 0x0000000085700000|100%| O|  |TAMS 0x0000000085700000, 0x0000000085600000| Untracked 
|  29|0x0000000085700000, 0x0000000085800000, 0x0000000085800000|100%| O|  |TAMS 0x0000000085800000, 0x0000000085700000| Untracked 
|  30|0x0000000085800000, 0x0000000085900000, 0x0000000085900000|100%| O|  |TAMS 0x0000000085900000, 0x0000000085800000| Untracked 
|  31|0x0000000085900000, 0x0000000085a00000, 0x0000000085a00000|100%| O|  |TAMS 0x0000000085a00000, 0x0000000085900000| Untracked 
|  32|0x0000000085a00000, 0x0000000085b00000, 0x0000000085b00000|100%| O|  |TAMS 0x0000000085b00000, 0x0000000085a00000| Untracked 
|  33|0x0000000085b00000, 0x0000000085c00000, 0x0000000085c00000|100%| O|  |TAMS 0x0000000085c00000, 0x0000000085b00000| Untracked 
|  34|0x0000000085c00000, 0x0000000085d00000, 0x0000000085d00000|100%| O|  |TAMS 0x0000000085d00000, 0x0000000085c00000| Untracked 
|  35|0x0000000085d00000, 0x0000000085e00000, 0x0000000085e00000|100%| O|  |TAMS 0x0000000085e00000, 0x0000000085d00000| Untracked 
|  36|0x0000000085e00000, 0x0000000085f00000, 0x0000000085f00000|100%| O|  |TAMS 0x0000000085f00000, 0x0000000085e00000| Untracked 
|  37|0x0000000085f00000, 0x0000000086000000, 0x0000000086000000|100%| O|  |TAMS 0x0000000086000000, 0x0000000085f00000| Untracked 
|  38|0x0000000086000000, 0x0000000086100000, 0x0000000086100000|100%| O|  |TAMS 0x0000000086000000, 0x0000000086000000| Untracked 
|  39|0x0000000086100000, 0x0000000086200000, 0x0000000086200000|100%| O|  |TAMS 0x0000000086100000, 0x0000000086100000| Untracked 
|  40|0x0000000086200000, 0x0000000086300000, 0x0000000086300000|100%|HS|  |TAMS 0x0000000086300000, 0x0000000086200000| Complete 
|  41|0x0000000086300000, 0x0000000086400000, 0x0000000086400000|100%| O|  |TAMS 0x0000000086400000, 0x0000000086300000| Untracked 
|  42|0x0000000086400000, 0x0000000086500000, 0x0000000086500000|100%| O|  |TAMS 0x0000000086500000, 0x0000000086400000| Untracked 
|  43|0x0000000086500000, 0x0000000086600000, 0x0000000086600000|100%| O|  |TAMS 0x0000000086600000, 0x0000000086500000| Untracked 
|  44|0x0000000086600000, 0x0000000086700000, 0x0000000086700000|100%| O|  |TAMS 0x0000000086700000, 0x0000000086600000| Untracked 
|  45|0x0000000086700000, 0x0000000086800000, 0x0000000086800000|100%| O|  |TAMS 0x0000000086800000, 0x0000000086700000| Untracked 
|  46|0x0000000086800000, 0x0000000086900000, 0x0000000086900000|100%| O|  |TAMS 0x0000000086900000, 0x0000000086800000| Untracked 
|  47|0x0000000086900000, 0x0000000086a00000, 0x0000000086a00000|100%| O|  |TAMS 0x0000000086a00000, 0x0000000086900000| Untracked 
|  48|0x0000000086a00000, 0x0000000086b00000, 0x0000000086b00000|100%| O|  |TAMS 0x0000000086b00000, 0x0000000086a00000| Untracked 
|  49|0x0000000086b00000, 0x0000000086c00000, 0x0000000086c00000|100%| O|  |TAMS 0x0000000086c00000, 0x0000000086b00000| Untracked 
|  50|0x0000000086c00000, 0x0000000086d00000, 0x0000000086d00000|100%| O|  |TAMS 0x0000000086d00000, 0x0000000086c00000| Untracked 
|  51|0x0000000086d00000, 0x0000000086e00000, 0x0000000086e00000|100%| O|  |TAMS 0x0000000086e00000, 0x0000000086d00000| Untracked 
|  52|0x0000000086e00000, 0x0000000086f00000, 0x0000000086f00000|100%| O|  |TAMS 0x0000000086f00000, 0x0000000086e00000| Untracked 
|  53|0x0000000086f00000, 0x0000000087000000, 0x0000000087000000|100%| O|  |TAMS 0x0000000087000000, 0x0000000086f00000| Untracked 
|  54|0x0000000087000000, 0x0000000087100000, 0x0000000087100000|100%| O|  |TAMS 0x0000000087100000, 0x0000000087000000| Untracked 
|  55|0x0000000087100000, 0x0000000087200000, 0x0000000087200000|100%| O|  |TAMS 0x000000008715c600, 0x0000000087100000| Untracked 
|  56|0x0000000087200000, 0x0000000087300000, 0x0000000087300000|100%| O|  |TAMS 0x0000000087200000, 0x0000000087200000| Untracked 
|  57|0x0000000087300000, 0x0000000087400000, 0x0000000087400000|100%| O|  |TAMS 0x0000000087300000, 0x0000000087300000| Untracked 
|  58|0x0000000087400000, 0x0000000087500000, 0x0000000087500000|100%| O|  |TAMS 0x0000000087400000, 0x0000000087400000| Untracked 
|  59|0x0000000087500000, 0x0000000087600000, 0x0000000087600000|100%| O|  |TAMS 0x0000000087500000, 0x0000000087500000| Untracked 
|  60|0x0000000087600000, 0x0000000087700000, 0x0000000087700000|100%| O|  |TAMS 0x0000000087600000, 0x0000000087600000| Untracked 
|  61|0x0000000087700000, 0x0000000087800000, 0x0000000087800000|100%| O|  |TAMS 0x0000000087700000, 0x0000000087700000| Untracked 
|  62|0x0000000087800000, 0x0000000087900000, 0x0000000087900000|100%| O|  |TAMS 0x0000000087800000, 0x0000000087800000| Untracked 
|  63|0x0000000087900000, 0x0000000087a00000, 0x0000000087a00000|100%| O|  |TAMS 0x0000000087900000, 0x0000000087900000| Untracked 
|  64|0x0000000087a00000, 0x0000000087b00000, 0x0000000087b00000|100%| O|  |TAMS 0x0000000087a00000, 0x0000000087a00000| Untracked 
|  65|0x0000000087b00000, 0x0000000087c00000, 0x0000000087c00000|100%| O|  |TAMS 0x0000000087b00000, 0x0000000087b00000| Untracked 
|  66|0x0000000087c00000, 0x0000000087d00000, 0x0000000087d00000|100%| O|  |TAMS 0x0000000087c00000, 0x0000000087c00000| Untracked 
|  67|0x0000000087d00000, 0x0000000087e00000, 0x0000000087e00000|100%| O|  |TAMS 0x0000000087d00000, 0x0000000087d00000| Untracked 
|  68|0x0000000087e00000, 0x0000000087f00000, 0x0000000087f00000|100%| O|  |TAMS 0x0000000087e00000, 0x0000000087e00000| Untracked 
|  69|0x0000000087f00000, 0x0000000088000000, 0x0000000088000000|100%| O|  |TAMS 0x0000000087f00000, 0x0000000087f00000| Untracked 
|  70|0x0000000088000000, 0x0000000088100000, 0x0000000088100000|100%| O|  |TAMS 0x0000000088000000, 0x0000000088000000| Untracked 
|  71|0x0000000088100000, 0x00000000881cce08, 0x0000000088200000| 80%| O|  |TAMS 0x0000000088100000, 0x0000000088100000| Untracked 
|  72|0x0000000088200000, 0x0000000088200000, 0x0000000088300000|  0%| F|  |TAMS 0x0000000088200000, 0x0000000088200000| Untracked 
|  73|0x0000000088300000, 0x0000000088300000, 0x0000000088400000|  0%| F|  |TAMS 0x0000000088300000, 0x0000000088300000| Untracked 
|  74|0x0000000088400000, 0x0000000088400000, 0x0000000088500000|  0%| F|  |TAMS 0x0000000088400000, 0x0000000088400000| Untracked 
|  75|0x0000000088500000, 0x0000000088500000, 0x0000000088600000|  0%| F|  |TAMS 0x0000000088500000, 0x0000000088500000| Untracked 
|  76|0x0000000088600000, 0x0000000088600000, 0x0000000088700000|  0%| F|  |TAMS 0x0000000088600000, 0x0000000088600000| Untracked 
|  77|0x0000000088700000, 0x0000000088700000, 0x0000000088800000|  0%| F|  |TAMS 0x0000000088700000, 0x0000000088700000| Untracked 
|  78|0x0000000088800000, 0x0000000088800000, 0x0000000088900000|  0%| F|  |TAMS 0x0000000088800000, 0x0000000088800000| Untracked 
|  79|0x0000000088900000, 0x0000000088900000, 0x0000000088a00000|  0%| F|  |TAMS 0x0000000088900000, 0x0000000088900000| Untracked 
|  80|0x0000000088a00000, 0x0000000088a00000, 0x0000000088b00000|  0%| F|  |TAMS 0x0000000088a00000, 0x0000000088a00000| Untracked 
|  81|0x0000000088b00000, 0x0000000088b00000, 0x0000000088c00000|  0%| F|  |TAMS 0x0000000088b00000, 0x0000000088b00000| Untracked 
|  82|0x0000000088c00000, 0x0000000088c00000, 0x0000000088d00000|  0%| F|  |TAMS 0x0000000088c00000, 0x0000000088c00000| Untracked 
|  83|0x0000000088d00000, 0x0000000088d00000, 0x0000000088e00000|  0%| F|  |TAMS 0x0000000088d00000, 0x0000000088d00000| Untracked 
|  84|0x0000000088e00000, 0x0000000088e00000, 0x0000000088f00000|  0%| F|  |TAMS 0x0000000088e00000, 0x0000000088e00000| Untracked 
|  85|0x0000000088f00000, 0x0000000088f00000, 0x0000000089000000|  0%| F|  |TAMS 0x0000000088f00000, 0x0000000088f00000| Untracked 
|  86|0x0000000089000000, 0x0000000089000000, 0x0000000089100000|  0%| F|  |TAMS 0x0000000089000000, 0x0000000089000000| Untracked 
|  87|0x0000000089100000, 0x0000000089100000, 0x0000000089200000|  0%| F|  |TAMS 0x0000000089100000, 0x0000000089100000| Untracked 
|  88|0x0000000089200000, 0x0000000089200000, 0x0000000089300000|  0%| F|  |TAMS 0x0000000089200000, 0x0000000089200000| Untracked 
|  89|0x0000000089300000, 0x0000000089300000, 0x0000000089400000|  0%| F|  |TAMS 0x0000000089300000, 0x0000000089300000| Untracked 
|  90|0x0000000089400000, 0x0000000089400000, 0x0000000089500000|  0%| F|  |TAMS 0x0000000089400000, 0x0000000089400000| Untracked 
|  91|0x0000000089500000, 0x0000000089500000, 0x0000000089600000|  0%| F|  |TAMS 0x0000000089500000, 0x0000000089500000| Untracked 
|  92|0x0000000089600000, 0x0000000089600000, 0x0000000089700000|  0%| F|  |TAMS 0x0000000089600000, 0x0000000089600000| Untracked 
|  93|0x0000000089700000, 0x0000000089700000, 0x0000000089800000|  0%| F|  |TAMS 0x0000000089700000, 0x0000000089700000| Untracked 
|  94|0x0000000089800000, 0x0000000089800000, 0x0000000089900000|  0%| F|  |TAMS 0x0000000089800000, 0x0000000089800000| Untracked 
|  95|0x0000000089900000, 0x0000000089900000, 0x0000000089a00000|  0%| F|  |TAMS 0x0000000089900000, 0x0000000089900000| Untracked 
|  96|0x0000000089a00000, 0x0000000089a00000, 0x0000000089b00000|  0%| F|  |TAMS 0x0000000089a00000, 0x0000000089a00000| Untracked 
|  97|0x0000000089b00000, 0x0000000089b00000, 0x0000000089c00000|  0%| F|  |TAMS 0x0000000089b00000, 0x0000000089b00000| Untracked 
|  98|0x0000000089c00000, 0x0000000089c00000, 0x0000000089d00000|  0%| F|  |TAMS 0x0000000089c00000, 0x0000000089c00000| Untracked 
|  99|0x0000000089d00000, 0x0000000089d00000, 0x0000000089e00000|  0%| F|  |TAMS 0x0000000089d00000, 0x0000000089d00000| Untracked 
| 100|0x0000000089e00000, 0x0000000089e00000, 0x0000000089f00000|  0%| F|  |TAMS 0x0000000089e00000, 0x0000000089e00000| Untracked 
| 101|0x0000000089f00000, 0x0000000089f00000, 0x000000008a000000|  0%| F|  |TAMS 0x0000000089f00000, 0x0000000089f00000| Untracked 
| 102|0x000000008a000000, 0x000000008a000000, 0x000000008a100000|  0%| F|  |TAMS 0x000000008a000000, 0x000000008a000000| Untracked 
| 103|0x000000008a100000, 0x000000008a100000, 0x000000008a200000|  0%| F|  |TAMS 0x000000008a100000, 0x000000008a100000| Untracked 
| 104|0x000000008a200000, 0x000000008a200000, 0x000000008a300000|  0%| F|  |TAMS 0x000000008a200000, 0x000000008a200000| Untracked 
| 105|0x000000008a300000, 0x000000008a3f5528, 0x000000008a400000| 95%| S|CS|TAMS 0x000000008a300000, 0x000000008a300000| Complete 
| 106|0x000000008a400000, 0x000000008a500000, 0x000000008a500000|100%| S|CS|TAMS 0x000000008a400000, 0x000000008a400000| Complete 
| 107|0x000000008a500000, 0x000000008a600000, 0x000000008a600000|100%| S|CS|TAMS 0x000000008a500000, 0x000000008a500000| Complete 
| 108|0x000000008a600000, 0x000000008a700000, 0x000000008a700000|100%| S|CS|TAMS 0x000000008a600000, 0x000000008a600000| Complete 
| 109|0x000000008a700000, 0x000000008a700000, 0x000000008a800000|  0%| F|  |TAMS 0x000000008a700000, 0x000000008a700000| Untracked 
| 110|0x000000008a800000, 0x000000008a800000, 0x000000008a900000|  0%| F|  |TAMS 0x000000008a800000, 0x000000008a800000| Untracked 
| 111|0x000000008a900000, 0x000000008a900000, 0x000000008aa00000|  0%| F|  |TAMS 0x000000008a900000, 0x000000008a900000| Untracked 
| 112|0x000000008aa00000, 0x000000008aa00000, 0x000000008ab00000|  0%| F|  |TAMS 0x000000008aa00000, 0x000000008aa00000| Untracked 
| 113|0x000000008ab00000, 0x000000008ab00000, 0x000000008ac00000|  0%| F|  |TAMS 0x000000008ab00000, 0x000000008ab00000| Untracked 
| 114|0x000000008ac00000, 0x000000008ac00000, 0x000000008ad00000|  0%| F|  |TAMS 0x000000008ac00000, 0x000000008ac00000| Untracked 
| 115|0x000000008ad00000, 0x000000008ad00000, 0x000000008ae00000|  0%| F|  |TAMS 0x000000008ad00000, 0x000000008ad00000| Untracked 
| 116|0x000000008ae00000, 0x000000008ae00000, 0x000000008af00000|  0%| F|  |TAMS 0x000000008ae00000, 0x000000008ae00000| Untracked 
| 117|0x000000008af00000, 0x000000008af00000, 0x000000008b000000|  0%| F|  |TAMS 0x000000008af00000, 0x000000008af00000| Untracked 
| 118|0x000000008b000000, 0x000000008b000000, 0x000000008b100000|  0%| F|  |TAMS 0x000000008b000000, 0x000000008b000000| Untracked 
| 119|0x000000008b100000, 0x000000008b200000, 0x000000008b200000|100%| S|CS|TAMS 0x000000008b100000, 0x000000008b100000| Complete 
| 120|0x000000008b200000, 0x000000008b300000, 0x000000008b300000|100%| S|CS|TAMS 0x000000008b200000, 0x000000008b200000| Complete 
| 121|0x000000008b300000, 0x000000008b400000, 0x000000008b400000|100%| S|CS|TAMS 0x000000008b300000, 0x000000008b300000| Complete 
| 122|0x000000008b400000, 0x000000008b500000, 0x000000008b500000|100%| S|CS|TAMS 0x000000008b400000, 0x000000008b400000| Complete 
| 123|0x000000008b500000, 0x000000008b600000, 0x000000008b600000|100%| S|CS|TAMS 0x000000008b500000, 0x000000008b500000| Complete 
| 124|0x000000008b600000, 0x000000008b700000, 0x000000008b700000|100%| S|CS|TAMS 0x000000008b600000, 0x000000008b600000| Complete 
| 125|0x000000008b700000, 0x000000008b700000, 0x000000008b800000|  0%| F|  |TAMS 0x000000008b700000, 0x000000008b700000| Untracked 
| 126|0x000000008b800000, 0x000000008b800000, 0x000000008b900000|  0%| F|  |TAMS 0x000000008b800000, 0x000000008b800000| Untracked 
| 127|0x000000008b900000, 0x000000008b900000, 0x000000008ba00000|  0%| F|  |TAMS 0x000000008b900000, 0x000000008b900000| Untracked 
| 128|0x000000008ba00000, 0x000000008ba00000, 0x000000008bb00000|  0%| F|  |TAMS 0x000000008ba00000, 0x000000008ba00000| Untracked 
| 129|0x000000008bb00000, 0x000000008bb00000, 0x000000008bc00000|  0%| F|  |TAMS 0x000000008bb00000, 0x000000008bb00000| Untracked 
| 130|0x000000008bc00000, 0x000000008bc00000, 0x000000008bd00000|  0%| F|  |TAMS 0x000000008bc00000, 0x000000008bc00000| Untracked 
| 131|0x000000008bd00000, 0x000000008bd00000, 0x000000008be00000|  0%| F|  |TAMS 0x000000008bd00000, 0x000000008bd00000| Untracked 
| 132|0x000000008be00000, 0x000000008be00000, 0x000000008bf00000|  0%| F|  |TAMS 0x000000008be00000, 0x000000008be00000| Untracked 
| 133|0x000000008bf00000, 0x000000008bf00000, 0x000000008c000000|  0%| F|  |TAMS 0x000000008bf00000, 0x000000008bf00000| Untracked 
| 134|0x000000008c000000, 0x000000008c000000, 0x000000008c100000|  0%| F|  |TAMS 0x000000008c000000, 0x000000008c000000| Untracked 
| 135|0x000000008c100000, 0x000000008c100000, 0x000000008c200000|  0%| F|  |TAMS 0x000000008c100000, 0x000000008c100000| Untracked 
| 136|0x000000008c200000, 0x000000008c200000, 0x000000008c300000|  0%| F|  |TAMS 0x000000008c200000, 0x000000008c200000| Untracked 
| 137|0x000000008c300000, 0x000000008c300000, 0x000000008c400000|  0%| F|  |TAMS 0x000000008c300000, 0x000000008c300000| Untracked 
| 138|0x000000008c400000, 0x000000008c400000, 0x000000008c500000|  0%| F|  |TAMS 0x000000008c400000, 0x000000008c400000| Untracked 
| 139|0x000000008c500000, 0x000000008c500000, 0x000000008c600000|  0%| F|  |TAMS 0x000000008c500000, 0x000000008c500000| Untracked 
| 140|0x000000008c600000, 0x000000008c600000, 0x000000008c700000|  0%| F|  |TAMS 0x000000008c600000, 0x000000008c600000| Untracked 
| 141|0x000000008c700000, 0x000000008c700000, 0x000000008c800000|  0%| F|  |TAMS 0x000000008c700000, 0x000000008c700000| Untracked 
| 142|0x000000008c800000, 0x000000008c800000, 0x000000008c900000|  0%| F|  |TAMS 0x000000008c800000, 0x000000008c800000| Untracked 
| 143|0x000000008c900000, 0x000000008c900000, 0x000000008ca00000|  0%| F|  |TAMS 0x000000008c900000, 0x000000008c900000| Untracked 
| 144|0x000000008ca00000, 0x000000008ca00000, 0x000000008cb00000|  0%| F|  |TAMS 0x000000008ca00000, 0x000000008ca00000| Untracked 
| 145|0x000000008cb00000, 0x000000008cb00000, 0x000000008cc00000|  0%| F|  |TAMS 0x000000008cb00000, 0x000000008cb00000| Untracked 
| 146|0x000000008cc00000, 0x000000008cc00000, 0x000000008cd00000|  0%| F|  |TAMS 0x000000008cc00000, 0x000000008cc00000| Untracked 
| 147|0x000000008cd00000, 0x000000008cd00000, 0x000000008ce00000|  0%| F|  |TAMS 0x000000008cd00000, 0x000000008cd00000| Untracked 
| 148|0x000000008ce00000, 0x000000008ce00000, 0x000000008cf00000|  0%| F|  |TAMS 0x000000008ce00000, 0x000000008ce00000| Untracked 
| 149|0x000000008cf00000, 0x000000008cf00000, 0x000000008d000000|  0%| F|  |TAMS 0x000000008cf00000, 0x000000008cf00000| Untracked 
| 150|0x000000008d000000, 0x000000008d000000, 0x000000008d100000|  0%| F|  |TAMS 0x000000008d000000, 0x000000008d000000| Untracked 
| 151|0x000000008d100000, 0x000000008d100000, 0x000000008d200000|  0%| F|  |TAMS 0x000000008d100000, 0x000000008d100000| Untracked 
| 152|0x000000008d200000, 0x000000008d200000, 0x000000008d300000|  0%| F|  |TAMS 0x000000008d200000, 0x000000008d200000| Untracked 
| 153|0x000000008d300000, 0x000000008d300000, 0x000000008d400000|  0%| F|  |TAMS 0x000000008d300000, 0x000000008d300000| Untracked 
| 154|0x000000008d400000, 0x000000008d400000, 0x000000008d500000|  0%| F|  |TAMS 0x000000008d400000, 0x000000008d400000| Untracked 
| 155|0x000000008d500000, 0x000000008d500000, 0x000000008d600000|  0%| F|  |TAMS 0x000000008d500000, 0x000000008d500000| Untracked 
| 156|0x000000008d600000, 0x000000008d600000, 0x000000008d700000|  0%| F|  |TAMS 0x000000008d600000, 0x000000008d600000| Untracked 
| 157|0x000000008d700000, 0x000000008d700000, 0x000000008d800000|  0%| F|  |TAMS 0x000000008d700000, 0x000000008d700000| Untracked 
| 158|0x000000008d800000, 0x000000008d800000, 0x000000008d900000|  0%| F|  |TAMS 0x000000008d800000, 0x000000008d800000| Untracked 
| 159|0x000000008d900000, 0x000000008d900000, 0x000000008da00000|  0%| F|  |TAMS 0x000000008d900000, 0x000000008d900000| Untracked 
| 160|0x000000008da00000, 0x000000008da00000, 0x000000008db00000|  0%| F|  |TAMS 0x000000008da00000, 0x000000008da00000| Untracked 
| 161|0x000000008db00000, 0x000000008db00000, 0x000000008dc00000|  0%| F|  |TAMS 0x000000008db00000, 0x000000008db00000| Untracked 
| 162|0x000000008dc00000, 0x000000008dc00000, 0x000000008dd00000|  0%| F|  |TAMS 0x000000008dc00000, 0x000000008dc00000| Untracked 
| 163|0x000000008dd00000, 0x000000008dd00000, 0x000000008de00000|  0%| F|  |TAMS 0x000000008dd00000, 0x000000008dd00000| Untracked 
| 164|0x000000008de00000, 0x000000008de00000, 0x000000008df00000|  0%| F|  |TAMS 0x000000008de00000, 0x000000008de00000| Untracked 
| 165|0x000000008df00000, 0x000000008df00000, 0x000000008e000000|  0%| F|  |TAMS 0x000000008df00000, 0x000000008df00000| Untracked 
| 166|0x000000008e000000, 0x000000008e000000, 0x000000008e100000|  0%| F|  |TAMS 0x000000008e000000, 0x000000008e000000| Untracked 
| 167|0x000000008e100000, 0x000000008e100000, 0x000000008e200000|  0%| F|  |TAMS 0x000000008e100000, 0x000000008e100000| Untracked 
| 168|0x000000008e200000, 0x000000008e200000, 0x000000008e300000|  0%| F|  |TAMS 0x000000008e200000, 0x000000008e200000| Untracked 
| 169|0x000000008e300000, 0x000000008e300000, 0x000000008e400000|  0%| F|  |TAMS 0x000000008e300000, 0x000000008e300000| Untracked 
| 170|0x000000008e400000, 0x000000008e400000, 0x000000008e500000|  0%| F|  |TAMS 0x000000008e400000, 0x000000008e400000| Untracked 
| 171|0x000000008e500000, 0x000000008e500000, 0x000000008e600000|  0%| F|  |TAMS 0x000000008e500000, 0x000000008e500000| Untracked 
| 172|0x000000008e600000, 0x000000008e600000, 0x000000008e700000|  0%| F|  |TAMS 0x000000008e600000, 0x000000008e600000| Untracked 
| 173|0x000000008e700000, 0x000000008e700000, 0x000000008e800000|  0%| F|  |TAMS 0x000000008e700000, 0x000000008e700000| Untracked 
| 174|0x000000008e800000, 0x000000008e800000, 0x000000008e900000|  0%| F|  |TAMS 0x000000008e800000, 0x000000008e800000| Untracked 
| 175|0x000000008e900000, 0x000000008e900000, 0x000000008ea00000|  0%| F|  |TAMS 0x000000008e900000, 0x000000008e900000| Untracked 
| 176|0x000000008ea00000, 0x000000008ea00000, 0x000000008eb00000|  0%| F|  |TAMS 0x000000008ea00000, 0x000000008ea00000| Untracked 
| 177|0x000000008eb00000, 0x000000008eb00000, 0x000000008ec00000|  0%| F|  |TAMS 0x000000008eb00000, 0x000000008eb00000| Untracked 
| 178|0x000000008ec00000, 0x000000008ec00000, 0x000000008ed00000|  0%| F|  |TAMS 0x000000008ec00000, 0x000000008ec00000| Untracked 
| 179|0x000000008ed00000, 0x000000008ed00000, 0x000000008ee00000|  0%| F|  |TAMS 0x000000008ed00000, 0x000000008ed00000| Untracked 
| 180|0x000000008ee00000, 0x000000008ee00000, 0x000000008ef00000|  0%| F|  |TAMS 0x000000008ee00000, 0x000000008ee00000| Untracked 
| 181|0x000000008ef00000, 0x000000008ef00000, 0x000000008f000000|  0%| F|  |TAMS 0x000000008ef00000, 0x000000008ef00000| Untracked 
| 182|0x000000008f000000, 0x000000008f000000, 0x000000008f100000|  0%| F|  |TAMS 0x000000008f000000, 0x000000008f000000| Untracked 
| 183|0x000000008f100000, 0x000000008f100000, 0x000000008f200000|  0%| F|  |TAMS 0x000000008f100000, 0x000000008f100000| Untracked 
| 184|0x000000008f200000, 0x000000008f200000, 0x000000008f300000|  0%| F|  |TAMS 0x000000008f200000, 0x000000008f200000| Untracked 
| 185|0x000000008f300000, 0x000000008f300000, 0x000000008f400000|  0%| F|  |TAMS 0x000000008f300000, 0x000000008f300000| Untracked 
| 186|0x000000008f400000, 0x000000008f400000, 0x000000008f500000|  0%| F|  |TAMS 0x000000008f400000, 0x000000008f400000| Untracked 
| 187|0x000000008f500000, 0x000000008f500000, 0x000000008f600000|  0%| F|  |TAMS 0x000000008f500000, 0x000000008f500000| Untracked 
| 188|0x000000008f600000, 0x000000008f600000, 0x000000008f700000|  0%| F|  |TAMS 0x000000008f600000, 0x000000008f600000| Untracked 
| 189|0x000000008f700000, 0x000000008f700000, 0x000000008f800000|  0%| F|  |TAMS 0x000000008f700000, 0x000000008f700000| Untracked 
| 190|0x000000008f800000, 0x000000008f800000, 0x000000008f900000|  0%| F|  |TAMS 0x000000008f800000, 0x000000008f800000| Untracked 
| 191|0x000000008f900000, 0x000000008f900000, 0x000000008fa00000|  0%| F|  |TAMS 0x000000008f900000, 0x000000008f900000| Untracked 
| 192|0x000000008fa00000, 0x000000008fa00000, 0x000000008fb00000|  0%| F|  |TAMS 0x000000008fa00000, 0x000000008fa00000| Untracked 
| 193|0x000000008fb00000, 0x000000008fb00000, 0x000000008fc00000|  0%| F|  |TAMS 0x000000008fb00000, 0x000000008fb00000| Untracked 
| 194|0x000000008fc00000, 0x000000008fc00000, 0x000000008fd00000|  0%| F|  |TAMS 0x000000008fc00000, 0x000000008fc00000| Untracked 
| 195|0x000000008fd00000, 0x000000008fd00000, 0x000000008fe00000|  0%| F|  |TAMS 0x000000008fd00000, 0x000000008fd00000| Untracked 
| 196|0x000000008fe00000, 0x000000008fe00000, 0x000000008ff00000|  0%| F|  |TAMS 0x000000008fe00000, 0x000000008fe00000| Untracked 
| 197|0x000000008ff00000, 0x000000008ff00000, 0x0000000090000000|  0%| F|  |TAMS 0x000000008ff00000, 0x000000008ff00000| Untracked 
| 198|0x0000000090000000, 0x0000000090000000, 0x0000000090100000|  0%| F|  |TAMS 0x0000000090000000, 0x0000000090000000| Untracked 
| 199|0x0000000090100000, 0x0000000090100000, 0x0000000090200000|  0%| F|  |TAMS 0x0000000090100000, 0x0000000090100000| Untracked 
| 200|0x0000000090200000, 0x0000000090200000, 0x0000000090300000|  0%| F|  |TAMS 0x0000000090200000, 0x0000000090200000| Untracked 
| 201|0x0000000090300000, 0x0000000090300000, 0x0000000090400000|  0%| F|  |TAMS 0x0000000090300000, 0x0000000090300000| Untracked 
| 202|0x0000000090400000, 0x0000000090400000, 0x0000000090500000|  0%| F|  |TAMS 0x0000000090400000, 0x0000000090400000| Untracked 
| 203|0x0000000090500000, 0x0000000090500000, 0x0000000090600000|  0%| F|  |TAMS 0x0000000090500000, 0x0000000090500000| Untracked 
| 204|0x0000000090600000, 0x0000000090600000, 0x0000000090700000|  0%| F|  |TAMS 0x0000000090600000, 0x0000000090600000| Untracked 
| 205|0x0000000090700000, 0x0000000090700000, 0x0000000090800000|  0%| F|  |TAMS 0x0000000090700000, 0x0000000090700000| Untracked 
| 206|0x0000000090800000, 0x0000000090800000, 0x0000000090900000|  0%| F|  |TAMS 0x0000000090800000, 0x0000000090800000| Untracked 
| 207|0x0000000090900000, 0x0000000090900000, 0x0000000090a00000|  0%| F|  |TAMS 0x0000000090900000, 0x0000000090900000| Untracked 
| 208|0x0000000090a00000, 0x0000000090a00000, 0x0000000090b00000|  0%| F|  |TAMS 0x0000000090a00000, 0x0000000090a00000| Untracked 
| 209|0x0000000090b00000, 0x0000000090b00000, 0x0000000090c00000|  0%| F|  |TAMS 0x0000000090b00000, 0x0000000090b00000| Untracked 
| 210|0x0000000090c00000, 0x0000000090c00000, 0x0000000090d00000|  0%| F|  |TAMS 0x0000000090c00000, 0x0000000090c00000| Untracked 
| 211|0x0000000090d00000, 0x0000000090d00000, 0x0000000090e00000|  0%| F|  |TAMS 0x0000000090d00000, 0x0000000090d00000| Untracked 
| 212|0x0000000090e00000, 0x0000000090e00000, 0x0000000090f00000|  0%| F|  |TAMS 0x0000000090e00000, 0x0000000090e00000| Untracked 
| 213|0x0000000090f00000, 0x0000000090f00000, 0x0000000091000000|  0%| F|  |TAMS 0x0000000090f00000, 0x0000000090f00000| Untracked 
| 214|0x0000000091000000, 0x0000000091000000, 0x0000000091100000|  0%| F|  |TAMS 0x0000000091000000, 0x0000000091000000| Untracked 
| 215|0x0000000091100000, 0x0000000091100000, 0x0000000091200000|  0%| F|  |TAMS 0x0000000091100000, 0x0000000091100000| Untracked 
| 216|0x0000000091200000, 0x0000000091200000, 0x0000000091300000|  0%| F|  |TAMS 0x0000000091200000, 0x0000000091200000| Untracked 
| 217|0x0000000091300000, 0x0000000091300000, 0x0000000091400000|  0%| F|  |TAMS 0x0000000091300000, 0x0000000091300000| Untracked 
| 218|0x0000000091400000, 0x0000000091400000, 0x0000000091500000|  0%| F|  |TAMS 0x0000000091400000, 0x0000000091400000| Untracked 
| 219|0x0000000091500000, 0x0000000091500000, 0x0000000091600000|  0%| F|  |TAMS 0x0000000091500000, 0x0000000091500000| Untracked 
| 220|0x0000000091600000, 0x0000000091600000, 0x0000000091700000|  0%| F|  |TAMS 0x0000000091600000, 0x0000000091600000| Untracked 
| 221|0x0000000091700000, 0x0000000091700000, 0x0000000091800000|  0%| F|  |TAMS 0x0000000091700000, 0x0000000091700000| Untracked 
| 222|0x0000000091800000, 0x0000000091800000, 0x0000000091900000|  0%| F|  |TAMS 0x0000000091800000, 0x0000000091800000| Untracked 
| 223|0x0000000091900000, 0x0000000091900000, 0x0000000091a00000|  0%| F|  |TAMS 0x0000000091900000, 0x0000000091900000| Untracked 
| 224|0x0000000091a00000, 0x0000000091a00000, 0x0000000091b00000|  0%| F|  |TAMS 0x0000000091a00000, 0x0000000091a00000| Untracked 
| 225|0x0000000091b00000, 0x0000000091b00000, 0x0000000091c00000|  0%| F|  |TAMS 0x0000000091b00000, 0x0000000091b00000| Untracked 
| 226|0x0000000091c00000, 0x0000000091c00000, 0x0000000091d00000|  0%| F|  |TAMS 0x0000000091c00000, 0x0000000091c00000| Untracked 
| 227|0x0000000091d00000, 0x0000000091d00000, 0x0000000091e00000|  0%| F|  |TAMS 0x0000000091d00000, 0x0000000091d00000| Untracked 
| 228|0x0000000091e00000, 0x0000000091e00000, 0x0000000091f00000|  0%| F|  |TAMS 0x0000000091e00000, 0x0000000091e00000| Untracked 
| 229|0x0000000091f00000, 0x0000000091f00000, 0x0000000092000000|  0%| F|  |TAMS 0x0000000091f00000, 0x0000000091f00000| Untracked 
| 230|0x0000000092000000, 0x0000000092000000, 0x0000000092100000|  0%| F|  |TAMS 0x0000000092000000, 0x0000000092000000| Untracked 
| 231|0x0000000092100000, 0x0000000092100000, 0x0000000092200000|  0%| F|  |TAMS 0x0000000092100000, 0x0000000092100000| Untracked 
| 232|0x0000000092200000, 0x0000000092200000, 0x0000000092300000|  0%| F|  |TAMS 0x0000000092200000, 0x0000000092200000| Untracked 
| 233|0x0000000092300000, 0x0000000092300000, 0x0000000092400000|  0%| F|  |TAMS 0x0000000092300000, 0x0000000092300000| Untracked 
| 234|0x0000000092400000, 0x0000000092400000, 0x0000000092500000|  0%| F|  |TAMS 0x0000000092400000, 0x0000000092400000| Untracked 
| 235|0x0000000092500000, 0x0000000092500000, 0x0000000092600000|  0%| F|  |TAMS 0x0000000092500000, 0x0000000092500000| Untracked 
| 236|0x0000000092600000, 0x0000000092600000, 0x0000000092700000|  0%| F|  |TAMS 0x0000000092600000, 0x0000000092600000| Untracked 
| 237|0x0000000092700000, 0x0000000092700000, 0x0000000092800000|  0%| F|  |TAMS 0x0000000092700000, 0x0000000092700000| Untracked 
| 238|0x0000000092800000, 0x0000000092800000, 0x0000000092900000|  0%| F|  |TAMS 0x0000000092800000, 0x0000000092800000| Untracked 
| 239|0x0000000092900000, 0x0000000092900000, 0x0000000092a00000|  0%| F|  |TAMS 0x0000000092900000, 0x0000000092900000| Untracked 

Card table byte_map: [0x000002466aa50000,0x000002466ae40000] _byte_map_base: 0x000002466a633000

Marking Bits (Prev, Next): (CMBitMap*) 0x0000024664912920, (CMBitMap*) 0x00000246649128e0
 Prev Bits: [0x000002466d150000, 0x000002466f068000)
 Next Bits: [0x000002466b230000, 0x000002466d148000)

Polling page: 0x0000024664080000

Metaspace:

Usage:
  Non-class:     31.10 MB used.
      Class:      4.65 MB used.
       Both:     35.75 MB used.

Virtual space:
  Non-class space:       32.00 MB reserved,      31.25 MB ( 98%) committed,  4 nodes.
      Class space:        1.00 GB reserved,       4.81 MB ( <1%) committed,  1 nodes.
             Both:        1.03 GB reserved,      36.06 MB (  3%) committed. 

Chunk freelists:
   Non-Class:  336.00 KB
       Class:  3.03 MB
        Both:  3.36 MB

MaxMetaspaceSize: unlimited
CompressedClassSpaceSize: 1.00 GB
Initial GC threshold: 21.00 MB
Current GC threshold: 58.88 MB
CDS: off
MetaspaceReclaimPolicy: balanced
 - commit_granule_bytes: 65536.
 - commit_granule_words: 8192.
 - virtual_space_node_default_size: 1048576.
 - enlarge_chunks_in_place: 1.
 - new_chunks_are_fully_committed: 0.
 - uncommit_free_chunks: 1.
 - use_allocation_guard: 0.
 - handle_deallocations: 1.


Internal statistics:

num_allocs_failed_limit: 3.
num_arena_births: 342.
num_arena_deaths: 0.
num_vsnodes_births: 5.
num_vsnodes_deaths: 0.
num_space_committed: 577.
num_space_uncommitted: 0.
num_chunks_returned_to_freelist: 3.
num_chunks_taken_from_freelist: 1417.
num_chunk_merges: 3.
num_chunk_splits: 965.
num_chunks_enlarged: 738.
num_purges: 0.
num_inconsistent_stats: 0.

CodeCache: size=49152Kb used=9154Kb max_used=9154Kb free=39997Kb
 bounds [0x0000024667540000, 0x0000024667e40000, 0x000002466a540000]
 total_blobs=4268 nmethods=3741 adapters=450
 compilation: enabled
              stopped_count=0, restarted_count=0
 full_count=0

Compilation events (20 events):
Event: 19.157 Thread 0x0000024672617490 3731       1       java.util.HashMap::afterNodeRemoval (1 bytes)
Event: 19.157 Thread 0x0000024672617490 nmethod 3731 0x0000024667e2df10 code [0x0000024667e2e0a0, 0x0000024667e2e158]
Event: 19.177 Thread 0x0000024672617490 3732       1       com.google.gson.internal.bind.ReflectiveTypeAdapterFactory$1::read (45 bytes)
Event: 19.177 Thread 0x0000024672617490 nmethod 3732 0x0000024667e2e210 code [0x0000024667e2e3e0, 0x0000024667e2e5d8]
Event: 19.179 Thread 0x0000024672450d70 3733       1       reactor.core.publisher.InternalMonoOperator::nextOptimizableSource (5 bytes)
Event: 19.180 Thread 0x0000024672450d70 nmethod 3733 0x0000024667e2e790 code [0x0000024667e2e920, 0x0000024667e2e9f8]
Event: 19.205 Thread 0x00000246742a0810 3734   !   1       java.lang.ClassLoader::addClass (27 bytes)
Event: 19.205 Thread 0x00000246742a0810 nmethod 3734 0x0000024667e2ea90 code [0x0000024667e2ec40, 0x0000024667e2ee08]
Event: 19.261 Thread 0x0000024672450d70 3736       1       java.lang.invoke.BoundMethodHandle$Species_L::<init> (12 bytes)
Event: 19.262 Thread 0x0000024672450d70 nmethod 3736 0x0000024667e2f210 code [0x0000024667e2f3a0, 0x0000024667e2f4e8]
Event: 19.271 Thread 0x0000024672450d70 3737       1       java.util.jar.Attributes::entrySet (10 bytes)
Event: 19.272 Thread 0x0000024672450d70 nmethod 3737 0x0000024667e2f590 code [0x0000024667e2f720, 0x0000024667e2f808]
Event: 19.272 Thread 0x00000246742a0810 3738       1       java.security.MessageDigest::reset (10 bytes)
Event: 19.272 Thread 0x0000024672450d70 3739       1       java.security.MessageDigest$Delegate::engineReset (8 bytes)
Event: 19.272 Thread 0x00000246725007b0 3740       1       java.util.Base64::getMimeDecoder (4 bytes)
Event: 19.272 Thread 0x0000024672617490 3741       1       java.util.Base64$Decoder::decode (12 bytes)
Event: 19.272 Thread 0x00000246725007b0 nmethod 3740 0x0000024667e2fc10 code [0x0000024667e2fda0, 0x0000024667e2fe58]
Event: 19.272 Thread 0x00000246742a0810 nmethod 3738 0x0000024667e2f890 code [0x0000024667e2fa20, 0x0000024667e2fb28]
Event: 19.272 Thread 0x0000024672450d70 nmethod 3739 0x0000024667e2ff10 code [0x0000024667e300a0, 0x0000024667e30188]
Event: 19.273 Thread 0x0000024672617490 nmethod 3741 0x0000024667e30210 code [0x0000024667e303e0, 0x0000024667e30798]

GC Heap History (20 events):
Event: 17.814 GC heap after
{Heap after GC invocations=14 (full 0):
 garbage-first heap   total 122880K, used 36430K [0x0000000083a00000, 0x0000000100000000)
  region size 1024K, 3 young (3072K), 3 survivors (3072K)
 Metaspace       used 33605K, committed 33920K, reserved 1081344K
  class space    used 4278K, committed 4416K, reserved 1048576K
}
Event: 18.333 GC heap before
{Heap before GC invocations=15 (full 0):
 garbage-first heap   total 122880K, used 84558K [0x0000000083a00000, 0x0000000100000000)
  region size 1024K, 51 young (52224K), 3 survivors (3072K)
 Metaspace       used 34717K, committed 35008K, reserved 1081344K
  class space    used 4449K, committed 4608K, reserved 1048576K
}
Event: 18.346 GC heap after
{Heap after GC invocations=16 (full 0):
 garbage-first heap   total 122880K, used 46765K [0x0000000083a00000, 0x0000000100000000)
  region size 1024K, 7 young (7168K), 7 survivors (7168K)
 Metaspace       used 34717K, committed 35008K, reserved 1081344K
  class space    used 4449K, committed 4608K, reserved 1048576K
}
Event: 18.602 GC heap before
{Heap before GC invocations=16 (full 0):
 garbage-first heap   total 122880K, used 87725K [0x0000000083a00000, 0x0000000100000000)
  region size 1024K, 46 young (47104K), 7 survivors (7168K)
 Metaspace       used 35655K, committed 36032K, reserved 1081344K
  class space    used 4616K, committed 4800K, reserved 1048576K
}
Event: 18.641 GC heap after
{Heap after GC invocations=17 (full 0):
 garbage-first heap   total 122880K, used 62833K [0x0000000083a00000, 0x0000000100000000)
  region size 1024K, 6 young (6144K), 6 survivors (6144K)
 Metaspace       used 35655K, committed 36032K, reserved 1081344K
  class space    used 4616K, committed 4800K, reserved 1048576K
}
Event: 18.671 GC heap before
{Heap before GC invocations=17 (full 0):
 garbage-first heap   total 122880K, used 88433K [0x0000000083a00000, 0x0000000100000000)
  region size 1024K, 32 young (32768K), 6 survivors (6144K)
 Metaspace       used 35685K, committed 36032K, reserved 1081344K
  class space    used 4620K, committed 4800K, reserved 1048576K
}
Event: 18.678 GC heap after
{Heap after GC invocations=18 (full 0):
 garbage-first heap   total 122880K, used 65573K [0x0000000083a00000, 0x0000000100000000)
  region size 1024K, 2 young (2048K), 2 survivors (2048K)
 Metaspace       used 35685K, committed 36032K, reserved 1081344K
  class space    used 4620K, committed 4800K, reserved 1048576K
}
Event: 18.721 GC heap before
{Heap before GC invocations=18 (full 0):
 garbage-first heap   total 122880K, used 92197K [0x0000000083a00000, 0x0000000100000000)
  region size 1024K, 29 young (29696K), 2 survivors (2048K)
 Metaspace       used 35775K, committed 36096K, reserved 1081344K
  class space    used 4634K, committed 4800K, reserved 1048576K
}
Event: 18.724 GC heap after
{Heap after GC invocations=19 (full 0):
 garbage-first heap   total 122880K, used 66319K [0x0000000083a00000, 0x0000000100000000)
  region size 1024K, 3 young (3072K), 3 survivors (3072K)
 Metaspace       used 35775K, committed 36096K, reserved 1081344K
  class space    used 4634K, committed 4800K, reserved 1048576K
}
Event: 18.758 GC heap before
{Heap before GC invocations=19 (full 0):
 garbage-first heap   total 122880K, used 93967K [0x0000000083a00000, 0x0000000100000000)
  region size 1024K, 31 young (31744K), 3 survivors (3072K)
 Metaspace       used 35816K, committed 36160K, reserved 1081344K
  class space    used 4641K, committed 4800K, reserved 1048576K
}
Event: 18.764 GC heap after
{Heap after GC invocations=20 (full 0):
 garbage-first heap   total 245760K, used 67450K [0x0000000083a00000, 0x0000000100000000)
  region size 1024K, 3 young (3072K), 3 survivors (3072K)
 Metaspace       used 35816K, committed 36160K, reserved 1081344K
  class space    used 4641K, committed 4800K, reserved 1048576K
}
Event: 18.894 GC heap before
{Heap before GC invocations=21 (full 0):
 garbage-first heap   total 245760K, used 151418K [0x0000000083a00000, 0x0000000100000000)
  region size 1024K, 87 young (89088K), 3 survivors (3072K)
 Metaspace       used 35900K, committed 36224K, reserved 1081344K
  class space    used 4664K, committed 4800K, reserved 1048576K
}
Event: 18.902 GC heap after
{Heap after GC invocations=22 (full 0):
 garbage-first heap   total 245760K, used 69946K [0x0000000083a00000, 0x0000000100000000)
  region size 1024K, 6 young (6144K), 6 survivors (6144K)
 Metaspace       used 35900K, committed 36224K, reserved 1081344K
  class space    used 4664K, committed 4800K, reserved 1048576K
}
Event: 18.905 GC heap before
{Heap before GC invocations=22 (full 0):
 garbage-first heap   total 245760K, used 75066K [0x0000000083a00000, 0x0000000100000000)
  region size 1024K, 12 young (12288K), 6 survivors (6144K)
 Metaspace       used 35900K, committed 36224K, reserved 1081344K
  class space    used 4664K, committed 4800K, reserved 1048576K
}
Event: 18.910 GC heap after
{Heap after GC invocations=23 (full 0):
 garbage-first heap   total 245760K, used 70079K [0x0000000083a00000, 0x0000000100000000)
  region size 1024K, 1 young (1024K), 1 survivors (1024K)
 Metaspace       used 35900K, committed 36224K, reserved 1081344K
  class space    used 4664K, committed 4800K, reserved 1048576K
}
Event: 19.008 GC heap before
{Heap before GC invocations=23 (full 0):
 garbage-first heap   total 245760K, used 185791K [0x0000000083a00000, 0x0000000100000000)
  region size 1024K, 115 young (117760K), 1 survivors (1024K)
 Metaspace       used 36119K, committed 36480K, reserved 1081344K
  class space    used 4704K, committed 4864K, reserved 1048576K
}
Event: 19.014 GC heap after
{Heap after GC invocations=24 (full 0):
 garbage-first heap   total 245760K, used 73626K [0x0000000083a00000, 0x0000000100000000)
  region size 1024K, 5 young (5120K), 5 survivors (5120K)
 Metaspace       used 36119K, committed 36480K, reserved 1081344K
  class space    used 4704K, committed 4864K, reserved 1048576K
}
Event: 19.164 GC heap before
{Heap before GC invocations=24 (full 0):
 garbage-first heap   total 245760K, used 191386K [0x0000000083a00000, 0x0000000100000000)
  region size 1024K, 121 young (123904K), 5 survivors (5120K)
 Metaspace       used 36224K, committed 36544K, reserved 1081344K
  class space    used 4727K, committed 4864K, reserved 1048576K
}
Event: 19.170 GC heap after
{Heap after GC invocations=25 (full 0):
 garbage-first heap   total 245760K, used 78964K [0x0000000083a00000, 0x0000000100000000)
  region size 1024K, 10 young (10240K), 10 survivors (10240K)
 Metaspace       used 36224K, committed 36544K, reserved 1081344K
  class space    used 4727K, committed 4864K, reserved 1048576K
}
Event: 19.364 GC heap before
{Heap before GC invocations=25 (full 0):
 garbage-first heap   total 245760K, used 195700K [0x0000000083a00000, 0x0000000100000000)
  region size 1024K, 125 young (128000K), 10 survivors (10240K)
 Metaspace       used 36611K, committed 36928K, reserved 1081344K
  class space    used 4765K, committed 4928K, reserved 1048576K
}

Deoptimization events (20 events):
Event: 19.017 Thread 0x00000246743e3020 DEOPT UNPACKING pc=0x0000024667596763 sp=0x000000a6b3efdfe8 mode 0
Event: 19.017 Thread 0x0000024674105b50 DEOPT PACKING pc=0x0000024667e0f964 sp=0x000000a6b46fe9c0
Event: 19.017 Thread 0x00000246740e2680 DEOPT UNPACKING pc=0x0000024667596763 sp=0x000000a6b3cfde08 mode 0
Event: 19.017 Thread 0x0000024674105b50 DEOPT UNPACKING pc=0x0000024667596763 sp=0x000000a6b46fdf48 mode 0
Event: 19.017 Thread 0x0000024674104810 DEOPT PACKING pc=0x0000024667e0f964 sp=0x000000a6b41fecc0
Event: 19.017 Thread 0x0000024674104810 DEOPT UNPACKING pc=0x0000024667596763 sp=0x000000a6b41fe248 mode 0
Event: 19.017 Thread 0x00000246741064f0 DEOPT PACKING pc=0x0000024667e0f964 sp=0x000000a6b3ffe820
Event: 19.017 Thread 0x00000246741064f0 DEOPT UNPACKING pc=0x0000024667596763 sp=0x000000a6b3ffdda8 mode 0
Event: 19.017 Thread 0x0000024674104340 DEOPT PACKING pc=0x0000024667e0f964 sp=0x000000a6b40fec50
Event: 19.017 Thread 0x0000024674104340 DEOPT UNPACKING pc=0x0000024667596763 sp=0x000000a6b40fe1d8 mode 0
Event: 19.018 Thread 0x00000246740e2b50 DEOPT PACKING pc=0x0000024667e0f964 sp=0x000000a6b3dfeaa0
Event: 19.018 Thread 0x00000246740e2b50 DEOPT UNPACKING pc=0x0000024667596763 sp=0x000000a6b3dfe028 mode 0
Event: 19.018 Thread 0x0000024672b5e8d0 DEOPT PACKING pc=0x0000024667e0f964 sp=0x000000a6b3bfea10
Event: 19.018 Thread 0x0000024672b5e8d0 DEOPT UNPACKING pc=0x0000024667596763 sp=0x000000a6b3bfdf98 mode 0
Event: 19.018 Thread 0x0000024674105680 DEOPT PACKING pc=0x0000024667e0f964 sp=0x000000a6b44fe770
Event: 19.018 Thread 0x0000024674105680 DEOPT UNPACKING pc=0x0000024667596763 sp=0x000000a6b44fdcf8 mode 0
Event: 19.019 Thread 0x00000246741051b0 DEOPT PACKING pc=0x0000024667e0f964 sp=0x000000a6b42feba0
Event: 19.019 Thread 0x00000246741051b0 DEOPT UNPACKING pc=0x0000024667596763 sp=0x000000a6b42fe128 mode 0
Event: 19.019 Thread 0x0000024674104ce0 DEOPT PACKING pc=0x0000024667e0f964 sp=0x000000a6b43fe950
Event: 19.019 Thread 0x0000024674104ce0 DEOPT UNPACKING pc=0x0000024667596763 sp=0x000000a6b43fded8 mode 0

Classes unloaded (0 events):
No events

Classes redefined (0 events):
No events

Internal exceptions (20 events):
Event: 17.373 Thread 0x0000024672b5e8d0 Exception <a 'sun/nio/fs/WindowsException'{0x0000000085ce6388}> (0x0000000085ce6388) 
thrown [s\src\hotspot\share\prims\jni.cpp, line 516]
Event: 17.373 Thread 0x0000024672b5e8d0 Exception <a 'sun/nio/fs/WindowsException'{0x0000000085ce6730}> (0x0000000085ce6730) 
thrown [s\src\hotspot\share\prims\jni.cpp, line 516]
Event: 17.373 Thread 0x0000024672b5e8d0 Exception <a 'sun/nio/fs/WindowsException'{0x0000000085ce7128}> (0x0000000085ce7128) 
thrown [s\src\hotspot\share\prims\jni.cpp, line 516]
Event: 17.373 Thread 0x0000024672b5e8d0 Exception <a 'sun/nio/fs/WindowsException'{0x0000000085ce74e0}> (0x0000000085ce74e0) 
thrown [s\src\hotspot\share\prims\jni.cpp, line 516]
Event: 17.373 Thread 0x0000024672b5e8d0 Exception <a 'sun/nio/fs/WindowsException'{0x0000000085ce7ef0}> (0x0000000085ce7ef0) 
thrown [s\src\hotspot\share\prims\jni.cpp, line 516]
Event: 17.374 Thread 0x0000024672b5e8d0 Exception <a 'sun/nio/fs/WindowsException'{0x0000000085ce82c8}> (0x0000000085ce82c8) 
thrown [s\src\hotspot\share\prims\jni.cpp, line 516]
Event: 17.374 Thread 0x0000024672b5e8d0 Exception <a 'sun/nio/fs/WindowsException'{0x0000000085a0e670}> (0x0000000085a0e670) 
thrown [s\src\hotspot\share\prims\jni.cpp, line 516]
Event: 17.374 Thread 0x0000024672b5e8d0 Exception <a 'sun/nio/fs/WindowsException'{0x0000000085a0ea60}> (0x0000000085a0ea60) 
thrown [s\src\hotspot\share\prims\jni.cpp, line 516]
Event: 17.374 Thread 0x0000024672b5e8d0 Exception <a 'sun/nio/fs/WindowsException'{0x0000000085a0f480}> (0x0000000085a0f480) 
thrown [s\src\hotspot\share\prims\jni.cpp, line 516]
Event: 17.374 Thread 0x0000024672b5e8d0 Exception <a 'sun/nio/fs/WindowsException'{0x0000000085a0f868}> (0x0000000085a0f868) 
thrown [s\src\hotspot\share\prims\jni.cpp, line 516]
Event: 17.378 Thread 0x00000246648b7620 Exception <a 'java/lang/NoSuchMethodError'{0x0000000085a30ae0}: 'java.lang.Object java.lang.invoke.DirectMethodHandle$Holder.invokeInterface(java.lang.Object, java.lang.Object, int)'> (0x0000000085a30ae0) 
thrown [s\src\hotspot\share\interpreter\linkResolver.cpp, line 759]
Event: 17.383 Thread 0x00000246648b7620 Exception <a 'java/lang/IncompatibleClassChangeError'{0x0000000085a43c30}: Found class java.lang.Object, but interface was expected> (0x0000000085a43c30) 
thrown [s\src\hotspot\share\interpreter\linkResolver.cpp, line 826]
Event: 17.740 Thread 0x00000246648b7620 Exception <a 'java/lang/NoSuchMethodError'{0x0000000086de13d0}: 'java.lang.Object java.lang.invoke.DirectMethodHandle$Holder.newInvokeSpecial(java.lang.Object, java.lang.Object, int, java.lang.Object, java.lang.Object)'> (0x0000000086de13d0) 
thrown [s\src\hotspot\share\interpreter\linkResolver.cpp, line 759]
Event: 17.742 Thread 0x00000246648b7620 Exception <a 'java/lang/NoSuchMethodError'{0x0000000086c62b18}: 'java.lang.Object java.lang.invoke.DirectMethodHandle$Holder.invokeSpecial(java.lang.Object, java.lang.Object, int, java.lang.Object, int, java.lang.Object)'> (0x0000000086c62b18) 
thrown [s\src\hotspot\share\interpreter\linkResolver.cpp, line 759]
Event: 17.743 Thread 0x00000246648b7620 Exception <a 'java/lang/NoSuchMethodError'{0x0000000086c6a918}: 'java.lang.Object java.lang.invoke.DirectMethodHandle$Holder.newInvokeSpecial(java.lang.Object, java.lang.Object, int, java.lang.Object, int)'> (0x0000000086c6a918) 
thrown [s\src\hotspot\share\interpreter\linkResolver.cpp, line 759]
Event: 17.743 Thread 0x00000246648b7620 Exception <a 'java/lang/NoSuchMethodError'{0x0000000086c6ea18}: 'java.lang.Object java.lang.invoke.DirectMethodHandle$Holder.invokeSpecial(java.lang.Object, java.lang.Object, java.lang.Object, int, java.lang.Object, int)'> (0x0000000086c6ea18) 
thrown [s\src\hotspot\share\interpreter\linkResolver.cpp, line 759]
Event: 18.370 Thread 0x00000246764719f0 Exception <a 'java/lang/NoSuchMethodError'{0x000000008af42468}: 'java.lang.Object java.lang.invoke.DirectMethodHandle$Holder.invokeStatic(java.lang.Object, int, java.lang.Object)'> (0x000000008af42468) 
thrown [s\src\hotspot\share\interpreter\linkResolver.cpp, line 759]
Event: 18.402 Thread 0x00000246741069c0 Exception <a 'java/lang/NoSuchMethodError'{0x000000008a900760}: 'java.lang.Object java.lang.invoke.DirectMethodHandle$Holder.invokeStatic(java.lang.Object, java.lang.Object, java.lang.Object, int, java.lang.Object, java.lang.Object)'> (0x000000008a900760) 
thrown [s\src\hotspot\share\interpreter\linkResolver.cpp, line 759]
Event: 19.001 Thread 0x00000246764719f0 Exception <a 'java/lang/NoSuchMethodError'{0x000000008bb21be8}: 'int java.lang.invoke.DirectMethodHandle$Holder.invokeStatic(java.lang.Object)'> (0x000000008bb21be8) 
thrown [s\src\hotspot\share\interpreter\linkResolver.cpp, line 759]
Event: 19.002 Thread 0x00000246764719f0 Exception <a 'java/lang/NoSuchMethodError'{0x000000008bab1f30}: 'int java.lang.invoke.DirectMethodHandle$Holder.invokeStaticInit(java.lang.Object)'> (0x000000008bab1f30) 
thrown [s\src\hotspot\share\interpreter\linkResolver.cpp, line 759]

VM Operations (20 events):
Event: 18.789 Executing VM operation: G1Concurrent done
Event: 18.830 Executing VM operation: G1Concurrent
Event: 18.832 Executing VM operation: G1Concurrent done
Event: 18.885 Executing VM operation: G1CollectForAllocation
Event: 18.903 Executing VM operation: G1CollectForAllocation done
Event: 18.905 Executing VM operation: G1CollectForAllocation
Event: 18.905 Executing VM operation: G1CollectForAllocation done
Event: 18.905 Executing VM operation: G1CollectForAllocation
Event: 18.910 Executing VM operation: G1CollectForAllocation done
Event: 19.006 Executing VM operation: G1CollectForAllocation
Event: 19.015 Executing VM operation: G1CollectForAllocation done
Event: 19.017 Executing VM operation: HandshakeAllThreads
Event: 19.017 Executing VM operation: HandshakeAllThreads done
Event: 19.162 Executing VM operation: G1CollectForAllocation
Event: 19.163 Executing VM operation: G1CollectForAllocation done
Event: 19.164 Executing VM operation: G1CollectForAllocation
Event: 19.170 Executing VM operation: G1CollectForAllocation done
Event: 19.352 Executing VM operation: G1CollectForAllocation
Event: 19.364 Executing VM operation: G1CollectForAllocation done
Event: 19.364 Executing VM operation: G1CollectForAllocation

Events (20 events):
Event: 18.470 loading class java/util/concurrent/ConcurrentHashMap$ValueSpliterator done
Event: 18.526 loading class java/util/concurrent/CompletableFuture$UniCompose
Event: 18.527 loading class java/util/concurrent/CompletableFuture$UniCompose done
Event: 18.532 Thread 0x000002467646d1c0 Thread added: 0x000002467646d1c0
Event: 18.532 loading class java/util/concurrent/CompletableFuture$UniExceptionally
Event: 18.532 loading class java/util/concurrent/CompletableFuture$UniExceptionally done
Event: 18.532 loading class java/util/concurrent/CompletableFuture$UniApply
Event: 18.532 loading class java/util/concurrent/CompletableFuture$UniApply done
Event: 18.576 Thread 0x000002467646d690 Thread added: 0x000002467646d690
Event: 18.649 Thread 0x000002467646fd10 Thread added: 0x000002467646fd10
Event: 18.649 loading class java/util/concurrent/CompletableFuture$UniRelay
Event: 18.650 loading class java/util/concurrent/CompletableFuture$UniRelay done
Event: 18.769 Thread 0x000002467646e030 Thread added: 0x000002467646e030
Event: 18.789 loading class java/util/concurrent/CompletableFuture$Signaller
Event: 18.790 loading class java/util/concurrent/CompletableFuture$Signaller done
Event: 19.032 Thread 0x000002467646e500 Thread added: 0x000002467646e500
Event: 19.170 loading class jdk/internal/vm/annotation/ForceInline
Event: 19.170 loading class jdk/internal/vm/annotation/ForceInline done
Event: 19.262 loading class java/util/stream/Nodes$SpinedNodeBuilder
Event: 19.263 loading class java/util/stream/Nodes$SpinedNodeBuilder done


Dynamic libraries:
0x00007ff65e870000 - 0x00007ff65e87e000 	c:\Users\DELL\.vscode\extensions\redhat.java-1.11.0-win32-x64\jre\17.0.4.1-win32-x86_64\bin\java.exe
0x00007ffc78fb0000 - 0x00007ffc791a8000 	C:\WINDOWS\SYSTEM32\ntdll.dll
0x00007ffc78aa0000 - 0x00007ffc78b5d000 	C:\WINDOWS\System32\KERNEL32.DLL
0x00007ffc76750000 - 0x00007ffc76a22000 	C:\WINDOWS\System32\KERNELBASE.dll
0x00007ffc73bb0000 - 0x00007ffc73c41000 	C:\WINDOWS\SYSTEM32\apphelp.dll
0x00007ffc76a30000 - 0x00007ffc76b30000 	C:\WINDOWS\System32\ucrtbase.dll
0x00007ffc6f070000 - 0x00007ffc6f089000 	c:\Users\DELL\.vscode\extensions\redhat.java-1.11.0-win32-x64\jre\17.0.4.1-win32-x86_64\bin\VCRUNTIME140.dll
0x00007ffc692d0000 - 0x00007ffc692e8000 	c:\Users\DELL\.vscode\extensions\redhat.java-1.11.0-win32-x64\jre\17.0.4.1-win32-x86_64\bin\jli.dll
0x00007ffc78250000 - 0x00007ffc783ed000 	C:\WINDOWS\System32\USER32.dll
0x00007ffc76bd0000 - 0x00007ffc76bf2000 	C:\WINDOWS\System32\win32u.dll
0x00007ffc78bc0000 - 0x00007ffc78beb000 	C:\WINDOWS\System32\GDI32.dll
0x00007ffc76f00000 - 0x00007ffc7700f000 	C:\WINDOWS\System32\gdi32full.dll
0x00007ffc76b30000 - 0x00007ffc76bcd000 	C:\WINDOWS\System32\msvcp_win.dll
0x00007ffc64b90000 - 0x00007ffc64e2a000 	C:\WINDOWS\WinSxS\amd64_microsoft.windows.common-controls_6595b64144ccf1df_6.0.19041.1110_none_60b5254171f9507e\COMCTL32.dll
0x00007ffc783f0000 - 0x00007ffc7848e000 	C:\WINDOWS\System32\msvcrt.dll
0x00007ffc78210000 - 0x00007ffc78240000 	C:\WINDOWS\System32\IMM32.DLL
0x00007ffc70b90000 - 0x00007ffc70b9c000 	c:\Users\DELL\.vscode\extensions\redhat.java-1.11.0-win32-x64\jre\17.0.4.1-win32-x86_64\bin\vcruntime140_1.dll
0x00007ffc1fe60000 - 0x00007ffc1fef1000 	c:\Users\DELL\.vscode\extensions\redhat.java-1.11.0-win32-x64\jre\17.0.4.1-win32-x86_64\bin\msvcp140.dll
0x00007ffbf4ea0000 - 0x00007ffbf5ae6000 	c:\Users\DELL\.vscode\extensions\redhat.java-1.11.0-win32-x64\jre\17.0.4.1-win32-x86_64\bin\server\jvm.dll
0x00007ffc77e90000 - 0x00007ffc77f3e000 	C:\WINDOWS\System32\ADVAPI32.dll
0x00007ffc78c80000 - 0x00007ffc78d1c000 	C:\WINDOWS\System32\sechost.dll
0x00007ffc78e40000 - 0x00007ffc78f65000 	C:\WINDOWS\System32\RPCRT4.dll
0x00007ffc78e30000 - 0x00007ffc78e38000 	C:\WINDOWS\System32\PSAPI.DLL
0x00007ffc70e70000 - 0x00007ffc70e7a000 	C:\WINDOWS\SYSTEM32\VERSION.dll
0x00007ffc643e0000 - 0x00007ffc64407000 	C:\WINDOWS\SYSTEM32\WINMM.dll
0x00007ffc6f560000 - 0x00007ffc6f569000 	C:\WINDOWS\SYSTEM32\WSOCK32.dll
0x00007ffc77ff0000 - 0x00007ffc7805b000 	C:\WINDOWS\System32\WS2_32.dll
0x00007ffc74ed0000 - 0x00007ffc74ee2000 	C:\WINDOWS\SYSTEM32\kernel.appcore.dll
0x00007ffc708b0000 - 0x00007ffc708ba000 	c:\Users\DELL\.vscode\extensions\redhat.java-1.11.0-win32-x64\jre\17.0.4.1-win32-x86_64\bin\jimage.dll
0x00007ffc74440000 - 0x00007ffc74624000 	C:\WINDOWS\SYSTEM32\DBGHELP.DLL
0x00007ffc703b0000 - 0x00007ffc703dc000 	C:\WINDOWS\SYSTEM32\dbgcore.DLL
0x00007ffc766c0000 - 0x00007ffc76742000 	C:\WINDOWS\System32\bcryptPrimitives.dll
0x00007ffc4b960000 - 0x00007ffc4b985000 	c:\Users\DELL\.vscode\extensions\redhat.java-1.11.0-win32-x64\jre\17.0.4.1-win32-x86_64\bin\java.dll
0x00007ffc49900000 - 0x00007ffc49918000 	c:\Users\DELL\.vscode\extensions\redhat.java-1.11.0-win32-x64\jre\17.0.4.1-win32-x86_64\bin\zip.dll
0x00007ffc77550000 - 0x00007ffc77c93000 	C:\WINDOWS\System32\SHELL32.dll
0x00007ffc74720000 - 0x00007ffc74eb1000 	C:\WINDOWS\SYSTEM32\windows.storage.dll
0x00007ffc78610000 - 0x00007ffc78964000 	C:\WINDOWS\System32\combase.dll
0x00007ffc76020000 - 0x00007ffc76050000 	C:\WINDOWS\SYSTEM32\Wldp.dll
0x00007ffc77ca0000 - 0x00007ffc77d4d000 	C:\WINDOWS\System32\SHCORE.dll
0x00007ffc77d50000 - 0x00007ffc77da5000 	C:\WINDOWS\System32\shlwapi.dll
0x00007ffc76600000 - 0x00007ffc7661f000 	C:\WINDOWS\SYSTEM32\profapi.dll
0x00007ffc497e0000 - 0x00007ffc497f9000 	C:\Users\DELL\.vscode\extensions\redhat.java-1.11.0-win32-x64\jre\17.0.4.1-win32-x86_64\bin\net.dll
0x00007ffc6cbc0000 - 0x00007ffc6cccd000 	C:\WINDOWS\SYSTEM32\WINHTTP.dll
0x00007ffc75d50000 - 0x00007ffc75dba000 	C:\WINDOWS\system32\mswsock.dll
0x00007ffc495e0000 - 0x00007ffc495f5000 	C:\Users\DELL\.vscode\extensions\redhat.java-1.11.0-win32-x64\jre\17.0.4.1-win32-x86_64\bin\nio.dll
0x00007ffc6fb40000 - 0x00007ffc6fb50000 	c:\Users\DELL\.vscode\extensions\redhat.java-1.11.0-win32-x64\jre\17.0.4.1-win32-x86_64\bin\verify.dll
0x00007ffc70bb0000 - 0x00007ffc70bb9000 	C:\Users\DELL\.vscode\extensions\redhat.java-1.11.0-win32-x64\jre\17.0.4.1-win32-x86_64\bin\management.dll
0x00007ffc708d0000 - 0x00007ffc708db000 	C:\Users\DELL\.vscode\extensions\redhat.java-1.11.0-win32-x64\jre\17.0.4.1-win32-x86_64\bin\management_ext.dll
0x00007ffc49be0000 - 0x00007ffc49bf7000 	C:\WINDOWS\system32\napinsp.dll
0x00007ffc49bc0000 - 0x00007ffc49bdb000 	C:\WINDOWS\system32\pnrpnsp.dll
0x00007ffc49ba0000 - 0x00007ffc49bb5000 	C:\WINDOWS\system32\wshbth.dll
0x00007ffc70aa0000 - 0x00007ffc70abd000 	C:\WINDOWS\system32\NLAapi.dll
0x00007ffc75a50000 - 0x00007ffc75a8b000 	C:\WINDOWS\SYSTEM32\IPHLPAPI.DLL
0x00007ffc75a90000 - 0x00007ffc75b5a000 	C:\WINDOWS\SYSTEM32\DNSAPI.dll
0x00007ffc77fe0000 - 0x00007ffc77fe8000 	C:\WINDOWS\System32\NSI.dll
0x00007ffc49b80000 - 0x00007ffc49b92000 	C:\WINDOWS\System32\winrnr.dll
0x00007ffc6cd00000 - 0x00007ffc6cd0a000 	C:\Windows\System32\rasadhlp.dll
0x00007ffc6d8b0000 - 0x00007ffc6d930000 	C:\WINDOWS\System32\fwpuclnt.dll
0x00007ffc76dd0000 - 0x00007ffc76df7000 	C:\WINDOWS\System32\bcrypt.dll
0x00007ffc75ef0000 - 0x00007ffc75f08000 	C:\WINDOWS\SYSTEM32\CRYPTSP.dll
0x00007ffc75680000 - 0x00007ffc756b4000 	C:\WINDOWS\system32\rsaenh.dll
0x00007ffc76580000 - 0x00007ffc765ae000 	C:\WINDOWS\SYSTEM32\USERENV.dll
0x00007ffc75ee0000 - 0x00007ffc75eec000 	C:\WINDOWS\SYSTEM32\CRYPTBASE.dll
0x00007ffc6f7a0000 - 0x00007ffc6f7b7000 	C:\WINDOWS\SYSTEM32\dhcpcsvc6.DLL
0x00007ffc70e90000 - 0x00007ffc70ead000 	C:\WINDOWS\SYSTEM32\dhcpcsvc.DLL

dbghelp: loaded successfully - version: 4.0.5 - missing functions: none
symbol engine: initialized successfully - sym options: 0x614 - pdb path: .;c:\Users\DELL\.vscode\extensions\redhat.java-1.11.0-win32-x64\jre\17.0.4.1-win32-x86_64\bin;C:\WINDOWS\SYSTEM32;C:\WINDOWS\WinSxS\amd64_microsoft.windows.common-controls_6595b64144ccf1df_6.0.19041.1110_none_60b5254171f9507e;c:\Users\DELL\.vscode\extensions\redhat.java-1.11.0-win32-x64\jre\17.0.4.1-win32-x86_64\bin\server

VM Arguments:
jvm_args: -Dsts.lsp.client=vscode -Dsts.log.file=/dev/null -XX:TieredStopAtLevel=1 -Xlog:jni+resolve=off -Dspring.config.location=file:c:\Users\DELL\.vscode\extensions\pivotal.vscode-spring-boot-1.39.0\language-server\BOOT-INF\classes\application.properties 
java_command: org.springframework.ide.vscode.boot.app.BootLanguageServerBootApp
java_class_path (initial): c:\Users\DELL\.vscode\extensions\pivotal.vscode-spring-boot-1.39.0\language-server\BOOT-INF\classes;c:\Users\DELL\.vscode\extensions\pivotal.vscode-spring-boot-1.39.0\language-server\BOOT-INF\lib\annotations-23.0.0.jar;c:\Users\DELL\.vscode\extensions\pivotal.vscode-spring-boot-1.39.0\language-server\BOOT-INF\lib\antlr-runtime-3.5.2.jar;c:\Users\DELL\.vscode\extensions\pivotal.vscode-spring-boot-1.39.0\language-server\BOOT-INF\lib\antlr4-4.9.3.jar;c:\Users\DELL\.vscode\extensions\pivotal.vscode-spring-boot-1.39.0\language-server\BOOT-INF\lib\antlr4-runtime-4.9.3.jar;c:\Users\DELL\.vscode\extensions\pivotal.vscode-spring-boot-1.39.0\language-server\BOOT-INF\lib\asm-9.3.jar;c:\Users\DELL\.vscode\extensions\pivotal.vscode-spring-boot-1.39.0\language-server\BOOT-INF\lib\asm-analysis-9.3.jar;c:\Users\DELL\.vscode\extensions\pivotal.vscode-spring-boot-1.39.0\language-server\BOOT-INF\lib\asm-tree-9.3.jar;c:\Users\DELL\.vscode\extensions\pivotal.vscode-spring-boot-1.39.0\language-server\BOOT-INF\lib\asm-util-9.3.jar;c:\Users\DELL\.vscode\extensions\pivotal.vscode-spring-boot-1.39.0\language-server\BOOT-INF\lib\byte-buddy-1.12.13.jar;c:\Users\DELL\.vscode\extensions\pivotal.vscode-spring-boot-1.39.0\language-server\BOOT-INF\lib\caffeine-2.9.3.jar;c:\Users\DELL\.vscode\extensions\pivotal.vscode-spring-boot-1.39.0\language-server\BOOT-INF\lib\checker-qual-3.12.0.jar;c:\Users\DELL\.vscode\extensions\pivotal.vscode-spring-boot-1.39.0\language-server\BOOT-INF\lib\classgraph-4.8.149.jar;c:\Users\DELL\.vscode\extensions\pivotal.vscode-spring-boot-1.39.0\language-server\BOOT-INF\lib\commons-codec-1.15.jar;c:\Users\DELL\.vscode\extensions\pivotal.vscode-spring-boot-1.39.0\language-server\BOOT-INF\lib\commons-compress-1.21.jar;c:\Users\DELL\.vscode\extensions\pivotal.vscode-spring-boot-1.39.0\language-server\BOOT-INF\lib\commons-exec-1.3.jar;c:\Users\DELL\.vscode\extensions\pivotal.vscode-spring-boot-1.39.0\language-server\BOOT-INF\lib\commons-io-2.4.jar;c
Launcher Type: SUN_STANDARD

[Global flags]
     intx CICompilerCount                          = 4                                         {product} {ergonomic}
     uint ConcGCThreads                            = 2                                         {product} {ergonomic}
     uint G1ConcRefinementThreads                  = 8                                         {product} {ergonomic}
   size_t G1HeapRegionSize                         = 1048576                                   {product} {ergonomic}
    uintx GCDrainStackTargetSize                   = 64                                        {product} {ergonomic}
   size_t InitialHeapSize                          = 132120576                                 {product} {ergonomic}
   size_t MarkStackSize                            = 4194304                                   {product} {ergonomic}
   size_t MaxHeapSize                              = 2086666240                                {product} {ergonomic}
   size_t MaxNewSize                               = 1251999744                                {product} {ergonomic}
   size_t MinHeapDeltaBytes                        = 1048576                                   {product} {ergonomic}
   size_t MinHeapSize                              = 8388608                                   {product} {ergonomic}
    uintx NonProfiledCodeHeapSize                  = 0                                      {pd product} {ergonomic}
     bool ProfileInterpreter                       = false                                  {pd product} {command line}
    uintx ProfiledCodeHeapSize                     = 0                                      {pd product} {ergonomic}
   size_t SoftMaxHeapSize                          = 2086666240                             {manageable} {ergonomic}
     intx TieredStopAtLevel                        = 1                                         {product} {command line}
     bool UseCompressedClassPointers               = true                           {product lp64_product} {ergonomic}
     bool UseCompressedOops                        = true                           {product lp64_product} {ergonomic}
     bool UseG1GC                                  = true                                      {product} {ergonomic}
     bool UseLargePagesIndividualAllocation        = false                                  {pd product} {ergonomic}

Logging:
Log output configuration:
 #0: stdout all=warning,jni+resolve=off uptime,level,tags
 #1: stderr all=off uptime,level,tags

Environment Variables:
JAVA_HOME=C:\Program Files\Java\jdk-18.0.1.1
PATH=C:\Program Files\apache-maven-3.8.5-bin\apache-maven-3.8.5\bin;C:\Python39\Scripts\;C:\Python39\;C:\Apache24\bin;C:\WINDOWS;C:\WINDOWS\System32\Wbem;C:\WINDOWS\System32\WindowsPowerShell\v1.0\;C:\WINDOWS\System32\OpenSSH\;C:\Program Files (x86)\mingw-w64\i686-8.1.0-posix-dwarf-rt_v6-rev0\mingw32\bin;C:\Program Files\Microsoft SQL Server\Client SDK\ODBC\170\Tools\Binn\;C:\Program Files (x86)\Microsoft SQL Server\150\Tools\Binn\;C:\Program Files\Microsoft SQL Server\150\Tools\Binn\;C:\Program Files\Microsoft SQL Server\150\DTS\Binn\;C:\ProgramData\chocolatey\bin;C:\Program Files\Git\cmd;C:\Windows\System32;C:\wamp64\bin\php\php7.3.21;C:\composer;C:\WINDOWS\system32;C:\Program Files\Microsoft SQL Server\130\Tools\Binn\;C:\Program Files (x86)\Microsoft SQL Server\150\DTS\Binn\;C:\Program Files\Azure Data Studio\bin;C:\Program Files\dotnet\;C:\SDL\SDL2-2.0.20\lib\x64;C:\SDL\SDL2_image-2.0.5\lib\x64;C:\Program Files\nodejs\;C:\Program Files\Java\jdk-18.0.1.1\bin;C:\Program Files\gradle-7.5-all\gradle-7.5\bin;C:\Users\DELL\AppData\Local\Microsoft\WindowsApps;C:\Program Files\JetBrains\PhpStorm 2020.3.1\bin;;C:\Users\DELL\AppData\Roaming\Composer\vendor\bin;C:\Users\DELL\AppData\Local\Microsoft\WindowsApps;C:\Program Files\Azure Data Studio\bin;C:\Users\DELL\AppData\Local\Programs\Microsoft VS Code\bin;C:\Users\DELL\AppData\Roaming\npm;C:\Program Files\heroku\bin
USERNAME=DELL
OS=Windows_NT
PROCESSOR_IDENTIFIER=Intel64 Family 6 Model 126 Stepping 5, GenuineIntel
TMP=C:\Users\DELL\AppData\Local\Temp
TEMP=C:\Users\DELL\AppData\Local\Temp



---------------  S Y S T E M  ---------------

OS:
 Windows 10 , 64 bit Build 19041 (10.0.19041.1889)
OS uptime: 7 days 14:40 hours
Hyper-V role detected

CPU: total 8 (initial active 8) (4 cores per cpu, 2 threads per core) family 6 model 126 stepping 5 microcode 0xb2, cx8, cmov, fxsr, ht, mmx, 3dnowpref, sse, sse2, sse3, ssse3, sse4.1, sse4.2, popcnt, lzcnt, tsc, tscinvbit, avx, avx2, aes, erms, clmul, bmi1, bmi2, adx, avx512f, avx512dq, avx512cd, avx512bw, avx512vl, sha, fma, vzeroupper, avx512_vpopcntdq, avx512_vpclmulqdq, avx512_vaes, avx512_vnni, clflush, clflushopt, avx512_vbmi2, avx512_vbmi, hv

Memory: 4k page, system-wide physical 7959M (163M free)
TotalPageFile size 23396M (AvailPageFile size 14M)
current process WorkingSet (physical memory assigned to process): 358M, peak: 358M
current process commit charge ("private bytes"): 389M, peak: 722M

vm_info: OpenJDK 64-Bit Server VM (17.0.4.1+1) for windows-amd64 JRE (17.0.4.1+1), built on Aug 17 2022 07:42:43 by "temurin" with MS VC++ 16.7 (VS2019)

END.
