#
# There is insufficient memory for the Java Runtime Environment to continue.
# Native memory allocation (malloc) failed to allocate 1048576 bytes for AllocateHeap
# Possible reasons:
#   The system is out of physical RAM or swap space
#   The process is running with CompressedOops enabled, and the Java Heap may be blocking the growth of the native heap
# Possible solutions:
#   Reduce memory load on the system
#   Increase physical memory or swap space
#   Check if swap backing store is full
#   Decrease Java heap size (-Xmx/-Xms)
#   Decrease number of Java threads
#   Decrease Java thread stack sizes (-Xss)
#   Set larger code cache with -XX:ReservedCodeCacheSize=
#   JVM is running with Unscaled Compressed Oops mode in which the Java heap is
#     placed in the first 4GB address space. The Java Heap base address is the
#     maximum limit for the native heap growth. Please use -XX:HeapBaseMinAddress
#     to set the Java Heap base and to place the Java Heap above 4GB virtual address.
# This output file may be truncated or incomplete.
#
#  Out of Memory Error (allocation.cpp:44), pid=21132, tid=24932
#
# JRE version: OpenJDK Runtime Environment Temurin-17.0.4.1+1 (17.0.4.1+1) (build 17.0.4.1+1)
# Java VM: OpenJDK 64-Bit Server VM Temurin-17.0.4.1+1 (17.0.4.1+1, mixed mode, emulated-client, tiered, compressed oops, compressed class ptrs, g1 gc, windows-amd64)
# No core dump will be written. Minidumps are not enabled by default on client versions of Windows
#

---------------  S U M M A R Y ------------

Command Line: -Dsts.lsp.client=vscode -Dsts.log.file=/dev/null -XX:TieredStopAtLevel=1 -Xlog:jni+resolve=off -Dspring.config.location=file:c:\Users\DELL\.vscode\extensions\pivotal.vscode-spring-boot-1.39.0\language-server\BOOT-INF\classes\application.properties org.springframework.ide.vscode.boot.app.BootLanguageServerBootApp

Host: Intel(R) Core(TM) i5-1035G1 CPU @ 1.00GHz, 8 cores, 7G,  Windows 10 , 64 bit Build 19041 (10.0.19041.1889)
Time: Thu Oct 20 13:36:38 2022 SE Asia Standard Time elapsed time: 55953.334082 seconds (0d 15h 32m 33s)

---------------  T H R E A D  ---------------

Current thread (0x000001b5aeaf7d70):  VMThread "VM Thread" [stack: 0x0000004a0a500000,0x0000004a0a600000] [id=24932]

Stack: [0x0000004a0a500000,0x0000004a0a600000]
Native frames: (J=compiled Java code, j=interpreted, Vv=VM code, C=native code)
V  [jvm.dll+0x67731a]
V  [jvm.dll+0x832284]
V  [jvm.dll+0x833a2e]
V  [jvm.dll+0x834093]
V  [jvm.dll+0x245775]
V  [jvm.dll+0xa6393]
V  [jvm.dll+0x2f5933]
V  [jvm.dll+0x2f1640]
V  [jvm.dll+0x2d9d27]
V  [jvm.dll+0x31ce37]
V  [jvm.dll+0x83853b]
V  [jvm.dll+0x839274]
V  [jvm.dll+0x83978c]
V  [jvm.dll+0x839b64]
V  [jvm.dll+0x839c30]
V  [jvm.dll+0x7e240a]
V  [jvm.dll+0x6761a5]
C  [ucrtbase.dll+0x21bb2]
C  [KERNEL32.DLL+0x17034]
C  [ntdll.dll+0x526a1]

VM_Operation (0x0000004a0cbfeef0): G1CollectFull, mode: safepoint, requested by thread 0x000001b5b15669d0


---------------  P R O C E S S  ---------------

Threads class SMR info:
_java_thread_list=0x000001b5b39768c0, length=27, elements={
0x000001b5aeb0d740, 0x000001b5aeb0e2f0, 0x000001b5af528130, 0x000001b5aeb22620,
0x000001b5aeb22af0, 0x000001b5aeb253c0, 0x000001b5aeb25c80, 0x000001b5aeb26580,
0x000001b5af7254b0, 0x000001b5af725c10, 0x000001b5b11863c0, 0x000001b5b15669d0,
0x000001b5b1567370, 0x000001b5b1562b40, 0x000001b5b1561cd0, 0x000001b5b1567840,
0x000001b5b15639b0, 0x000001b5b1564cf0, 0x000001b5b155fff0, 0x000001b5b15651c0,
0x000001b5b15604c0, 0x000001b5b1563e80, 0x000001b5b1564350, 0x000001b5b1563010,
0x000001b5b15634e0, 0x000001b5b1566500, 0x000001b5b1561330
}

Java Threads: ( => current thread )
  0x000001b5aeb0d740 JavaThread "Reference Handler" daemon [_thread_blocked, id=18352, stack(0x0000004a0a600000,0x0000004a0a700000)]
  0x000001b5aeb0e2f0 JavaThread "Finalizer" daemon [_thread_blocked, id=24532, stack(0x0000004a0a700000,0x0000004a0a800000)]
  0x000001b5af528130 JavaThread "Signal Dispatcher" daemon [_thread_blocked, id=18544, stack(0x0000004a0a800000,0x0000004a0a900000)]
  0x000001b5aeb22620 JavaThread "Attach Listener" daemon [_thread_blocked, id=16708, stack(0x0000004a0a900000,0x0000004a0aa00000)]
  0x000001b5aeb22af0 JavaThread "Service Thread" daemon [_thread_blocked, id=16872, stack(0x0000004a0aa00000,0x0000004a0ab00000)]
  0x000001b5aeb253c0 JavaThread "Monitor Deflation Thread" daemon [_thread_blocked, id=16500, stack(0x0000004a0ab00000,0x0000004a0ac00000)]
  0x000001b5aeb25c80 JavaThread "C1 CompilerThread0" daemon [_thread_blocked, id=21772, stack(0x0000004a0ac00000,0x0000004a0ad00000)]
  0x000001b5aeb26580 JavaThread "Sweeper thread" daemon [_thread_blocked, id=15128, stack(0x0000004a0ad00000,0x0000004a0ae00000)]
  0x000001b5af7254b0 JavaThread "Notification Thread" daemon [_thread_blocked, id=2620, stack(0x0000004a0ae00000,0x0000004a0af00000)]
  0x000001b5af725c10 JavaThread "Common-Cleaner" daemon [_thread_blocked, id=19616, stack(0x0000004a0b000000,0x0000004a0b100000)]
  0x000001b5b11863c0 JavaThread "boundedElastic-evictor-1" daemon [_thread_blocked, id=25128, stack(0x0000004a0b900000,0x0000004a0ba00000)]
  0x000001b5b15669d0 JavaThread "pool-9-thread-1" [_thread_blocked, id=15228, stack(0x0000004a0cb00000,0x0000004a0cc00000)]
  0x000001b5b1567370 JavaThread "LanguageServerApp-lifecycle" [_thread_blocked, id=4992, stack(0x0000004a0cc00000,0x0000004a0cd00000)]
  0x000001b5b1562b40 JavaThread "DestroyJavaVM" [_thread_blocked, id=9448, stack(0x0000004a09f00000,0x0000004a0a000000)]
  0x000001b5b1561cd0 JavaThread "pool-10-thread-1" [_thread_in_native, id=25640, stack(0x0000004a0ce00000,0x0000004a0cf00000)]
  0x000001b5b1567840 JavaThread "Simple-Language-Server main thread" daemon [_thread_blocked, id=23628, stack(0x0000004a0cf00000,0x0000004a0d000000)]
  0x000001b5b15639b0 JavaThread "pool-7-thread-1" [_thread_blocked, id=1108, stack(0x0000004a0d000000,0x0000004a0d100000)]
  0x000001b5b1564cf0 JavaThread "parallel-1" daemon [_thread_blocked, id=20584, stack(0x0000004a0d100000,0x0000004a0d200000)]
  0x000001b5b155fff0 JavaThread "parallel-2" daemon [_thread_blocked, id=7560, stack(0x0000004a0d200000,0x0000004a0d300000)]
  0x000001b5b15651c0 JavaThread "Reconciler-1" daemon [_thread_blocked, id=18804, stack(0x0000004a0d300000,0x0000004a0d400000)]
  0x000001b5b15604c0 JavaThread "parallel-3" daemon [_thread_blocked, id=2112, stack(0x0000004a0b200000,0x0000004a0b300000)]
  0x000001b5b1563e80 JavaThread "pool-5-thread-1" [_thread_blocked, id=16928, stack(0x0000004a0d500000,0x0000004a0d600000)]
  0x000001b5b1564350 JavaThread "parallel-4" daemon [_thread_blocked, id=16388, stack(0x0000004a0d900000,0x0000004a0da00000)]
  0x000001b5b1563010 JavaThread "parallel-5" daemon [_thread_blocked, id=19168, stack(0x0000004a0da00000,0x0000004a0db00000)]
  0x000001b5b15634e0 JavaThread "parallel-6" daemon [_thread_blocked, id=21328, stack(0x0000004a0b300000,0x0000004a0b400000)]
  0x000001b5b1566500 JavaThread "parallel-7" daemon [_thread_blocked, id=16380, stack(0x0000004a0bd00000,0x0000004a0be00000)]
  0x000001b5b1561330 JavaThread "parallel-8" daemon [_thread_blocked, id=14652, stack(0x0000004a0be00000,0x0000004a0bf00000)]

Other Threads:
=>0x000001b5aeaf7d70 VMThread "VM Thread" [stack: 0x0000004a0a500000,0x0000004a0a600000] [id=24932]
  0x000001b5af725980 WatcherThread [stack: 0x0000004a0af00000,0x0000004a0b000000] [id=8012]
  0x000001b59f902600 GCTaskThread "GC Thread#0" [stack: 0x0000004a0a000000,0x0000004a0a100000] [id=3128]
  0x000001b5b0074cc0 GCTaskThread "GC Thread#1" [stack: 0x0000004a0b400000,0x0000004a0b500000] [id=1492]
  0x000001b5b0074f70 GCTaskThread "GC Thread#2" [stack: 0x0000004a0b500000,0x0000004a0b600000] [id=6948]
  0x000001b5b00aedb0 GCTaskThread "GC Thread#3" [stack: 0x0000004a0b600000,0x0000004a0b700000] [id=23904]
  0x000001b5b00b4080 GCTaskThread "GC Thread#4" [stack: 0x0000004a0b700000,0x0000004a0b800000] [id=16432]
  0x000001b5b00b4330 GCTaskThread "GC Thread#5" [stack: 0x0000004a0b800000,0x0000004a0b900000] [id=8580]
  0x000001b5b0e03690 GCTaskThread "GC Thread#6" [stack: 0x0000004a0ba00000,0x0000004a0bb00000] [id=22680]
  0x000001b5b0e0c8b0 GCTaskThread "GC Thread#7" [stack: 0x0000004a0bb00000,0x0000004a0bc00000] [id=26248]
  0x000001b59f912e00 ConcurrentGCThread "G1 Main Marker" [stack: 0x0000004a0a100000,0x0000004a0a200000] [id=23712]
  0x000001b59f913810 ConcurrentGCThread "G1 Conc#0" [stack: 0x0000004a0a200000,0x0000004a0a300000] [id=17212]
  0x000001b5b0fdc340 ConcurrentGCThread "G1 Conc#1" [stack: 0x0000004a0bc00000,0x0000004a0bd00000] [id=13972]
  0x000001b59f967cc0 ConcurrentGCThread "G1 Refine#0" [stack: 0x0000004a0a300000,0x0000004a0a400000] [id=19724]
  0x000001b5b0f0d480 ConcurrentGCThread "G1 Refine#1" [stack: 0x0000004a0cd00000,0x0000004a0ce00000] [id=9256]
  0x000001b5b3206a60 ConcurrentGCThread "G1 Refine#2" [stack: 0x0000004a0db00000,0x0000004a0dc00000] [id=17552]
  0x000001b5b1525ab0 ConcurrentGCThread "G1 Refine#3" [stack: 0x0000004a0dc00000,0x0000004a0dd00000] [id=21904]
  0x000001b5b3321750 ConcurrentGCThread "G1 Refine#4" [stack: 0x0000004a0dd00000,0x0000004a0de00000] [id=22280]
  0x000001b5b0f0c340 ConcurrentGCThread "G1 Refine#5" [stack: 0x0000004a0de00000,0x0000004a0df00000] [id=5952]
  0x000001b59f9686e0 ConcurrentGCThread "G1 Service" [stack: 0x0000004a0a400000,0x0000004a0a500000] [id=15704]

Threads with active compile tasks:

VM state: at safepoint (normal execution)

VM Mutex/Monitor currently owned by a thread:  ([mutex/lock_event])
[0x000001b59f754750] Threads_lock - owner thread: 0x000001b5aeaf7d70
[0x000001b59f8a48a0] Heap_lock - owner thread: 0x000001b5b15669d0

Heap address: 0x0000000083a00000, size: 1990 MB, Compressed Oops mode: 32-bit

CDS archive(s) not mapped
Compressed class space mapped at: 0x0000000100000000-0x0000000140000000, reserved size: 1073741824
Narrow klass base: 0x0000000000000000, Narrow klass shift: 3, Narrow klass range: 0x140000000

GC Precious Log:
 CPUs: 8 total, 8 available
 Memory: 7959M
 Large Page Support: Disabled
 NUMA Support: Disabled
 Compressed Oops: Enabled (32-bit)
 Heap Region Size: 1M
 Heap Min Capacity: 8M
 Heap Initial Capacity: 126M
 Heap Max Capacity: 1990M
 Pre-touch: Disabled
 Parallel Workers: 8
 Concurrent Workers: 2
 Concurrent Refinement Workers: 8
 Periodic GC: Disabled

Heap:
 garbage-first heap   total 119808K, used 36452K [0x0000000083a00000, 0x0000000100000000)
  region size 1024K, 1 young (1024K), 0 survivors (0K)
 Metaspace       used 54506K, committed 54912K, reserved 1097728K
  class space    used 7229K, committed 7424K, reserved 1048576K

Heap Regions: E=young(eden), S=young(survivor), O=old, HS=humongous(starts), HC=humongous(continues), CS=collection set, F=free, OA=open archive, CA=closed archive, TAMS=top-at-mark-start (previous, next)
|   0|0x0000000083a00000, 0x0000000083afffe8, 0x0000000083b00000| 99%| O|  |TAMS 0x0000000083afffe8, 0x0000000083a00000| Untracked 
|   1|0x0000000083b00000, 0x0000000083c00000, 0x0000000083c00000|100%| O|  |TAMS 0x0000000083c00000, 0x0000000083b00000| Untracked 
|   2|0x0000000083c00000, 0x0000000083d00000, 0x0000000083d00000|100%| O|  |TAMS 0x0000000083d00000, 0x0000000083c00000| Untracked 
|   3|0x0000000083d00000, 0x0000000083e00000, 0x0000000083e00000|100%| O|  |TAMS 0x0000000083e00000, 0x0000000083d00000| Untracked 
|   4|0x0000000083e00000, 0x0000000083effff0, 0x0000000083f00000| 99%| O|  |TAMS 0x0000000083effff0, 0x0000000083e00000| Untracked 
|   5|0x0000000083f00000, 0x0000000084000000, 0x0000000084000000|100%| O|  |TAMS 0x0000000084000000, 0x0000000083f00000| Untracked 
|   6|0x0000000084000000, 0x0000000084100000, 0x0000000084100000|100%| O|  |TAMS 0x0000000084100000, 0x0000000084000000| Untracked 
|   7|0x0000000084100000, 0x00000000841fffb8, 0x0000000084200000| 99%| O|  |TAMS 0x00000000841fffb8, 0x0000000084100000| Untracked 
|   8|0x0000000084200000, 0x00000000842fe500, 0x0000000084300000| 99%| O|  |TAMS 0x00000000842fe500, 0x0000000084200000| Untracked 
|   9|0x0000000084300000, 0x00000000843ffff0, 0x0000000084400000| 99%| O|  |TAMS 0x00000000843ffff0, 0x0000000084300000| Untracked 
|  10|0x0000000084400000, 0x00000000844fffa8, 0x0000000084500000| 99%| O|  |TAMS 0x00000000844fffa8, 0x0000000084400000| Untracked 
|  11|0x0000000084500000, 0x00000000845ffff8, 0x0000000084600000| 99%| O|  |TAMS 0x00000000845ffff8, 0x0000000084500000| Untracked 
|  12|0x0000000084600000, 0x00000000846ff608, 0x0000000084700000| 99%| O|  |TAMS 0x00000000846ff608, 0x0000000084600000| Untracked 
|  13|0x0000000084700000, 0x00000000847fb410, 0x0000000084800000| 98%| O|  |TAMS 0x00000000847fb410, 0x0000000084700000| Untracked 
|  14|0x0000000084800000, 0x00000000848fffe8, 0x0000000084900000| 99%| O|  |TAMS 0x00000000848fffe8, 0x0000000084800000| Untracked 
|  15|0x0000000084900000, 0x0000000084a00000, 0x0000000084a00000|100%| O|  |TAMS 0x0000000084a00000, 0x0000000084900000| Untracked 
|  16|0x0000000084a00000, 0x0000000084aff410, 0x0000000084b00000| 99%| O|  |TAMS 0x0000000084aff410, 0x0000000084a00000| Untracked 
|  17|0x0000000084b00000, 0x0000000084c00000, 0x0000000084c00000|100%| O|  |TAMS 0x0000000084c00000, 0x0000000084b00000| Untracked 
|  18|0x0000000084c00000, 0x0000000084cffff8, 0x0000000084d00000| 99%| O|  |TAMS 0x0000000084cffff8, 0x0000000084c00000| Untracked 
|  19|0x0000000084d00000, 0x0000000084dfffe0, 0x0000000084e00000| 99%| O|  |TAMS 0x0000000084dfffe0, 0x0000000084d00000| Untracked 
|  20|0x0000000084e00000, 0x0000000084efffe8, 0x0000000084f00000| 99%| O|  |TAMS 0x0000000084efffe8, 0x0000000084e00000| Untracked 
|  21|0x0000000084f00000, 0x0000000084fffff8, 0x0000000085000000| 99%| O|  |TAMS 0x0000000084fffff8, 0x0000000084f00000| Untracked 
|  22|0x0000000085000000, 0x00000000850ffff0, 0x0000000085100000| 99%| O|  |TAMS 0x00000000850ffff0, 0x0000000085000000| Untracked 
|  23|0x0000000085100000, 0x0000000085200000, 0x0000000085200000|100%| O|  |TAMS 0x0000000085200000, 0x0000000085100000| Untracked 
|  24|0x0000000085200000, 0x00000000852ff800, 0x0000000085300000| 99%| O|  |TAMS 0x00000000852ff800, 0x0000000085200000| Untracked 
|  25|0x0000000085300000, 0x00000000853ffff0, 0x0000000085400000| 99%| O|  |TAMS 0x00000000853ffff0, 0x0000000085300000| Untracked 
|  26|0x0000000085400000, 0x00000000854ffff8, 0x0000000085500000| 99%| O|  |TAMS 0x00000000854ffff8, 0x0000000085400000| Untracked 
|  27|0x0000000085500000, 0x00000000855ffff8, 0x0000000085600000| 99%| O|  |TAMS 0x00000000855ffff8, 0x0000000085500000| Untracked 
|  28|0x0000000085600000, 0x00000000856fffd8, 0x0000000085700000| 99%| O|  |TAMS 0x00000000856fffd8, 0x0000000085600000| Untracked 
|  29|0x0000000085700000, 0x0000000085800000, 0x0000000085800000|100%| O|  |TAMS 0x0000000085800000, 0x0000000085700000| Untracked 
|  30|0x0000000085800000, 0x00000000858ffff0, 0x0000000085900000| 99%| O|  |TAMS 0x00000000858ffff0, 0x0000000085800000| Untracked 
|  31|0x0000000085900000, 0x00000000859fffe8, 0x0000000085a00000| 99%| O|  |TAMS 0x00000000859fffe8, 0x0000000085900000| Untracked 
|  32|0x0000000085a00000, 0x0000000085afffe0, 0x0000000085b00000| 99%| O|  |TAMS 0x0000000085afffe0, 0x0000000085a00000| Untracked 
|  33|0x0000000085b00000, 0x0000000085bffff8, 0x0000000085c00000| 99%| O|  |TAMS 0x0000000085bffff8, 0x0000000085b00000| Untracked 
|  34|0x0000000085c00000, 0x0000000085ca18d8, 0x0000000085d00000| 63%| O|  |TAMS 0x0000000085c00000, 0x0000000085c00000| Untracked 
|  35|0x0000000085d00000, 0x0000000085d00068, 0x0000000085e00000|  0%| O|  |TAMS 0x0000000085d00000, 0x0000000085d00000| Untracked 
|  36|0x0000000085e00000, 0x0000000085e00000, 0x0000000085f00000|  0%| F|  |TAMS 0x0000000085e00000, 0x0000000085e00000| Untracked 
|  37|0x0000000085f00000, 0x0000000085f00000, 0x0000000086000000|  0%| F|  |TAMS 0x0000000085f00000, 0x0000000085f00000| Untracked 
|  38|0x0000000086000000, 0x0000000086000000, 0x0000000086100000|  0%| F|  |TAMS 0x0000000086000000, 0x0000000086000000| Untracked 
|  39|0x0000000086100000, 0x0000000086100000, 0x0000000086200000|  0%| F|  |TAMS 0x0000000086100000, 0x0000000086100000| Untracked 
|  40|0x0000000086200000, 0x0000000086200000, 0x0000000086300000|  0%| F|  |TAMS 0x0000000086200000, 0x0000000086200000| Untracked 
|  41|0x0000000086300000, 0x0000000086300000, 0x0000000086400000|  0%| F|  |TAMS 0x0000000086300000, 0x0000000086300000| Untracked 
|  42|0x0000000086400000, 0x0000000086400000, 0x0000000086500000|  0%| F|  |TAMS 0x0000000086400000, 0x0000000086400000| Untracked 
|  43|0x0000000086500000, 0x0000000086500000, 0x0000000086600000|  0%| F|  |TAMS 0x0000000086500000, 0x0000000086500000| Untracked 
|  44|0x0000000086600000, 0x0000000086600000, 0x0000000086700000|  0%| F|  |TAMS 0x0000000086600000, 0x0000000086600000| Untracked 
|  45|0x0000000086700000, 0x0000000086700000, 0x0000000086800000|  0%| F|  |TAMS 0x0000000086700000, 0x0000000086700000| Untracked 
|  46|0x0000000086800000, 0x0000000086800000, 0x0000000086900000|  0%| F|  |TAMS 0x0000000086800000, 0x0000000086800000| Untracked 
|  47|0x0000000086900000, 0x0000000086900000, 0x0000000086a00000|  0%| F|  |TAMS 0x0000000086900000, 0x0000000086900000| Untracked 
|  48|0x0000000086a00000, 0x0000000086a00000, 0x0000000086b00000|  0%| F|  |TAMS 0x0000000086a00000, 0x0000000086a00000| Untracked 
|  49|0x0000000086b00000, 0x0000000086b00000, 0x0000000086c00000|  0%| F|  |TAMS 0x0000000086b00000, 0x0000000086b00000| Untracked 
|  50|0x0000000086c00000, 0x0000000086c00000, 0x0000000086d00000|  0%| F|  |TAMS 0x0000000086c00000, 0x0000000086c00000| Untracked 
|  51|0x0000000086d00000, 0x0000000086d00000, 0x0000000086e00000|  0%| F|  |TAMS 0x0000000086d00000, 0x0000000086d00000| Untracked 
|  52|0x0000000086e00000, 0x0000000086e00000, 0x0000000086f00000|  0%| F|  |TAMS 0x0000000086e00000, 0x0000000086e00000| Untracked 
|  53|0x0000000086f00000, 0x0000000086f00000, 0x0000000087000000|  0%| F|  |TAMS 0x0000000086f00000, 0x0000000086f00000| Untracked 
|  54|0x0000000087000000, 0x0000000087000000, 0x0000000087100000|  0%| F|  |TAMS 0x0000000087000000, 0x0000000087000000| Untracked 
|  55|0x0000000087100000, 0x0000000087100000, 0x0000000087200000|  0%| F|  |TAMS 0x0000000087100000, 0x0000000087100000| Untracked 
|  56|0x0000000087200000, 0x0000000087200000, 0x0000000087300000|  0%| F|  |TAMS 0x0000000087200000, 0x0000000087200000| Untracked 
|  57|0x0000000087300000, 0x0000000087300000, 0x0000000087400000|  0%| F|  |TAMS 0x0000000087300000, 0x0000000087300000| Untracked 
|  58|0x0000000087400000, 0x0000000087400000, 0x0000000087500000|  0%| F|  |TAMS 0x0000000087400000, 0x0000000087400000| Untracked 
|  59|0x0000000087500000, 0x0000000087500000, 0x0000000087600000|  0%| F|  |TAMS 0x0000000087500000, 0x0000000087500000| Untracked 
|  60|0x0000000087600000, 0x0000000087600000, 0x0000000087700000|  0%| F|  |TAMS 0x0000000087600000, 0x0000000087600000| Untracked 
|  61|0x0000000087700000, 0x0000000087700000, 0x0000000087800000|  0%| F|  |TAMS 0x0000000087700000, 0x0000000087700000| Untracked 
|  62|0x0000000087800000, 0x0000000087800000, 0x0000000087900000|  0%| F|  |TAMS 0x0000000087800000, 0x0000000087800000| Untracked 
|  63|0x0000000087900000, 0x0000000087900000, 0x0000000087a00000|  0%| F|  |TAMS 0x0000000087900000, 0x0000000087900000| Untracked 
|  64|0x0000000087a00000, 0x0000000087a00000, 0x0000000087b00000|  0%| F|  |TAMS 0x0000000087a00000, 0x0000000087a00000| Untracked 
|  65|0x0000000087b00000, 0x0000000087b00000, 0x0000000087c00000|  0%| F|  |TAMS 0x0000000087b00000, 0x0000000087b00000| Untracked 
|  66|0x0000000087c00000, 0x0000000087c00000, 0x0000000087d00000|  0%| F|  |TAMS 0x0000000087c00000, 0x0000000087c00000| Untracked 
|  67|0x0000000087d00000, 0x0000000087d00000, 0x0000000087e00000|  0%| F|  |TAMS 0x0000000087d00000, 0x0000000087d00000| Untracked 
|  68|0x0000000087e00000, 0x0000000087e00000, 0x0000000087f00000|  0%| F|  |TAMS 0x0000000087e00000, 0x0000000087e00000| Untracked 
|  69|0x0000000087f00000, 0x0000000087f00000, 0x0000000088000000|  0%| F|  |TAMS 0x0000000087f00000, 0x0000000087f00000| Untracked 
|  70|0x0000000088000000, 0x0000000088000000, 0x0000000088100000|  0%| F|  |TAMS 0x0000000088000000, 0x0000000088000000| Untracked 
|  71|0x0000000088100000, 0x0000000088100000, 0x0000000088200000|  0%| F|  |TAMS 0x0000000088100000, 0x0000000088100000| Untracked 
|  72|0x0000000088200000, 0x0000000088200000, 0x0000000088300000|  0%| F|  |TAMS 0x0000000088200000, 0x0000000088200000| Untracked 
|  73|0x0000000088300000, 0x0000000088300000, 0x0000000088400000|  0%| F|  |TAMS 0x0000000088300000, 0x0000000088300000| Untracked 
|  74|0x0000000088400000, 0x0000000088400000, 0x0000000088500000|  0%| F|  |TAMS 0x0000000088400000, 0x0000000088400000| Untracked 
|  75|0x0000000088500000, 0x0000000088500000, 0x0000000088600000|  0%| F|  |TAMS 0x0000000088500000, 0x0000000088500000| Untracked 
|  76|0x0000000088600000, 0x0000000088600000, 0x0000000088700000|  0%| F|  |TAMS 0x0000000088600000, 0x0000000088600000| Untracked 
|  77|0x0000000088700000, 0x0000000088700000, 0x0000000088800000|  0%| F|  |TAMS 0x0000000088700000, 0x0000000088700000| Untracked 
|  78|0x0000000088800000, 0x0000000088800000, 0x0000000088900000|  0%| F|  |TAMS 0x0000000088800000, 0x0000000088800000| Untracked 
|  79|0x0000000088900000, 0x0000000088900000, 0x0000000088a00000|  0%| F|  |TAMS 0x0000000088900000, 0x0000000088900000| Untracked 
|  80|0x0000000088a00000, 0x0000000088a00000, 0x0000000088b00000|  0%| F|  |TAMS 0x0000000088a00000, 0x0000000088a00000| Untracked 
|  81|0x0000000088b00000, 0x0000000088b00000, 0x0000000088c00000|  0%| F|  |TAMS 0x0000000088b00000, 0x0000000088b00000| Untracked 
|  82|0x0000000088c00000, 0x0000000088c00000, 0x0000000088d00000|  0%| F|  |TAMS 0x0000000088c00000, 0x0000000088c00000| Untracked 
|  83|0x0000000088d00000, 0x0000000088d00000, 0x0000000088e00000|  0%| F|  |TAMS 0x0000000088d00000, 0x0000000088d00000| Untracked 
|  84|0x0000000088e00000, 0x0000000088e00000, 0x0000000088f00000|  0%| F|  |TAMS 0x0000000088e00000, 0x0000000088e00000| Untracked 
|  85|0x0000000088f00000, 0x0000000088f00000, 0x0000000089000000|  0%| F|  |TAMS 0x0000000088f00000, 0x0000000088f00000| Untracked 
|  86|0x0000000089000000, 0x0000000089000000, 0x0000000089100000|  0%| F|  |TAMS 0x0000000089000000, 0x0000000089000000| Untracked 
|  87|0x0000000089100000, 0x0000000089100000, 0x0000000089200000|  0%| F|  |TAMS 0x0000000089100000, 0x0000000089100000| Untracked 
|  88|0x0000000089200000, 0x0000000089200000, 0x0000000089300000|  0%| F|  |TAMS 0x0000000089200000, 0x0000000089200000| Untracked 
|  89|0x0000000089300000, 0x0000000089300000, 0x0000000089400000|  0%| F|  |TAMS 0x0000000089300000, 0x0000000089300000| Untracked 
|  90|0x0000000089400000, 0x0000000089400000, 0x0000000089500000|  0%| F|  |TAMS 0x0000000089400000, 0x0000000089400000| Untracked 
|  91|0x0000000089500000, 0x0000000089500000, 0x0000000089600000|  0%| F|  |TAMS 0x0000000089500000, 0x0000000089500000| Untracked 
|  92|0x0000000089600000, 0x0000000089600000, 0x0000000089700000|  0%| F|  |TAMS 0x0000000089600000, 0x0000000089600000| Untracked 
|  93|0x0000000089700000, 0x0000000089700000, 0x0000000089800000|  0%| F|  |TAMS 0x0000000089700000, 0x0000000089700000| Untracked 
|  94|0x0000000089800000, 0x0000000089800000, 0x0000000089900000|  0%| F|  |TAMS 0x0000000089800000, 0x0000000089800000| Untracked 
|  95|0x0000000089900000, 0x0000000089900000, 0x0000000089a00000|  0%| F|  |TAMS 0x0000000089900000, 0x0000000089900000| Untracked 
|  96|0x0000000089a00000, 0x0000000089a00000, 0x0000000089b00000|  0%| F|  |TAMS 0x0000000089a00000, 0x0000000089a00000| Untracked 
|  97|0x0000000089b00000, 0x0000000089b00000, 0x0000000089c00000|  0%| F|  |TAMS 0x0000000089b00000, 0x0000000089b00000| Untracked 
|  98|0x0000000089c00000, 0x0000000089c00000, 0x0000000089d00000|  0%| F|  |TAMS 0x0000000089c00000, 0x0000000089c00000| Untracked 
|  99|0x0000000089d00000, 0x0000000089d00000, 0x0000000089e00000|  0%| F|  |TAMS 0x0000000089d00000, 0x0000000089d00000| Untracked 
| 100|0x0000000089e00000, 0x0000000089e00000, 0x0000000089f00000|  0%| F|  |TAMS 0x0000000089e00000, 0x0000000089e00000| Untracked 
| 101|0x0000000089f00000, 0x0000000089f00000, 0x000000008a000000|  0%| F|  |TAMS 0x0000000089f00000, 0x0000000089f00000| Untracked 
| 102|0x000000008a000000, 0x000000008a000000, 0x000000008a100000|  0%| F|  |TAMS 0x000000008a000000, 0x000000008a000000| Untracked 
| 103|0x000000008a100000, 0x000000008a100000, 0x000000008a200000|  0%| F|  |TAMS 0x000000008a100000, 0x000000008a100000| Untracked 
| 104|0x000000008a200000, 0x000000008a200000, 0x000000008a300000|  0%| F|  |TAMS 0x000000008a200000, 0x000000008a200000| Untracked 
| 105|0x000000008a300000, 0x000000008a300000, 0x000000008a400000|  0%| F|  |TAMS 0x000000008a300000, 0x000000008a300000| Untracked 
| 106|0x000000008a400000, 0x000000008a400000, 0x000000008a500000|  0%| F|  |TAMS 0x000000008a400000, 0x000000008a400000| Untracked 
| 107|0x000000008a500000, 0x000000008a500000, 0x000000008a600000|  0%| F|  |TAMS 0x000000008a500000, 0x000000008a500000| Untracked 
| 108|0x000000008a600000, 0x000000008a600000, 0x000000008a700000|  0%| F|  |TAMS 0x000000008a600000, 0x000000008a600000| Untracked 
| 109|0x000000008a700000, 0x000000008a700000, 0x000000008a800000|  0%| F|  |TAMS 0x000000008a700000, 0x000000008a700000| Untracked 
| 110|0x000000008a800000, 0x000000008a800000, 0x000000008a900000|  0%| F|  |TAMS 0x000000008a800000, 0x000000008a800000| Untracked 
| 111|0x000000008a900000, 0x000000008a900000, 0x000000008aa00000|  0%| F|  |TAMS 0x000000008a900000, 0x000000008a900000| Untracked 
| 112|0x000000008aa00000, 0x000000008aa00000, 0x000000008ab00000|  0%| F|  |TAMS 0x000000008aa00000, 0x000000008aa00000| Untracked 
| 113|0x000000008ab00000, 0x000000008ab00000, 0x000000008ac00000|  0%| F|  |TAMS 0x000000008ab00000, 0x000000008ab00000| Untracked 
| 114|0x000000008ac00000, 0x000000008ac00000, 0x000000008ad00000|  0%| F|  |TAMS 0x000000008ac00000, 0x000000008ac00000| Untracked 
| 115|0x000000008ad00000, 0x000000008ad058a8, 0x000000008ae00000|  2%| E|  |TAMS 0x000000008ad00000, 0x000000008ad00000| Complete 
| 122|0x000000008b400000, 0x000000008b500000, 0x000000008b500000|100%|HS|  |TAMS 0x000000008b500000, 0x000000008b400000| Untracked 

Card table byte_map: [0x000001b5a79f0000,0x000001b5a7de0000] _byte_map_base: 0x000001b5a75d3000

Marking Bits (Prev, Next): (CMBitMap*) 0x000001b59f902c50, (CMBitMap*) 0x000001b59f902c10
 Prev Bits: [0x000001b5aa0f0000, 0x000001b5ac008000)
 Next Bits: [0x000001b5a81d0000, 0x000001b5aa0e8000)

Polling page: 0x000001b59f970000

Metaspace:

Usage:
  Non-class:     46.17 MB used.
      Class:      7.06 MB used.
       Both:     53.23 MB used.

Virtual space:
  Non-class space:       48.00 MB reserved,      46.38 MB ( 97%) committed,  6 nodes.
      Class space:        1.00 GB reserved,       7.25 MB ( <1%) committed,  1 nodes.
             Both:        1.05 GB reserved,      53.62 MB (  5%) committed. 

Chunk freelists:
   Non-Class:  1.56 MB
       Class:  713.00 KB
        Both:  2.25 MB

MaxMetaspaceSize: unlimited
CompressedClassSpaceSize: 1.00 GB
Initial GC threshold: 21.00 MB
Current GC threshold: 89.19 MB
CDS: off
MetaspaceReclaimPolicy: balanced
 - commit_granule_bytes: 65536.
 - commit_granule_words: 8192.
 - virtual_space_node_default_size: 1048576.
 - enlarge_chunks_in_place: 1.
 - new_chunks_are_fully_committed: 0.
 - uncommit_free_chunks: 1.
 - use_allocation_guard: 0.
 - handle_deallocations: 1.


Internal statistics:

num_allocs_failed_limit: 3.
num_arena_births: 798.
num_arena_deaths: 354.
num_vsnodes_births: 7.
num_vsnodes_deaths: 0.
num_space_committed: 861.
num_space_uncommitted: 3.
num_chunks_returned_to_freelist: 481.
num_chunks_taken_from_freelist: 2714.
num_chunk_merges: 168.
num_chunk_splits: 1756.
num_chunks_enlarged: 1255.
num_purges: 42.
num_inconsistent_stats: 0.

CodeCache: size=49152Kb used=23203Kb max_used=23775Kb free=25948Kb
 bounds [0x000001b5a3d20000, 0x000001b5a5460000, 0x000001b5a6d20000]
 total_blobs=12124 nmethods=11508 adapters=542
 compilation: enabled
              stopped_count=0, restarted_count=0
 full_count=0

Compilation events (20 events):
Event: 55183.474 Thread 0x000001b5aeb25c80 11694       1       java.lang.StackTraceElement::dropClassLoaderName (16 bytes)
Event: 55183.474 Thread 0x000001b5aeb25c80 nmethod 11694 0x000001b5a5345890 code [0x000001b5a5345a20, 0x000001b5a5345af8]
Event: 55183.474 Thread 0x000001b5aeb25c80 11695       1       java.lang.StackTraceElement::isNativeMethod (15 bytes)
Event: 55183.474 Thread 0x000001b5aeb25c80 nmethod 11695 0x000001b5a5345590 code [0x000001b5a5345720, 0x000001b5a53457f8]
Event: 55183.474 Thread 0x000001b5aeb25c80 11696       1       ch.qos.logback.classic.pattern.ThrowableProxyConverter::isIgnoredStackTraceLine (51 bytes)
Event: 55183.479 Thread 0x000001b5aeb25c80 nmethod 11696 0x000001b5a5345010 code [0x000001b5a53451e0, 0x000001b5a53453f8]
Event: 55183.479 Thread 0x000001b5aeb25c80 11697       1       ch.qos.logback.classic.pattern.ThrowableProxyConverter::printStackLine (23 bytes)
Event: 55183.482 Thread 0x000001b5aeb25c80 nmethod 11697 0x000001b5a5344a90 code [0x000001b5a5344c60, 0x000001b5a5344e28]
Event: 55183.482 Thread 0x000001b5aeb25c80 11698       1       ch.qos.logback.classic.pattern.ThrowableProxyConverter::extraData (1 bytes)
Event: 55183.482 Thread 0x000001b5aeb25c80 nmethod 11698 0x000001b5a5344790 code [0x000001b5a5344920, 0x000001b5a53449d8]
Event: 55183.883 Thread 0x000001b5aeb25c80 11699       1       org.eclipse.jdt.internal.compiler.CompilationResult::getErrors (94 bytes)
Event: 55183.887 Thread 0x000001b5aeb25c80 nmethod 11699 0x000001b5a5344010 code [0x000001b5a53441c0, 0x000001b5a5344548]
Event: 55183.887 Thread 0x000001b5aeb25c80 11700       1       org.eclipse.jdt.internal.compiler.ClassFile::addDefaultAbstractMethods (60 bytes)
Event: 55183.887 Thread 0x000001b5aeb25c80 nmethod 11700 0x000001b5a5343a90 code [0x000001b5a5343c60, 0x000001b5a5343e38]
Event: 55188.746 Thread 0x000001b5aeb25c80 11701       1       jdk.internal.reflect.MethodAccessorGenerator::isInterface (8 bytes)
Event: 55188.746 Thread 0x000001b5aeb25c80 nmethod 11701 0x000001b5a5343790 code [0x000001b5a5343920, 0x000001b5a5343a08]
Event: 55266.928 Thread 0x000001b5aeb25c80 11702       1       org.eclipse.jdt.internal.compiler.ast.AbstractMethodDeclaration::checkArgumentsSize (105 bytes)
Event: 55266.930 Thread 0x000001b5aeb25c80 nmethod 11702 0x000001b5a5343110 code [0x000001b5a53432c0, 0x000001b5a5343528]
Event: 55278.459 Thread 0x000001b5aeb25c80 11703       1       java.util.stream.Collectors::joining (11 bytes)
Event: 55278.467 Thread 0x000001b5aeb25c80 nmethod 11703 0x000001b5a5342a90 code [0x000001b5a5342c60, 0x000001b5a5342f58]

GC Heap History (20 events):
Event: 55848.926 GC heap before
{Heap before GC invocations=2754 (full 2555):
 garbage-first heap   total 119808K, used 36452K [0x0000000083a00000, 0x0000000100000000)
  region size 1024K, 1 young (1024K), 0 survivors (0K)
 Metaspace       used 54506K, committed 54912K, reserved 1097728K
  class space    used 7229K, committed 7424K, reserved 1048576K
}
Event: 55849.010 GC heap after
{Heap after GC invocations=2755 (full 2556):
 garbage-first heap   total 119808K, used 36452K [0x0000000083a00000, 0x0000000100000000)
  region size 1024K, 0 young (0K), 0 survivors (0K)
 Metaspace       used 54506K, committed 54912K, reserved 1097728K
  class space    used 7229K, committed 7424K, reserved 1048576K
}
Event: 55859.337 GC heap before
{Heap before GC invocations=2755 (full 2556):
 garbage-first heap   total 119808K, used 36452K [0x0000000083a00000, 0x0000000100000000)
  region size 1024K, 1 young (1024K), 0 survivors (0K)
 Metaspace       used 54506K, committed 54912K, reserved 1097728K
  class space    used 7229K, committed 7424K, reserved 1048576K
}
Event: 55859.439 GC heap after
{Heap after GC invocations=2756 (full 2557):
 garbage-first heap   total 119808K, used 36452K [0x0000000083a00000, 0x0000000100000000)
  region size 1024K, 0 young (0K), 0 survivors (0K)
 Metaspace       used 54506K, committed 54912K, reserved 1097728K
  class space    used 7229K, committed 7424K, reserved 1048576K
}
Event: 55869.800 GC heap before
{Heap before GC invocations=2756 (full 2557):
 garbage-first heap   total 119808K, used 36452K [0x0000000083a00000, 0x0000000100000000)
  region size 1024K, 1 young (1024K), 0 survivors (0K)
 Metaspace       used 54506K, committed 54912K, reserved 1097728K
  class space    used 7229K, committed 7424K, reserved 1048576K
}
Event: 55869.903 GC heap after
{Heap after GC invocations=2757 (full 2558):
 garbage-first heap   total 119808K, used 36452K [0x0000000083a00000, 0x0000000100000000)
  region size 1024K, 0 young (0K), 0 survivors (0K)
 Metaspace       used 54506K, committed 54912K, reserved 1097728K
  class space    used 7229K, committed 7424K, reserved 1048576K
}
Event: 55880.300 GC heap before
{Heap before GC invocations=2757 (full 2558):
 garbage-first heap   total 119808K, used 36452K [0x0000000083a00000, 0x0000000100000000)
  region size 1024K, 1 young (1024K), 0 survivors (0K)
 Metaspace       used 54506K, committed 54912K, reserved 1097728K
  class space    used 7229K, committed 7424K, reserved 1048576K
}
Event: 55880.394 GC heap after
{Heap after GC invocations=2758 (full 2559):
 garbage-first heap   total 119808K, used 36452K [0x0000000083a00000, 0x0000000100000000)
  region size 1024K, 0 young (0K), 0 survivors (0K)
 Metaspace       used 54506K, committed 54912K, reserved 1097728K
  class space    used 7229K, committed 7424K, reserved 1048576K
}
Event: 55890.808 GC heap before
{Heap before GC invocations=2758 (full 2559):
 garbage-first heap   total 119808K, used 36452K [0x0000000083a00000, 0x0000000100000000)
  region size 1024K, 1 young (1024K), 0 survivors (0K)
 Metaspace       used 54506K, committed 54912K, reserved 1097728K
  class space    used 7229K, committed 7424K, reserved 1048576K
}
Event: 55890.907 GC heap after
{Heap after GC invocations=2759 (full 2560):
 garbage-first heap   total 119808K, used 36452K [0x0000000083a00000, 0x0000000100000000)
  region size 1024K, 0 young (0K), 0 survivors (0K)
 Metaspace       used 54506K, committed 54912K, reserved 1097728K
  class space    used 7229K, committed 7424K, reserved 1048576K
}
Event: 55901.273 GC heap before
{Heap before GC invocations=2759 (full 2560):
 garbage-first heap   total 119808K, used 36452K [0x0000000083a00000, 0x0000000100000000)
  region size 1024K, 1 young (1024K), 0 survivors (0K)
 Metaspace       used 54506K, committed 54912K, reserved 1097728K
  class space    used 7229K, committed 7424K, reserved 1048576K
}
Event: 55901.367 GC heap after
{Heap after GC invocations=2760 (full 2561):
 garbage-first heap   total 119808K, used 36452K [0x0000000083a00000, 0x0000000100000000)
  region size 1024K, 0 young (0K), 0 survivors (0K)
 Metaspace       used 54506K, committed 54912K, reserved 1097728K
  class space    used 7229K, committed 7424K, reserved 1048576K
}
Event: 55911.707 GC heap before
{Heap before GC invocations=2760 (full 2561):
 garbage-first heap   total 119808K, used 36452K [0x0000000083a00000, 0x0000000100000000)
  region size 1024K, 1 young (1024K), 0 survivors (0K)
 Metaspace       used 54506K, committed 54912K, reserved 1097728K
  class space    used 7229K, committed 7424K, reserved 1048576K
}
Event: 55911.793 GC heap after
{Heap after GC invocations=2761 (full 2562):
 garbage-first heap   total 119808K, used 36452K [0x0000000083a00000, 0x0000000100000000)
  region size 1024K, 0 young (0K), 0 survivors (0K)
 Metaspace       used 54506K, committed 54912K, reserved 1097728K
  class space    used 7229K, committed 7424K, reserved 1048576K
}
Event: 55922.108 GC heap before
{Heap before GC invocations=2761 (full 2562):
 garbage-first heap   total 119808K, used 36452K [0x0000000083a00000, 0x0000000100000000)
  region size 1024K, 1 young (1024K), 0 survivors (0K)
 Metaspace       used 54506K, committed 54912K, reserved 1097728K
  class space    used 7229K, committed 7424K, reserved 1048576K
}
Event: 55922.186 GC heap after
{Heap after GC invocations=2762 (full 2563):
 garbage-first heap   total 119808K, used 36452K [0x0000000083a00000, 0x0000000100000000)
  region size 1024K, 0 young (0K), 0 survivors (0K)
 Metaspace       used 54506K, committed 54912K, reserved 1097728K
  class space    used 7229K, committed 7424K, reserved 1048576K
}
Event: 55932.510 GC heap before
{Heap before GC invocations=2762 (full 2563):
 garbage-first heap   total 119808K, used 36452K [0x0000000083a00000, 0x0000000100000000)
  region size 1024K, 1 young (1024K), 0 survivors (0K)
 Metaspace       used 54506K, committed 54912K, reserved 1097728K
  class space    used 7229K, committed 7424K, reserved 1048576K
}
Event: 55932.605 GC heap after
{Heap after GC invocations=2763 (full 2564):
 garbage-first heap   total 119808K, used 36452K [0x0000000083a00000, 0x0000000100000000)
  region size 1024K, 0 young (0K), 0 survivors (0K)
 Metaspace       used 54506K, committed 54912K, reserved 1097728K
  class space    used 7229K, committed 7424K, reserved 1048576K
}
Event: 55942.992 GC heap before
{Heap before GC invocations=2763 (full 2564):
 garbage-first heap   total 119808K, used 36452K [0x0000000083a00000, 0x0000000100000000)
  region size 1024K, 1 young (1024K), 0 survivors (0K)
 Metaspace       used 54506K, committed 54912K, reserved 1097728K
  class space    used 7229K, committed 7424K, reserved 1048576K
}
Event: 55943.077 GC heap after
{Heap after GC invocations=2764 (full 2565):
 garbage-first heap   total 119808K, used 36452K [0x0000000083a00000, 0x0000000100000000)
  region size 1024K, 0 young (0K), 0 survivors (0K)
 Metaspace       used 54506K, committed 54912K, reserved 1097728K
  class space    used 7229K, committed 7424K, reserved 1048576K
}

Deoptimization events (20 events):
Event: 1574.582 Thread 0x000001b5b1563e80 DEOPT PACKING pc=0x000001b5a4ffaa98 sp=0x0000004a0d5fe2f0
Event: 1574.582 Thread 0x000001b5b1563e80 DEOPT UNPACKING pc=0x000001b5a3d76763 sp=0x0000004a0d5fd7e8 mode 3
Event: 1607.105 Thread 0x000001b5b1564820 DEOPT PACKING pc=0x000001b5a4d96a5e sp=0x0000004a09cfd750
Event: 1607.105 Thread 0x000001b5b1564820 DEOPT UNPACKING pc=0x000001b5a3d76763 sp=0x0000004a09cfcc60 mode 3
Event: 1696.146 Thread 0x000001b5b1564820 DEOPT PACKING pc=0x000001b5a504950f sp=0x0000004a09cfe380
Event: 1696.146 Thread 0x000001b5b1564820 DEOPT UNPACKING pc=0x000001b5a3d76763 sp=0x0000004a09cfd8b0 mode 3
Event: 4328.320 Thread 0x000001b5b3380d60 DEOPT PACKING pc=0x000001b5a50a65ab sp=0x0000004a09dfe690
Event: 4328.321 Thread 0x000001b5b3380d60 DEOPT UNPACKING pc=0x000001b5a3d76763 sp=0x0000004a09dfdb90 mode 3
Event: 5948.358 Thread 0x000001b5b33820a0 DEOPT PACKING pc=0x000001b5a50971d1 sp=0x0000004a09dfde70
Event: 5948.359 Thread 0x000001b5b33820a0 DEOPT UNPACKING pc=0x000001b5a3d76763 sp=0x0000004a09dfd358 mode 3
Event: 6016.509 Thread 0x000001b5b3380d60 DEOPT PACKING pc=0x000001b5a520329d sp=0x0000004a09cfe040
Event: 6016.509 Thread 0x000001b5b3380d60 DEOPT UNPACKING pc=0x000001b5a3d76763 sp=0x0000004a09cfd570 mode 3
Event: 6029.331 Thread 0x000001b5b33820a0 DEOPT PACKING pc=0x000001b5a51d5b47 sp=0x0000004a09dfda50
Event: 6029.332 Thread 0x000001b5b33820a0 DEOPT UNPACKING pc=0x000001b5a3d76763 sp=0x0000004a09dfd488 mode 3
Event: 6143.560 Thread 0x000001b5b3381bd0 DEOPT PACKING pc=0x000001b5a514a544 sp=0x0000004a09efe320
Event: 6143.562 Thread 0x000001b5b3381bd0 DEOPT UNPACKING pc=0x000001b5a3d76763 sp=0x0000004a09efd848 mode 3
Event: 39519.162 Thread 0x000001b5b3381230 DEOPT PACKING pc=0x000001b5a48cd2ab sp=0x0000004a09dfdaa0
Event: 39519.163 Thread 0x000001b5b3381230 DEOPT UNPACKING pc=0x000001b5a3d76763 sp=0x0000004a09dfd030 mode 3
Event: 39529.212 Thread 0x000001b5b33803c0 DEOPT PACKING pc=0x000001b5a505c297 sp=0x0000004a09cfde60
Event: 39529.212 Thread 0x000001b5b33803c0 DEOPT UNPACKING pc=0x000001b5a3d76763 sp=0x0000004a09cfd380 mode 3

Classes unloaded (20 events):
Event: 39665.174 Thread 0x000001b5aeaf7d70 Unloading class 0x000000010073d000 'jdk/internal/reflect/GeneratedConstructorAccessor79'
Event: 39665.175 Thread 0x000001b5aeaf7d70 Unloading class 0x0000000100744c00 'jdk/internal/reflect/GeneratedMethodAccessor101'
Event: 39665.175 Thread 0x000001b5aeaf7d70 Unloading class 0x0000000100744800 'jdk/internal/reflect/GeneratedConstructorAccessor78'
Event: 39665.175 Thread 0x000001b5aeaf7d70 Unloading class 0x000000010073c400 'jdk/internal/reflect/GeneratedMethodAccessor100'
Event: 39665.175 Thread 0x000001b5aeaf7d70 Unloading class 0x000000010073c000 'jdk/internal/reflect/GeneratedMethodAccessor99'
Event: 39665.175 Thread 0x000001b5aeaf7d70 Unloading class 0x0000000100744000 'jdk/internal/reflect/GeneratedMethodAccessor98'
Event: 54021.436 Thread 0x000001b5aeaf7d70 Unloading class 0x000000010074a800 'jdk/internal/reflect/GeneratedMethodAccessor108'
Event: 54021.436 Thread 0x000001b5aeaf7d70 Unloading class 0x000000010074a400 'jdk/internal/reflect/GeneratedConstructorAccessor82'
Event: 54021.436 Thread 0x000001b5aeaf7d70 Unloading class 0x000000010074a000 'jdk/internal/reflect/GeneratedMethodAccessor107'
Event: 54021.436 Thread 0x000001b5aeaf7d70 Unloading class 0x0000000100749c00 'jdk/internal/reflect/GeneratedConstructorAccessor81'
Event: 54021.436 Thread 0x000001b5aeaf7d70 Unloading class 0x0000000100749800 'jdk/internal/reflect/GeneratedMethodAccessor106'
Event: 54021.436 Thread 0x000001b5aeaf7d70 Unloading class 0x0000000100749400 'jdk/internal/reflect/GeneratedMethodAccessor105'
Event: 54021.436 Thread 0x000001b5aeaf7d70 Unloading class 0x0000000100749000 'jdk/internal/reflect/GeneratedMethodAccessor104'
Event: 55362.356 Thread 0x000001b5aeaf7d70 Unloading class 0x000000010074a800 'jdk/internal/reflect/GeneratedMethodAccessor113'
Event: 55362.356 Thread 0x000001b5aeaf7d70 Unloading class 0x000000010074a400 'jdk/internal/reflect/GeneratedConstructorAccessor84'
Event: 55362.356 Thread 0x000001b5aeaf7d70 Unloading class 0x000000010074a000 'jdk/internal/reflect/GeneratedMethodAccessor112'
Event: 55362.356 Thread 0x000001b5aeaf7d70 Unloading class 0x0000000100749c00 'jdk/internal/reflect/GeneratedConstructorAccessor83'
Event: 55362.356 Thread 0x000001b5aeaf7d70 Unloading class 0x0000000100749800 'jdk/internal/reflect/GeneratedMethodAccessor111'
Event: 55362.356 Thread 0x000001b5aeaf7d70 Unloading class 0x0000000100749400 'jdk/internal/reflect/GeneratedMethodAccessor110'
Event: 55362.356 Thread 0x000001b5aeaf7d70 Unloading class 0x0000000100749000 'jdk/internal/reflect/GeneratedMethodAccessor109'

Classes redefined (0 events):
No events

Internal exceptions (20 events):
Event: 38607.933 Thread 0x000001b5b33820a0 Exception <a 'java/lang/NullPointerException'{0x00000000876bfed0}> (0x00000000876bfed0) 
thrown [s\src\hotspot\share\runtime\sharedRuntime.cpp, line 628]
Event: 39499.232 Thread 0x000001b5b3381230 Implicit null exception at 0x000001b5a522843e to 0x000001b5a52288b6
Event: 39499.237 Thread 0x000001b5b3381230 Exception <a 'java/lang/NullPointerException'{0x000000008aa020a0}> (0x000000008aa020a0) 
thrown [s\src\hotspot\share\runtime\sharedRuntime.cpp, line 628]
Event: 39499.238 Thread 0x000001b5b3381230 Implicit null exception at 0x000001b5a522843e to 0x000001b5a52288b6
Event: 39499.238 Thread 0x000001b5b3381230 Exception <a 'java/lang/NullPointerException'{0x000000008aa02990}> (0x000000008aa02990) 
thrown [s\src\hotspot\share\runtime\sharedRuntime.cpp, line 628]
Event: 39499.238 Thread 0x000001b5b3381230 Implicit null exception at 0x000001b5a522843e to 0x000001b5a52288b6
Event: 39499.238 Thread 0x000001b5b3381230 Exception <a 'java/lang/NullPointerException'{0x000000008aa037c8}> (0x000000008aa037c8) 
thrown [s\src\hotspot\share\runtime\sharedRuntime.cpp, line 628]
Event: 39499.238 Thread 0x000001b5b3381230 Implicit null exception at 0x000001b5a522843e to 0x000001b5a52288b6
Event: 39499.238 Thread 0x000001b5b3381230 Exception <a 'java/lang/NullPointerException'{0x000000008aa045e8}> (0x000000008aa045e8) 
thrown [s\src\hotspot\share\runtime\sharedRuntime.cpp, line 628]
Event: 39499.238 Thread 0x000001b5b3381230 Implicit null exception at 0x000001b5a522843e to 0x000001b5a52288b6
Event: 39499.238 Thread 0x000001b5b3381230 Exception <a 'java/lang/NullPointerException'{0x000000008aa05300}> (0x000000008aa05300) 
thrown [s\src\hotspot\share\runtime\sharedRuntime.cpp, line 628]
Event: 39499.238 Thread 0x000001b5b3381230 Implicit null exception at 0x000001b5a522843e to 0x000001b5a52288b6
Event: 39499.238 Thread 0x000001b5b3381230 Exception <a 'java/lang/NullPointerException'{0x000000008aa05f88}> (0x000000008aa05f88) 
thrown [s\src\hotspot\share\runtime\sharedRuntime.cpp, line 628]
Event: 39499.238 Thread 0x000001b5b3381230 Implicit null exception at 0x000001b5a522843e to 0x000001b5a52288b6
Event: 39499.238 Thread 0x000001b5b3381230 Exception <a 'java/lang/NullPointerException'{0x000000008aa06968}> (0x000000008aa06968) 
thrown [s\src\hotspot\share\runtime\sharedRuntime.cpp, line 628]
Event: 39519.161 Thread 0x000001b5b3381230 Implicit null exception at 0x000001b5a48cba66 to 0x000001b5a48cd2a6
Event: 52817.965 Thread 0x000001b5b3381bd0 Exception <a 'java/lang/ArrayIndexOutOfBoundsException'{0x000000008908cb98}> (0x000000008908cb98) 
thrown [s\src\hotspot\share\runtime\sharedRuntime.cpp, line 628]
Event: 52826.431 Thread 0x000001b5b3381bd0 Exception <a 'java/lang/ArrayIndexOutOfBoundsException'{0x00000000882d0858}> (0x00000000882d0858) 
thrown [s\src\hotspot\share\runtime\sharedRuntime.cpp, line 628]
Event: 52827.684 Thread 0x000001b5b3381bd0 Exception <a 'java/lang/ArrayIndexOutOfBoundsException'{0x0000000089e54ad0}> (0x0000000089e54ad0) 
thrown [s\src\hotspot\share\runtime\sharedRuntime.cpp, line 628]
Event: 52832.621 Thread 0x000001b5b1563e80 Exception <a 'java/lang/ArrayIndexOutOfBoundsException'{0x000000008a9c92e8}> (0x000000008a9c92e8) 
thrown [s\src\hotspot\share\runtime\sharedRuntime.cpp, line 628]

VM Operations (20 events):
Event: 55849.010 Executing VM operation: G1CollectFull done
Event: 55859.337 Executing VM operation: G1CollectFull
Event: 55859.440 Executing VM operation: G1CollectFull done
Event: 55869.800 Executing VM operation: G1CollectFull
Event: 55869.904 Executing VM operation: G1CollectFull done
Event: 55880.299 Executing VM operation: G1CollectFull
Event: 55880.394 Executing VM operation: G1CollectFull done
Event: 55890.807 Executing VM operation: G1CollectFull
Event: 55890.907 Executing VM operation: G1CollectFull done
Event: 55901.272 Executing VM operation: G1CollectFull
Event: 55901.367 Executing VM operation: G1CollectFull done
Event: 55911.706 Executing VM operation: G1CollectFull
Event: 55911.794 Executing VM operation: G1CollectFull done
Event: 55922.108 Executing VM operation: G1CollectFull
Event: 55922.186 Executing VM operation: G1CollectFull done
Event: 55932.510 Executing VM operation: G1CollectFull
Event: 55932.605 Executing VM operation: G1CollectFull done
Event: 55942.992 Executing VM operation: G1CollectFull
Event: 55943.077 Executing VM operation: G1CollectFull done
Event: 55953.327 Executing VM operation: G1CollectFull

Events (20 events):
Event: 54975.250 Thread 0x000001b5b33833e0 Thread added: 0x000001b5b33833e0
Event: 54975.268 Thread 0x000001b5b337fef0 Thread added: 0x000001b5b337fef0
Event: 54980.463 Thread 0x000001b5b3382f10 Thread added: 0x000001b5b3382f10
Event: 55040.476 Thread 0x000001b5b3382f10 Thread exited: 0x000001b5b3382f10
Event: 55081.406 Thread 0x000001b5b337fef0 Thread exited: 0x000001b5b337fef0
Event: 55095.192 Thread 0x000001b5b33833e0 Thread exited: 0x000001b5b33833e0
Event: 55098.939 Thread 0x000001b5b3382f10 Thread added: 0x000001b5b3382f10
Event: 55098.942 Thread 0x000001b5b33833e0 Thread added: 0x000001b5b33833e0
Event: 55105.227 Thread 0x000001b5b337fef0 Thread added: 0x000001b5b337fef0
Event: 55118.751 Thread 0x000001b5b3382570 Thread added: 0x000001b5b3382570
Event: 55173.934 Thread 0x000001b5b33803c0 Thread added: 0x000001b5b33803c0
Event: 55233.936 Thread 0x000001b5b337fef0 Thread exited: 0x000001b5b337fef0
Event: 55255.253 Thread 0x000001b5b3382f10 Thread exited: 0x000001b5b3382f10
Event: 55336.506 Thread 0x000001b5b33833e0 Thread exited: 0x000001b5b33833e0
Event: 55379.147 Thread 0x000001b5b33803c0 Thread exited: 0x000001b5b33803c0
Event: 55396.511 Thread 0x000001b5b3382570 Thread exited: 0x000001b5b3382570
Event: 55630.666 Thread 0x000001b5b3382f10 Thread added: 0x000001b5b3382f10
Event: 55630.669 Thread 0x000001b5b3380d60 Thread added: 0x000001b5b3380d60
Event: 55690.688 Thread 0x000001b5b3380d60 Thread exited: 0x000001b5b3380d60
Event: 55694.948 Thread 0x000001b5b3382f10 Thread exited: 0x000001b5b3382f10


Dynamic libraries:
0x00007ff65e870000 - 0x00007ff65e87e000 	c:\Users\DELL\.vscode\extensions\redhat.java-1.11.0-win32-x64\jre\17.0.4.1-win32-x86_64\bin\java.exe
0x00007ffc78fb0000 - 0x00007ffc791a8000 	C:\WINDOWS\SYSTEM32\ntdll.dll
0x00007ffc78aa0000 - 0x00007ffc78b5d000 	C:\WINDOWS\System32\KERNEL32.DLL
0x00007ffc76750000 - 0x00007ffc76a22000 	C:\WINDOWS\System32\KERNELBASE.dll
0x00007ffc73bb0000 - 0x00007ffc73c41000 	C:\WINDOWS\SYSTEM32\apphelp.dll
0x00007ffc76a30000 - 0x00007ffc76b30000 	C:\WINDOWS\System32\ucrtbase.dll
0x00007ffc692d0000 - 0x00007ffc692e8000 	c:\Users\DELL\.vscode\extensions\redhat.java-1.11.0-win32-x64\jre\17.0.4.1-win32-x86_64\bin\jli.dll
0x00007ffc78250000 - 0x00007ffc783ed000 	C:\WINDOWS\System32\USER32.dll
0x00007ffc76bd0000 - 0x00007ffc76bf2000 	C:\WINDOWS\System32\win32u.dll
0x00007ffc78bc0000 - 0x00007ffc78beb000 	C:\WINDOWS\System32\GDI32.dll
0x00007ffc76f00000 - 0x00007ffc7700f000 	C:\WINDOWS\System32\gdi32full.dll
0x00007ffc76b30000 - 0x00007ffc76bcd000 	C:\WINDOWS\System32\msvcp_win.dll
0x00007ffc6f070000 - 0x00007ffc6f089000 	c:\Users\DELL\.vscode\extensions\redhat.java-1.11.0-win32-x64\jre\17.0.4.1-win32-x86_64\bin\VCRUNTIME140.dll
0x00007ffc64b90000 - 0x00007ffc64e2a000 	C:\WINDOWS\WinSxS\amd64_microsoft.windows.common-controls_6595b64144ccf1df_6.0.19041.1110_none_60b5254171f9507e\COMCTL32.dll
0x00007ffc783f0000 - 0x00007ffc7848e000 	C:\WINDOWS\System32\msvcrt.dll
0x00007ffc78210000 - 0x00007ffc78240000 	C:\WINDOWS\System32\IMM32.DLL
0x00007ffc70b90000 - 0x00007ffc70b9c000 	c:\Users\DELL\.vscode\extensions\redhat.java-1.11.0-win32-x64\jre\17.0.4.1-win32-x86_64\bin\vcruntime140_1.dll
0x00007ffc1fe60000 - 0x00007ffc1fef1000 	c:\Users\DELL\.vscode\extensions\redhat.java-1.11.0-win32-x64\jre\17.0.4.1-win32-x86_64\bin\msvcp140.dll
0x00007ffbf4ea0000 - 0x00007ffbf5ae6000 	c:\Users\DELL\.vscode\extensions\redhat.java-1.11.0-win32-x64\jre\17.0.4.1-win32-x86_64\bin\server\jvm.dll
0x00007ffc77e90000 - 0x00007ffc77f3e000 	C:\WINDOWS\System32\ADVAPI32.dll
0x00007ffc78c80000 - 0x00007ffc78d1c000 	C:\WINDOWS\System32\sechost.dll
0x00007ffc78e40000 - 0x00007ffc78f65000 	C:\WINDOWS\System32\RPCRT4.dll
0x00007ffc78e30000 - 0x00007ffc78e38000 	C:\WINDOWS\System32\PSAPI.DLL
0x00007ffc643e0000 - 0x00007ffc64407000 	C:\WINDOWS\SYSTEM32\WINMM.dll
0x00007ffc6f560000 - 0x00007ffc6f569000 	C:\WINDOWS\SYSTEM32\WSOCK32.dll
0x00007ffc77ff0000 - 0x00007ffc7805b000 	C:\WINDOWS\System32\WS2_32.dll
0x00007ffc70e70000 - 0x00007ffc70e7a000 	C:\WINDOWS\SYSTEM32\VERSION.dll
0x00007ffc74ed0000 - 0x00007ffc74ee2000 	C:\WINDOWS\SYSTEM32\kernel.appcore.dll
0x00007ffc708b0000 - 0x00007ffc708ba000 	c:\Users\DELL\.vscode\extensions\redhat.java-1.11.0-win32-x64\jre\17.0.4.1-win32-x86_64\bin\jimage.dll
0x00007ffc74440000 - 0x00007ffc74624000 	C:\WINDOWS\SYSTEM32\DBGHELP.DLL
0x00007ffc703b0000 - 0x00007ffc703dc000 	C:\WINDOWS\SYSTEM32\dbgcore.DLL
0x00007ffc766c0000 - 0x00007ffc76742000 	C:\WINDOWS\System32\bcryptPrimitives.dll
0x00007ffc4b960000 - 0x00007ffc4b985000 	c:\Users\DELL\.vscode\extensions\redhat.java-1.11.0-win32-x64\jre\17.0.4.1-win32-x86_64\bin\java.dll
0x00007ffc49900000 - 0x00007ffc49918000 	c:\Users\DELL\.vscode\extensions\redhat.java-1.11.0-win32-x64\jre\17.0.4.1-win32-x86_64\bin\zip.dll
0x00007ffc77550000 - 0x00007ffc77c93000 	C:\WINDOWS\System32\SHELL32.dll
0x00007ffc74720000 - 0x00007ffc74eb1000 	C:\WINDOWS\SYSTEM32\windows.storage.dll
0x00007ffc78610000 - 0x00007ffc78964000 	C:\WINDOWS\System32\combase.dll
0x00007ffc76020000 - 0x00007ffc76050000 	C:\WINDOWS\SYSTEM32\Wldp.dll
0x00007ffc77ca0000 - 0x00007ffc77d4d000 	C:\WINDOWS\System32\SHCORE.dll
0x00007ffc77d50000 - 0x00007ffc77da5000 	C:\WINDOWS\System32\shlwapi.dll
0x00007ffc76600000 - 0x00007ffc7661f000 	C:\WINDOWS\SYSTEM32\profapi.dll
0x00007ffc497e0000 - 0x00007ffc497f9000 	C:\Users\DELL\.vscode\extensions\redhat.java-1.11.0-win32-x64\jre\17.0.4.1-win32-x86_64\bin\net.dll
0x00007ffc6cbc0000 - 0x00007ffc6cccd000 	C:\WINDOWS\SYSTEM32\WINHTTP.dll
0x00007ffc75d50000 - 0x00007ffc75dba000 	C:\WINDOWS\system32\mswsock.dll
0x00007ffc495e0000 - 0x00007ffc495f5000 	C:\Users\DELL\.vscode\extensions\redhat.java-1.11.0-win32-x64\jre\17.0.4.1-win32-x86_64\bin\nio.dll
0x00007ffc6fb40000 - 0x00007ffc6fb50000 	c:\Users\DELL\.vscode\extensions\redhat.java-1.11.0-win32-x64\jre\17.0.4.1-win32-x86_64\bin\verify.dll
0x00007ffc70bb0000 - 0x00007ffc70bb9000 	C:\Users\DELL\.vscode\extensions\redhat.java-1.11.0-win32-x64\jre\17.0.4.1-win32-x86_64\bin\management.dll
0x00007ffc708d0000 - 0x00007ffc708db000 	C:\Users\DELL\.vscode\extensions\redhat.java-1.11.0-win32-x64\jre\17.0.4.1-win32-x86_64\bin\management_ext.dll
0x00007ffc49be0000 - 0x00007ffc49bf7000 	C:\WINDOWS\system32\napinsp.dll
0x00007ffc49bc0000 - 0x00007ffc49bdb000 	C:\WINDOWS\system32\pnrpnsp.dll
0x00007ffc49ba0000 - 0x00007ffc49bb5000 	C:\WINDOWS\system32\wshbth.dll
0x00007ffc70aa0000 - 0x00007ffc70abd000 	C:\WINDOWS\system32\NLAapi.dll
0x00007ffc75a50000 - 0x00007ffc75a8b000 	C:\WINDOWS\SYSTEM32\IPHLPAPI.DLL
0x00007ffc75a90000 - 0x00007ffc75b5a000 	C:\WINDOWS\SYSTEM32\DNSAPI.dll
0x00007ffc77fe0000 - 0x00007ffc77fe8000 	C:\WINDOWS\System32\NSI.dll
0x00007ffc49b80000 - 0x00007ffc49b92000 	C:\WINDOWS\System32\winrnr.dll
0x00007ffc6cd00000 - 0x00007ffc6cd0a000 	C:\Windows\System32\rasadhlp.dll
0x00007ffc6d8b0000 - 0x00007ffc6d930000 	C:\WINDOWS\System32\fwpuclnt.dll
0x00007ffc76dd0000 - 0x00007ffc76df7000 	C:\WINDOWS\System32\bcrypt.dll
0x00007ffc75ef0000 - 0x00007ffc75f08000 	C:\WINDOWS\SYSTEM32\CRYPTSP.dll
0x00007ffc75680000 - 0x00007ffc756b4000 	C:\WINDOWS\system32\rsaenh.dll
0x00007ffc76580000 - 0x00007ffc765ae000 	C:\WINDOWS\SYSTEM32\USERENV.dll
0x00007ffc75ee0000 - 0x00007ffc75eec000 	C:\WINDOWS\SYSTEM32\CRYPTBASE.dll
0x00007ffc6f7a0000 - 0x00007ffc6f7b7000 	C:\WINDOWS\SYSTEM32\dhcpcsvc6.DLL
0x00007ffc70e90000 - 0x00007ffc70ead000 	C:\WINDOWS\SYSTEM32\dhcpcsvc.DLL

dbghelp: loaded successfully - version: 4.0.5 - missing functions: none
symbol engine: initialized successfully - sym options: 0x614 - pdb path: .;c:\Users\DELL\.vscode\extensions\redhat.java-1.11.0-win32-x64\jre\17.0.4.1-win32-x86_64\bin;C:\WINDOWS\SYSTEM32;C:\WINDOWS\WinSxS\amd64_microsoft.windows.common-controls_6595b64144ccf1df_6.0.19041.1110_none_60b5254171f9507e;c:\Users\DELL\.vscode\extensions\redhat.java-1.11.0-win32-x64\jre\17.0.4.1-win32-x86_64\bin\server

VM Arguments:
jvm_args: -Dsts.lsp.client=vscode -Dsts.log.file=/dev/null -XX:TieredStopAtLevel=1 -Xlog:jni+resolve=off -Dspring.config.location=file:c:\Users\DELL\.vscode\extensions\pivotal.vscode-spring-boot-1.39.0\language-server\BOOT-INF\classes\application.properties 
java_command: org.springframework.ide.vscode.boot.app.BootLanguageServerBootApp
java_class_path (initial): c:\Users\DELL\.vscode\extensions\pivotal.vscode-spring-boot-1.39.0\language-server\BOOT-INF\classes;c:\Users\DELL\.vscode\extensions\pivotal.vscode-spring-boot-1.39.0\language-server\BOOT-INF\lib\annotations-23.0.0.jar;c:\Users\DELL\.vscode\extensions\pivotal.vscode-spring-boot-1.39.0\language-server\BOOT-INF\lib\antlr-runtime-3.5.2.jar;c:\Users\DELL\.vscode\extensions\pivotal.vscode-spring-boot-1.39.0\language-server\BOOT-INF\lib\antlr4-4.9.3.jar;c:\Users\DELL\.vscode\extensions\pivotal.vscode-spring-boot-1.39.0\language-server\BOOT-INF\lib\antlr4-runtime-4.9.3.jar;c:\Users\DELL\.vscode\extensions\pivotal.vscode-spring-boot-1.39.0\language-server\BOOT-INF\lib\asm-9.3.jar;c:\Users\DELL\.vscode\extensions\pivotal.vscode-spring-boot-1.39.0\language-server\BOOT-INF\lib\asm-analysis-9.3.jar;c:\Users\DELL\.vscode\extensions\pivotal.vscode-spring-boot-1.39.0\language-server\BOOT-INF\lib\asm-tree-9.3.jar;c:\Users\DELL\.vscode\extensions\pivotal.vscode-spring-boot-1.39.0\language-server\BOOT-INF\lib\asm-util-9.3.jar;c:\Users\DELL\.vscode\extensions\pivotal.vscode-spring-boot-1.39.0\language-server\BOOT-INF\lib\byte-buddy-1.12.13.jar;c:\Users\DELL\.vscode\extensions\pivotal.vscode-spring-boot-1.39.0\language-server\BOOT-INF\lib\caffeine-2.9.3.jar;c:\Users\DELL\.vscode\extensions\pivotal.vscode-spring-boot-1.39.0\language-server\BOOT-INF\lib\checker-qual-3.12.0.jar;c:\Users\DELL\.vscode\extensions\pivotal.vscode-spring-boot-1.39.0\language-server\BOOT-INF\lib\classgraph-4.8.149.jar;c:\Users\DELL\.vscode\extensions\pivotal.vscode-spring-boot-1.39.0\language-server\BOOT-INF\lib\commons-codec-1.15.jar;c:\Users\DELL\.vscode\extensions\pivotal.vscode-spring-boot-1.39.0\language-server\BOOT-INF\lib\commons-compress-1.21.jar;c:\Users\DELL\.vscode\extensions\pivotal.vscode-spring-boot-1.39.0\language-server\BOOT-INF\lib\commons-exec-1.3.jar;c:\Users\DELL\.vscode\extensions\pivotal.vscode-spring-boot-1.39.0\language-server\BOOT-INF\lib\commons-io-2.4.jar;c
Launcher Type: SUN_STANDARD

[Global flags]
     intx CICompilerCount                          = 4                                         {product} {ergonomic}
     uint ConcGCThreads                            = 2                                         {product} {ergonomic}
     uint G1ConcRefinementThreads                  = 8                                         {product} {ergonomic}
   size_t G1HeapRegionSize                         = 1048576                                   {product} {ergonomic}
    uintx GCDrainStackTargetSize                   = 64                                        {product} {ergonomic}
   size_t InitialHeapSize                          = 132120576                                 {product} {ergonomic}
   size_t MarkStackSize                            = 4194304                                   {product} {ergonomic}
   size_t MaxHeapSize                              = 2086666240                                {product} {ergonomic}
   size_t MaxNewSize                               = 1251999744                                {product} {ergonomic}
   size_t MinHeapDeltaBytes                        = 1048576                                   {product} {ergonomic}
   size_t MinHeapSize                              = 8388608                                   {product} {ergonomic}
    uintx NonProfiledCodeHeapSize                  = 0                                      {pd product} {ergonomic}
     bool ProfileInterpreter                       = false                                  {pd product} {command line}
    uintx ProfiledCodeHeapSize                     = 0                                      {pd product} {ergonomic}
   size_t SoftMaxHeapSize                          = 2086666240                             {manageable} {ergonomic}
     intx TieredStopAtLevel                        = 1                                         {product} {command line}
     bool UseCompressedClassPointers               = true                           {product lp64_product} {ergonomic}
     bool UseCompressedOops                        = true                           {product lp64_product} {ergonomic}
     bool UseG1GC                                  = true                                      {product} {ergonomic}
     bool UseLargePagesIndividualAllocation        = false                                  {pd product} {ergonomic}

Logging:
Log output configuration:
 #0: stdout all=warning,jni+resolve=off uptime,level,tags
 #1: stderr all=off uptime,level,tags

Environment Variables:
JAVA_HOME=C:\Program Files\Java\jdk-18.0.1.1
PATH=C:\Program Files\apache-maven-3.8.5-bin\apache-maven-3.8.5\bin;C:\Python39\Scripts\;C:\Python39\;C:\Apache24\bin;C:\WINDOWS;C:\WINDOWS\System32\Wbem;C:\WINDOWS\System32\WindowsPowerShell\v1.0\;C:\WINDOWS\System32\OpenSSH\;C:\Program Files (x86)\mingw-w64\i686-8.1.0-posix-dwarf-rt_v6-rev0\mingw32\bin;C:\Program Files\Microsoft SQL Server\Client SDK\ODBC\170\Tools\Binn\;C:\Program Files (x86)\Microsoft SQL Server\150\Tools\Binn\;C:\Program Files\Microsoft SQL Server\150\Tools\Binn\;C:\Program Files\Microsoft SQL Server\150\DTS\Binn\;C:\ProgramData\chocolatey\bin;C:\Program Files\Git\cmd;C:\Windows\System32;C:\wamp64\bin\php\php7.3.21;C:\composer;C:\WINDOWS\system32;C:\Program Files\Microsoft SQL Server\130\Tools\Binn\;C:\Program Files (x86)\Microsoft SQL Server\150\DTS\Binn\;C:\Program Files\Azure Data Studio\bin;C:\Program Files\dotnet\;C:\SDL\SDL2-2.0.20\lib\x64;C:\SDL\SDL2_image-2.0.5\lib\x64;C:\Program Files\nodejs\;C:\Program Files\Java\jdk-18.0.1.1\bin;C:\Program Files\gradle-7.5-all\gradle-7.5\bin;C:\Users\DELL\AppData\Local\Microsoft\WindowsApps;C:\Program Files\JetBrains\PhpStorm 2020.3.1\bin;;C:\Users\DELL\AppData\Roaming\Composer\vendor\bin;C:\Users\DELL\AppData\Local\Microsoft\WindowsApps;C:\Program Files\Azure Data Studio\bin;C:\Users\DELL\AppData\Local\Programs\Microsoft VS Code\bin;C:\Users\DELL\AppData\Roaming\npm;C:\Program Files\heroku\bin
USERNAME=DELL
OS=Windows_NT
PROCESSOR_IDENTIFIER=Intel64 Family 6 Model 126 Stepping 5, GenuineIntel
TMP=C:\Users\DELL\AppData\Local\Temp
TEMP=C:\Users\DELL\AppData\Local\Temp



---------------  S Y S T E M  ---------------

OS:
 Windows 10 , 64 bit Build 19041 (10.0.19041.1889)
OS uptime: 7 days 14:40 hours
Hyper-V role detected

CPU: total 8 (initial active 8) (4 cores per cpu, 2 threads per core) family 6 model 126 stepping 5 microcode 0xb2, cx8, cmov, fxsr, ht, mmx, 3dnowpref, sse, sse2, sse3, ssse3, sse4.1, sse4.2, popcnt, lzcnt, tsc, tscinvbit, avx, avx2, aes, erms, clmul, bmi1, bmi2, adx, avx512f, avx512dq, avx512cd, avx512bw, avx512vl, sha, fma, vzeroupper, avx512_vpopcntdq, avx512_vpclmulqdq, avx512_vaes, avx512_vnni, clflush, clflushopt, avx512_vbmi2, avx512_vbmi, hv

Memory: 4k page, system-wide physical 7959M (300M free)
TotalPageFile size 23396M (AvailPageFile size 43M)
current process WorkingSet (physical memory assigned to process): 87M, peak: 753M
current process commit charge ("private bytes"): 300M, peak: 1052M

vm_info: OpenJDK 64-Bit Server VM (17.0.4.1+1) for windows-amd64 JRE (17.0.4.1+1), built on Aug 17 2022 07:42:43 by "temurin" with MS VC++ 16.7 (VS2019)

END.
