#
# There is insufficient memory for the Java Runtime Environment to continue.
# Native memory allocation (mmap) failed to map 217055232 bytes for G1 virtual space
# Possible reasons:
#   The system is out of physical RAM or swap space
#   The process is running with CompressedOops enabled, and the Java Heap may be blocking the growth of the native heap
# Possible solutions:
#   Reduce memory load on the system
#   Increase physical memory or swap space
#   Check if swap backing store is full
#   Decrease Java heap size (-Xmx/-Xms)
#   Decrease number of Java threads
#   Decrease Java thread stack sizes (-Xss)
#   Set larger code cache with -XX:ReservedCodeCacheSize=
#   JVM is running with Unscaled Compressed Oops mode in which the Java heap is
#     placed in the first 4GB address space. The Java Heap base address is the
#     maximum limit for the native heap growth. Please use -XX:HeapBaseMinAddress
#     to set the Java Heap base and to place the Java Heap above 4GB virtual address.
# This output file may be truncated or incomplete.
#
#  Out of Memory Error (os_windows.cpp:3541), pid=25392, tid=14132
#
# JRE version: OpenJDK Runtime Environment Temurin-17.0.4.1+1 (17.0.4.1+1) (build 17.0.4.1+1)
# Java VM: OpenJDK 64-Bit Server VM Temurin-17.0.4.1+1 (17.0.4.1+1, mixed mode, emulated-client, tiered, compressed oops, compressed class ptrs, g1 gc, windows-amd64)
# No core dump will be written. Minidumps are not enabled by default on client versions of Windows
#

---------------  S U M M A R Y ------------

Command Line: -Dsts.lsp.client=vscode -Dsts.log.file=/dev/null -XX:TieredStopAtLevel=1 -Xlog:jni+resolve=off -Dspring.config.location=file:c:\Users\DELL\.vscode\extensions\pivotal.vscode-spring-boot-1.39.0\language-server\BOOT-INF\classes\application.properties org.springframework.ide.vscode.boot.app.BootLanguageServerBootApp

Host: Intel(R) Core(TM) i5-1035G1 CPU @ 1.00GHz, 8 cores, 7G,  Windows 10 , 64 bit Build 19041 (10.0.19041.1889)
Time: Thu Oct 20 13:37:04 2022 SE Asia Standard Time elapsed time: 5.401445 seconds (0d 0h 0m 5s)

---------------  T H R E A D  ---------------

Current thread (0x000001eb0ff087c0):  VMThread "VM Thread" [stack: 0x00000091a9d00000,0x00000091a9e00000] [id=14132]

Stack: [0x00000091a9d00000,0x00000091a9e00000]
Native frames: (J=compiled Java code, j=interpreted, Vv=VM code, C=native code)
V  [jvm.dll+0x67731a]
V  [jvm.dll+0x832284]
V  [jvm.dll+0x833a2e]
V  [jvm.dll+0x834093]
V  [jvm.dll+0x245775]
V  [jvm.dll+0x674209]
V  [jvm.dll+0x668a92]
V  [jvm.dll+0x30471b]
V  [jvm.dll+0x30bc66]
V  [jvm.dll+0x35ba9e]
V  [jvm.dll+0x35bccf]
V  [jvm.dll+0x2db5b8]
V  [jvm.dll+0x2d986c]
V  [jvm.dll+0x2d8e3c]
V  [jvm.dll+0x31cd9b]
V  [jvm.dll+0x83853b]
V  [jvm.dll+0x839274]
V  [jvm.dll+0x83978c]
V  [jvm.dll+0x839b64]
V  [jvm.dll+0x839c30]
V  [jvm.dll+0x7e240a]
V  [jvm.dll+0x6761a5]
C  [ucrtbase.dll+0x21bb2]
C  [KERNEL32.DLL+0x17034]
C  [ntdll.dll+0x526a1]

VM_Operation (0x00000091abdfe740): G1CollectForAllocation, mode: safepoint, requested by thread 0x000001eb12a94a50


---------------  P R O C E S S  ---------------

Threads class SMR info:
_java_thread_list=0x000001eb1469cdc0, length=44, elements={
0x000001eb0ff1c380, 0x000001eb0ff1cf30, 0x000001eb1091bc60, 0x000001eb1091c520,
0x000001eb1091cde0, 0x000001eb1091f6b0, 0x000001eb10923470, 0x000001eb1092cd90,
0x000001eb10b1f760, 0x000001eb10b23c80, 0x000001eb10b303b0, 0x000001eb10b35a50,
0x000001eb113a0a60, 0x000001eb12393450, 0x000001eb12812030, 0x000001eb12a60330,
0x000001eb12a67d70, 0x000001eb12a6b490, 0x000001eb12a6b960, 0x000001eb12a68240,
0x000001eb12a68710, 0x000001eb12a86d00, 0x000001eb12a94a50, 0x000001eb12a94f20,
0x000001eb12a96730, 0x000001eb12a94580, 0x000001eb12a96c00, 0x000001eb12a93710,
0x000001eb12a953f0, 0x000001eb12a93240, 0x000001eb12a958c0, 0x000001eb12a93be0,
0x000001eb12a940b0, 0x000001eb12a95d90, 0x000001eb12a96260, 0x000001eb147010f0,
0x000001eb146fba50, 0x000001eb146fcd90, 0x000001eb14701a90, 0x000001eb146ff410,
0x000001eb146fbf20, 0x000001eb146ffdb0, 0x000001eb147015c0, 0x000001eb146fb0b0
}

Java Threads: ( => current thread )
  0x000001eb0ff1c380 JavaThread "Reference Handler" daemon [_thread_blocked, id=3068, stack(0x00000091a9e00000,0x00000091a9f00000)]
  0x000001eb0ff1cf30 JavaThread "Finalizer" daemon [_thread_blocked, id=348, stack(0x00000091a9f00000,0x00000091aa000000)]
  0x000001eb1091bc60 JavaThread "Signal Dispatcher" daemon [_thread_blocked, id=24608, stack(0x00000091aa000000,0x00000091aa100000)]
  0x000001eb1091c520 JavaThread "Attach Listener" daemon [_thread_blocked, id=20108, stack(0x00000091aa100000,0x00000091aa200000)]
  0x000001eb1091cde0 JavaThread "Service Thread" daemon [_thread_blocked, id=23864, stack(0x00000091aa200000,0x00000091aa300000)]
  0x000001eb1091f6b0 JavaThread "Monitor Deflation Thread" daemon [_thread_blocked, id=24980, stack(0x00000091aa300000,0x00000091aa400000)]
  0x000001eb10923470 JavaThread "C1 CompilerThread0" daemon [_thread_blocked, id=26684, stack(0x00000091aa400000,0x00000091aa500000)]
  0x000001eb1092cd90 JavaThread "Sweeper thread" daemon [_thread_blocked, id=21764, stack(0x00000091aa500000,0x00000091aa600000)]
  0x000001eb10b1f760 JavaThread "C1 CompilerThread1" daemon [_thread_blocked, id=7508, stack(0x00000091aa600000,0x00000091aa700000)]
  0x000001eb10b23c80 JavaThread "C1 CompilerThread2" daemon [_thread_blocked, id=27140, stack(0x00000091aa700000,0x00000091aa800000)]
  0x000001eb10b303b0 JavaThread "Notification Thread" daemon [_thread_blocked, id=10128, stack(0x00000091aa800000,0x00000091aa900000)]
  0x000001eb10b35a50 JavaThread "Common-Cleaner" daemon [_thread_blocked, id=16536, stack(0x00000091aaa00000,0x00000091aab00000)]
  0x000001eb113a0a60 JavaThread "C1 CompilerThread3" daemon [_thread_blocked, id=16012, stack(0x00000091aab00000,0x00000091aac00000)]
  0x000001eb12393450 JavaThread "boundedElastic-evictor-1" daemon [_thread_blocked, id=11380, stack(0x00000091ab100000,0x00000091ab200000)]
  0x000001eb12812030 JavaThread "ForkJoinPool.commonPool-worker-1" daemon [_thread_blocked, id=19688, stack(0x00000091ab500000,0x00000091ab600000)]
  0x000001eb12a60330 JavaThread "ClassGraph-worker-0" daemon [_thread_blocked, id=25556, stack(0x00000091ab600000,0x00000091ab700000)]
  0x000001eb12a67d70 JavaThread "ClassGraph-worker-1" daemon [_thread_blocked, id=7692, stack(0x00000091ab700000,0x00000091ab800000)]
  0x000001eb12a6b490 JavaThread "ClassGraph-worker-2" daemon [_thread_blocked, id=10444, stack(0x00000091ab800000,0x00000091ab900000)]
  0x000001eb12a6b960 JavaThread "ClassGraph-worker-3" daemon [_thread_blocked, id=5260, stack(0x00000091ab900000,0x00000091aba00000)]
  0x000001eb12a68240 JavaThread "ClassGraph-worker-4" daemon [_thread_blocked, id=19912, stack(0x00000091aba00000,0x00000091abb00000)]
  0x000001eb12a68710 JavaThread "ClassGraph-worker-5" daemon [_thread_blocked, id=24040, stack(0x00000091abb00000,0x00000091abc00000)]
  0x000001eb12a86d00 JavaThread "ClassGraph-worker-6" daemon [_thread_blocked, id=5660, stack(0x00000091abc00000,0x00000091abd00000)]
  0x000001eb12a94a50 JavaThread "ClassGraph-worker-7" daemon [_thread_blocked, id=26028, stack(0x00000091abd00000,0x00000091abe00000)]
  0x000001eb12a94f20 JavaThread "ClassGraph-worker-8" daemon [_thread_blocked, id=4856, stack(0x00000091abe00000,0x00000091abf00000)]
  0x000001eb12a96730 JavaThread "ClassGraph-worker-9" daemon [_thread_blocked, id=17316, stack(0x00000091abf00000,0x00000091ac000000)]
  0x000001eb12a94580 JavaThread "ClassGraph-worker-10" daemon [_thread_blocked, id=18124, stack(0x00000091ac000000,0x00000091ac100000)]
  0x000001eb12a96c00 JavaThread "ClassGraph-worker-11" daemon [_thread_blocked, id=19812, stack(0x00000091ac100000,0x00000091ac200000)]
  0x000001eb12a93710 JavaThread "ClassGraph-worker-12" daemon [_thread_blocked, id=13708, stack(0x00000091ac200000,0x00000091ac300000)]
  0x000001eb12a953f0 JavaThread "ClassGraph-worker-13" daemon [_thread_blocked, id=16408, stack(0x00000091ac300000,0x00000091ac400000)]
  0x000001eb12a93240 JavaThread "pool-9-thread-1" [_thread_blocked, id=17496, stack(0x00000091ac400000,0x00000091ac500000)]
  0x000001eb12a958c0 JavaThread "LanguageServerApp-lifecycle" [_thread_blocked, id=6580, stack(0x00000091ac500000,0x00000091ac600000)]
  0x000001eb12a93be0 JavaThread "DestroyJavaVM" [_thread_blocked, id=17876, stack(0x00000091a9700000,0x00000091a9800000)]
  0x000001eb12a940b0 JavaThread "pool-10-thread-1" [_thread_in_native, id=23820, stack(0x00000091ac600000,0x00000091ac700000)]
  0x000001eb12a95d90 JavaThread "Simple-Language-Server main thread" daemon [_thread_blocked, id=26824, stack(0x00000091ac800000,0x00000091ac900000)]
  0x000001eb12a96260 JavaThread "pool-7-thread-1" [_thread_blocked, id=4020, stack(0x00000091ac900000,0x00000091aca00000)]
  0x000001eb147010f0 JavaThread "parallel-1" daemon [_thread_blocked, id=13232, stack(0x00000091aca00000,0x00000091acb00000)]
  0x000001eb146fba50 JavaThread "parallel-2" daemon [_thread_blocked, id=24340, stack(0x00000091acb00000,0x00000091acc00000)]
  0x000001eb146fcd90 JavaThread "parallel-3" daemon [_thread_blocked, id=19604, stack(0x00000091acc00000,0x00000091acd00000)]
  0x000001eb14701a90 JavaThread "parallel-4" daemon [_thread_blocked, id=14752, stack(0x00000091acd00000,0x00000091ace00000)]
  0x000001eb146ff410 JavaThread "ForkJoinPool.commonPool-worker-2" daemon [_thread_blocked, id=12808, stack(0x00000091ace00000,0x00000091acf00000)]
  0x000001eb146fbf20 JavaThread "pool-4-thread-1" [_thread_blocked, id=11328, stack(0x00000091acf00000,0x00000091ad000000)]
  0x000001eb146ffdb0 JavaThread "Reconciler-1" daemon [_thread_blocked, id=25080, stack(0x00000091ad000000,0x00000091ad100000)]
  0x000001eb147015c0 JavaThread "parallel-5" daemon [_thread_blocked, id=7008, stack(0x00000091ad100000,0x00000091ad200000)]
  0x000001eb146fb0b0 JavaThread "pool-4-thread-2" [_thread_blocked, id=3892, stack(0x00000091ad300000,0x00000091ad400000)]

Other Threads:
=>0x000001eb0ff087c0 VMThread "VM Thread" [stack: 0x00000091a9d00000,0x00000091a9e00000] [id=14132]
  0x000001eb02cface0 WatcherThread [stack: 0x00000091aa900000,0x00000091aaa00000] [id=23792]
  0x000001eb02ce2b20 GCTaskThread "GC Thread#0" [stack: 0x00000091a9800000,0x00000091a9900000] [id=21168]
  0x000001eb11491230 GCTaskThread "GC Thread#1" [stack: 0x00000091aac00000,0x00000091aad00000] [id=19372]
  0x000001eb114914e0 GCTaskThread "GC Thread#2" [stack: 0x00000091aad00000,0x00000091aae00000] [id=26676]
  0x000001eb114b6f40 GCTaskThread "GC Thread#3" [stack: 0x00000091aae00000,0x00000091aaf00000] [id=23624]
  0x000001eb114bb600 GCTaskThread "GC Thread#4" [stack: 0x00000091aaf00000,0x00000091ab000000] [id=26632]
  0x000001eb114bb8b0 GCTaskThread "GC Thread#5" [stack: 0x00000091ab000000,0x00000091ab100000] [id=12608]
  0x000001eb121c4740 GCTaskThread "GC Thread#6" [stack: 0x00000091ab200000,0x00000091ab300000] [id=26628]
  0x000001eb121c49f0 GCTaskThread "GC Thread#7" [stack: 0x00000091ab300000,0x00000091ab400000] [id=27384]
  0x000001eb02cf3330 ConcurrentGCThread "G1 Main Marker" [stack: 0x00000091a9900000,0x00000091a9a00000] [id=27500]
  0x000001eb02cf44e0 ConcurrentGCThread "G1 Conc#0" [stack: 0x00000091a9a00000,0x00000091a9b00000] [id=12060]
  0x000001eb122be260 ConcurrentGCThread "G1 Conc#1" [stack: 0x00000091ab400000,0x00000091ab500000] [id=26112]
  0x000001eb0fd724c0 ConcurrentGCThread "G1 Refine#0" [stack: 0x00000091a9b00000,0x00000091a9c00000] [id=11308]
  0x000001eb146b0590 ConcurrentGCThread "G1 Refine#1" [stack: 0x00000091ac700000,0x00000091ac800000] [id=24292]
  0x000001eb146cfc80 ConcurrentGCThread "G1 Refine#2" [stack: 0x00000091ad200000,0x00000091ad300000] [id=19816]
  0x000001eb147a2070 ConcurrentGCThread "G1 Refine#3" [stack: 0x00000091ad400000,0x00000091ad500000] [id=23028]
  0x000001eb0fd72ee0 ConcurrentGCThread "G1 Service" [stack: 0x00000091a9c00000,0x00000091a9d00000] [id=26616]

Threads with active compile tasks:
C1 CompilerThread0     5449 3705       1       io.github.classgraph.Classfile::readFields (781 bytes)
C1 CompilerThread1     5449 3735       1       io.github.classgraph.Classfile::extendScanningUpwards (585 bytes)
C1 CompilerThread2     5449 3712       1       io.github.classgraph.Scanner$ClassfileScannerWorkUnitProcessor::processWorkUnit (11 bytes)
C1 CompilerThread3     5450 3718       1       jdk.internal.module.SystemModuleFinders$SystemModuleReader::release (10 bytes)

VM state: at safepoint (normal execution)

VM Mutex/Monitor currently owned by a thread:  ([mutex/lock_event])
[0x000001eb00ae43c0] Threads_lock - owner thread: 0x000001eb0ff087c0
[0x000001eb02c85cf0] Heap_lock - owner thread: 0x000001eb12a94a50

Heap address: 0x0000000083a00000, size: 1990 MB, Compressed Oops mode: 32-bit

CDS archive(s) not mapped
Compressed class space mapped at: 0x0000000100000000-0x0000000140000000, reserved size: 1073741824
Narrow klass base: 0x0000000000000000, Narrow klass shift: 3, Narrow klass range: 0x140000000

GC Precious Log:
 CPUs: 8 total, 8 available
 Memory: 7959M
 Large Page Support: Disabled
 NUMA Support: Disabled
 Compressed Oops: Enabled (32-bit)
 Heap Region Size: 1M
 Heap Min Capacity: 8M
 Heap Initial Capacity: 126M
 Heap Max Capacity: 1990M
 Pre-touch: Disabled
 Parallel Workers: 8
 Concurrent Workers: 2
 Concurrent Refinement Workers: 8
 Periodic GC: Disabled

Heap:
 garbage-first heap   total 129024K, used 66269K [0x0000000083a00000, 0x0000000100000000)
  region size 1024K, 2 young (2048K), 2 survivors (2048K)
 Metaspace       used 36269K, committed 36672K, reserved 1081344K
  class space    used 4730K, committed 4928K, reserved 1048576K

Heap Regions: E=young(eden), S=young(survivor), O=old, HS=humongous(starts), HC=humongous(continues), CS=collection set, F=free, OA=open archive, CA=closed archive, TAMS=top-at-mark-start (previous, next)
|   0|0x0000000083a00000, 0x0000000083b00000, 0x0000000083b00000|100%| O|  |TAMS 0x0000000083b00000, 0x0000000083a00000| Untracked 
|   1|0x0000000083b00000, 0x0000000083c00000, 0x0000000083c00000|100%| O|  |TAMS 0x0000000083c00000, 0x0000000083b00000| Untracked 
|   2|0x0000000083c00000, 0x0000000083d00000, 0x0000000083d00000|100%| O|  |TAMS 0x0000000083d00000, 0x0000000083c00000| Updating 
|   3|0x0000000083d00000, 0x0000000083e00000, 0x0000000083e00000|100%| O|  |TAMS 0x0000000083e00000, 0x0000000083d00000| Untracked 
|   4|0x0000000083e00000, 0x0000000083f00000, 0x0000000083f00000|100%| O|  |TAMS 0x0000000083f00000, 0x0000000083e00000| Untracked 
|   5|0x0000000083f00000, 0x0000000084000000, 0x0000000084000000|100%| O|  |TAMS 0x0000000084000000, 0x0000000083f00000| Untracked 
|   6|0x0000000084000000, 0x0000000084100000, 0x0000000084100000|100%| O|  |TAMS 0x0000000084100000, 0x0000000084000000| Untracked 
|   7|0x0000000084100000, 0x0000000084200000, 0x0000000084200000|100%| O|  |TAMS 0x0000000084200000, 0x0000000084100000| Untracked 
|   8|0x0000000084200000, 0x0000000084212000, 0x0000000084300000|  7%| O|  |TAMS 0x0000000084212000, 0x0000000084200000| Updating 
|   9|0x0000000084300000, 0x0000000084400000, 0x0000000084400000|100%| O|  |TAMS 0x0000000084400000, 0x0000000084300000| Untracked 
|  10|0x0000000084400000, 0x0000000084500000, 0x0000000084500000|100%| O|  |TAMS 0x0000000084500000, 0x0000000084400000| Untracked 
|  11|0x0000000084500000, 0x0000000084600000, 0x0000000084600000|100%| O|  |TAMS 0x0000000084600000, 0x0000000084500000| Untracked 
|  12|0x0000000084600000, 0x0000000084700000, 0x0000000084700000|100%| O|  |TAMS 0x0000000084700000, 0x0000000084600000| Updating 
|  13|0x0000000084700000, 0x0000000084800000, 0x0000000084800000|100%| O|  |TAMS 0x0000000084800000, 0x0000000084700000| Untracked 
|  14|0x0000000084800000, 0x0000000084900000, 0x0000000084900000|100%| O|  |TAMS 0x0000000084900000, 0x0000000084800000| Untracked 
|  15|0x0000000084900000, 0x0000000084a00000, 0x0000000084a00000|100%| O|  |TAMS 0x0000000084a00000, 0x0000000084900000| Untracked 
|  16|0x0000000084a00000, 0x0000000084b00000, 0x0000000084b00000|100%| O|  |TAMS 0x0000000084b00000, 0x0000000084a00000| Updating 
|  17|0x0000000084b00000, 0x0000000084c00000, 0x0000000084c00000|100%| O|  |TAMS 0x0000000084c00000, 0x0000000084b00000| Untracked 
|  18|0x0000000084c00000, 0x0000000084d00000, 0x0000000084d00000|100%| O|  |TAMS 0x0000000084d00000, 0x0000000084c00000| Updating 
|  19|0x0000000084d00000, 0x0000000084e00000, 0x0000000084e00000|100%| O|  |TAMS 0x0000000084e00000, 0x0000000084d00000| Untracked 
|  20|0x0000000084e00000, 0x0000000084f00000, 0x0000000084f00000|100%| O|  |TAMS 0x0000000084f00000, 0x0000000084e00000| Untracked 
|  21|0x0000000084f00000, 0x0000000085000000, 0x0000000085000000|100%| O|  |TAMS 0x0000000085000000, 0x0000000084f00000| Untracked 
|  22|0x0000000085000000, 0x0000000085100000, 0x0000000085100000|100%| O|  |TAMS 0x0000000085100000, 0x0000000085000000| Updating 
|  23|0x0000000085100000, 0x0000000085200000, 0x0000000085200000|100%| O|  |TAMS 0x0000000085200000, 0x0000000085100000| Untracked 
|  24|0x0000000085200000, 0x0000000085300000, 0x0000000085300000|100%| O|  |TAMS 0x0000000085300000, 0x0000000085200000| Untracked 
|  25|0x0000000085300000, 0x0000000085400000, 0x0000000085400000|100%| O|  |TAMS 0x0000000085400000, 0x0000000085300000| Updating 
|  26|0x0000000085400000, 0x0000000085500000, 0x0000000085500000|100%| O|  |TAMS 0x0000000085500000, 0x0000000085400000| Untracked 
|  27|0x0000000085500000, 0x0000000085600000, 0x0000000085600000|100%| O|  |TAMS 0x0000000085600000, 0x0000000085500000| Untracked 
|  28|0x0000000085600000, 0x0000000085700000, 0x0000000085700000|100%| O|  |TAMS 0x0000000085700000, 0x0000000085600000| Updating 
|  29|0x0000000085700000, 0x0000000085800000, 0x0000000085800000|100%| O|  |TAMS 0x0000000085800000, 0x0000000085700000| Updating 
|  30|0x0000000085800000, 0x0000000085900000, 0x0000000085900000|100%| O|  |TAMS 0x0000000085900000, 0x0000000085800000| Untracked 
|  31|0x0000000085900000, 0x0000000085a00000, 0x0000000085a00000|100%| O|  |TAMS 0x0000000085a00000, 0x0000000085900000| Updating 
|  32|0x0000000085a00000, 0x0000000085b00000, 0x0000000085b00000|100%| O|  |TAMS 0x0000000085b00000, 0x0000000085a00000| Untracked 
|  33|0x0000000085b00000, 0x0000000085c00000, 0x0000000085c00000|100%| O|  |TAMS 0x0000000085c00000, 0x0000000085b00000| Untracked 
|  34|0x0000000085c00000, 0x0000000085d00000, 0x0000000085d00000|100%| O|  |TAMS 0x0000000085d00000, 0x0000000085c00000| Untracked 
|  35|0x0000000085d00000, 0x0000000085e00000, 0x0000000085e00000|100%| O|  |TAMS 0x0000000085e00000, 0x0000000085d00000| Untracked 
|  36|0x0000000085e00000, 0x0000000085f00000, 0x0000000085f00000|100%| O|  |TAMS 0x0000000085f00000, 0x0000000085e00000| Untracked 
|  37|0x0000000085f00000, 0x0000000086000000, 0x0000000086000000|100%| O|  |TAMS 0x0000000086000000, 0x0000000085f00000| Untracked 
|  38|0x0000000086000000, 0x0000000086100000, 0x0000000086100000|100%| O|  |TAMS 0x0000000086100000, 0x0000000086000000| Untracked 
|  39|0x0000000086100000, 0x0000000086200000, 0x0000000086200000|100%| O|  |TAMS 0x0000000086200000, 0x0000000086100000| Updating 
|  40|0x0000000086200000, 0x0000000086300000, 0x0000000086300000|100%| O|  |TAMS 0x0000000086200000, 0x0000000086200000| Untracked 
|  41|0x0000000086300000, 0x0000000086400000, 0x0000000086400000|100%| O|  |TAMS 0x0000000086400000, 0x0000000086300000| Untracked 
|  42|0x0000000086400000, 0x0000000086500000, 0x0000000086500000|100%| O|  |TAMS 0x0000000086500000, 0x0000000086400000| Untracked 
|  43|0x0000000086500000, 0x0000000086600000, 0x0000000086600000|100%| O|  |TAMS 0x0000000086600000, 0x0000000086500000| Untracked 
|  44|0x0000000086600000, 0x0000000086700000, 0x0000000086700000|100%| O|  |TAMS 0x0000000086700000, 0x0000000086600000| Untracked 
|  45|0x0000000086700000, 0x0000000086800000, 0x0000000086800000|100%| O|  |TAMS 0x0000000086800000, 0x0000000086700000| Untracked 
|  46|0x0000000086800000, 0x0000000086900000, 0x0000000086900000|100%| O|  |TAMS 0x0000000086900000, 0x0000000086800000| Untracked 
|  47|0x0000000086900000, 0x0000000086a00000, 0x0000000086a00000|100%| O|  |TAMS 0x0000000086a00000, 0x0000000086900000| Untracked 
|  48|0x0000000086a00000, 0x0000000086b00000, 0x0000000086b00000|100%| O|  |TAMS 0x0000000086b00000, 0x0000000086a00000| Updating 
|  49|0x0000000086b00000, 0x0000000086c00000, 0x0000000086c00000|100%| O|  |TAMS 0x0000000086b4a800, 0x0000000086b00000| Updating 
|  50|0x0000000086c00000, 0x0000000086d00000, 0x0000000086d00000|100%| O|  |TAMS 0x0000000086c00000, 0x0000000086c00000| Untracked 
|  51|0x0000000086d00000, 0x0000000086e00000, 0x0000000086e00000|100%| O|  |TAMS 0x0000000086d00000, 0x0000000086d00000| Untracked 
|  52|0x0000000086e00000, 0x0000000086f00000, 0x0000000086f00000|100%| O|  |TAMS 0x0000000086e00000, 0x0000000086e00000| Untracked 
|  53|0x0000000086f00000, 0x0000000087000000, 0x0000000087000000|100%| O|  |TAMS 0x0000000086f00000, 0x0000000086f00000| Untracked 
|  54|0x0000000087000000, 0x0000000087100000, 0x0000000087100000|100%| O|  |TAMS 0x0000000087000000, 0x0000000087000000| Untracked 
|  55|0x0000000087100000, 0x0000000087200000, 0x0000000087200000|100%|HS|  |TAMS 0x0000000087100000, 0x0000000087100000| Complete 
|  56|0x0000000087200000, 0x0000000087300000, 0x0000000087300000|100%| O|  |TAMS 0x0000000087200000, 0x0000000087200000| Untracked 
|  57|0x0000000087300000, 0x0000000087400000, 0x0000000087400000|100%| O|  |TAMS 0x0000000087300000, 0x0000000087300000| Untracked 
|  58|0x0000000087400000, 0x0000000087500000, 0x0000000087500000|100%| O|  |TAMS 0x0000000087400000, 0x0000000087400000| Untracked 
|  59|0x0000000087500000, 0x0000000087600000, 0x0000000087600000|100%| O|  |TAMS 0x0000000087500000, 0x0000000087500000| Untracked 
|  60|0x0000000087600000, 0x0000000087700000, 0x0000000087700000|100%| O|  |TAMS 0x0000000087600000, 0x0000000087600000| Untracked 
|  61|0x0000000087700000, 0x0000000087800000, 0x0000000087800000|100%| O|  |TAMS 0x0000000087700000, 0x0000000087700000| Untracked 
|  62|0x0000000087800000, 0x0000000087900000, 0x0000000087900000|100%| O|  |TAMS 0x0000000087800000, 0x0000000087800000| Untracked 
|  63|0x0000000087900000, 0x0000000087a00000, 0x0000000087a00000|100%| O|  |TAMS 0x0000000087900000, 0x0000000087900000| Untracked 
|  64|0x0000000087a00000, 0x0000000087a40a00, 0x0000000087b00000| 25%| O|  |TAMS 0x0000000087a00000, 0x0000000087a00000| Untracked 
|  65|0x0000000087b00000, 0x0000000087b00000, 0x0000000087c00000|  0%| F|  |TAMS 0x0000000087b00000, 0x0000000087b00000| Untracked 
|  66|0x0000000087c00000, 0x0000000087c00000, 0x0000000087d00000|  0%| F|  |TAMS 0x0000000087c00000, 0x0000000087c00000| Untracked 
|  67|0x0000000087d00000, 0x0000000087d00000, 0x0000000087e00000|  0%| F|  |TAMS 0x0000000087d00000, 0x0000000087d00000| Untracked 
|  68|0x0000000087e00000, 0x0000000087e00000, 0x0000000087f00000|  0%| F|  |TAMS 0x0000000087e00000, 0x0000000087e00000| Untracked 
|  69|0x0000000087f00000, 0x0000000087f00000, 0x0000000088000000|  0%| F|  |TAMS 0x0000000087f00000, 0x0000000087f00000| Untracked 
|  70|0x0000000088000000, 0x0000000088000000, 0x0000000088100000|  0%| F|  |TAMS 0x0000000088000000, 0x0000000088000000| Untracked 
|  71|0x0000000088100000, 0x0000000088100000, 0x0000000088200000|  0%| F|  |TAMS 0x0000000088100000, 0x0000000088100000| Untracked 
|  72|0x0000000088200000, 0x0000000088200000, 0x0000000088300000|  0%| F|  |TAMS 0x0000000088200000, 0x0000000088200000| Untracked 
|  73|0x0000000088300000, 0x0000000088300000, 0x0000000088400000|  0%| F|  |TAMS 0x0000000088300000, 0x0000000088300000| Untracked 
|  74|0x0000000088400000, 0x0000000088400000, 0x0000000088500000|  0%| F|  |TAMS 0x0000000088400000, 0x0000000088400000| Untracked 
|  75|0x0000000088500000, 0x0000000088500000, 0x0000000088600000|  0%| F|  |TAMS 0x0000000088500000, 0x0000000088500000| Untracked 
|  76|0x0000000088600000, 0x0000000088600000, 0x0000000088700000|  0%| F|  |TAMS 0x0000000088600000, 0x0000000088600000| Untracked 
|  77|0x0000000088700000, 0x0000000088700000, 0x0000000088800000|  0%| F|  |TAMS 0x0000000088700000, 0x0000000088700000| Untracked 
|  78|0x0000000088800000, 0x0000000088800000, 0x0000000088900000|  0%| F|  |TAMS 0x0000000088800000, 0x0000000088800000| Untracked 
|  79|0x0000000088900000, 0x0000000088900000, 0x0000000088a00000|  0%| F|  |TAMS 0x0000000088900000, 0x0000000088900000| Untracked 
|  80|0x0000000088a00000, 0x0000000088a00000, 0x0000000088b00000|  0%| F|  |TAMS 0x0000000088a00000, 0x0000000088a00000| Untracked 
|  81|0x0000000088b00000, 0x0000000088b00000, 0x0000000088c00000|  0%| F|  |TAMS 0x0000000088b00000, 0x0000000088b00000| Untracked 
|  82|0x0000000088c00000, 0x0000000088c00000, 0x0000000088d00000|  0%| F|  |TAMS 0x0000000088c00000, 0x0000000088c00000| Untracked 
|  83|0x0000000088d00000, 0x0000000088d00000, 0x0000000088e00000|  0%| F|  |TAMS 0x0000000088d00000, 0x0000000088d00000| Untracked 
|  84|0x0000000088e00000, 0x0000000088e00000, 0x0000000088f00000|  0%| F|  |TAMS 0x0000000088e00000, 0x0000000088e00000| Untracked 
|  85|0x0000000088f00000, 0x0000000088f00000, 0x0000000089000000|  0%| F|  |TAMS 0x0000000088f00000, 0x0000000088f00000| Untracked 
|  86|0x0000000089000000, 0x0000000089000000, 0x0000000089100000|  0%| F|  |TAMS 0x0000000089000000, 0x0000000089000000| Untracked 
|  87|0x0000000089100000, 0x0000000089100000, 0x0000000089200000|  0%| F|  |TAMS 0x0000000089100000, 0x0000000089100000| Untracked 
|  88|0x0000000089200000, 0x0000000089200000, 0x0000000089300000|  0%| F|  |TAMS 0x0000000089200000, 0x0000000089200000| Untracked 
|  89|0x0000000089300000, 0x0000000089300000, 0x0000000089400000|  0%| F|  |TAMS 0x0000000089300000, 0x0000000089300000| Untracked 
|  90|0x0000000089400000, 0x0000000089400000, 0x0000000089500000|  0%| F|  |TAMS 0x0000000089400000, 0x0000000089400000| Untracked 
|  91|0x0000000089500000, 0x0000000089500000, 0x0000000089600000|  0%| F|  |TAMS 0x0000000089500000, 0x0000000089500000| Untracked 
|  92|0x0000000089600000, 0x0000000089600000, 0x0000000089700000|  0%| F|  |TAMS 0x0000000089600000, 0x0000000089600000| Untracked 
|  93|0x0000000089700000, 0x0000000089700000, 0x0000000089800000|  0%| F|  |TAMS 0x0000000089700000, 0x0000000089700000| Untracked 
|  94|0x0000000089800000, 0x0000000089864c08, 0x0000000089900000| 39%| S|CS|TAMS 0x0000000089800000, 0x0000000089800000| Complete 
|  95|0x0000000089900000, 0x0000000089a00000, 0x0000000089a00000|100%| S|CS|TAMS 0x0000000089900000, 0x0000000089900000| Complete 
|  96|0x0000000089a00000, 0x0000000089a00000, 0x0000000089b00000|  0%| F|  |TAMS 0x0000000089a00000, 0x0000000089a00000| Untracked 
|  97|0x0000000089b00000, 0x0000000089b00000, 0x0000000089c00000|  0%| F|  |TAMS 0x0000000089b00000, 0x0000000089b00000| Untracked 
|  98|0x0000000089c00000, 0x0000000089c00000, 0x0000000089d00000|  0%| F|  |TAMS 0x0000000089c00000, 0x0000000089c00000| Untracked 
|  99|0x0000000089d00000, 0x0000000089d00000, 0x0000000089e00000|  0%| F|  |TAMS 0x0000000089d00000, 0x0000000089d00000| Untracked 
| 100|0x0000000089e00000, 0x0000000089e00000, 0x0000000089f00000|  0%| F|  |TAMS 0x0000000089e00000, 0x0000000089e00000| Untracked 
| 101|0x0000000089f00000, 0x0000000089f00000, 0x000000008a000000|  0%| F|  |TAMS 0x0000000089f00000, 0x0000000089f00000| Untracked 
| 102|0x000000008a000000, 0x000000008a000000, 0x000000008a100000|  0%| F|  |TAMS 0x000000008a000000, 0x000000008a000000| Untracked 
| 103|0x000000008a100000, 0x000000008a100000, 0x000000008a200000|  0%| F|  |TAMS 0x000000008a100000, 0x000000008a100000| Untracked 
| 104|0x000000008a200000, 0x000000008a200000, 0x000000008a300000|  0%| F|  |TAMS 0x000000008a200000, 0x000000008a200000| Untracked 
| 105|0x000000008a300000, 0x000000008a300000, 0x000000008a400000|  0%| F|  |TAMS 0x000000008a300000, 0x000000008a300000| Untracked 
| 106|0x000000008a400000, 0x000000008a400000, 0x000000008a500000|  0%| F|  |TAMS 0x000000008a400000, 0x000000008a400000| Untracked 
| 107|0x000000008a500000, 0x000000008a500000, 0x000000008a600000|  0%| F|  |TAMS 0x000000008a500000, 0x000000008a500000| Untracked 
| 108|0x000000008a600000, 0x000000008a600000, 0x000000008a700000|  0%| F|  |TAMS 0x000000008a600000, 0x000000008a600000| Untracked 
| 109|0x000000008a700000, 0x000000008a700000, 0x000000008a800000|  0%| F|  |TAMS 0x000000008a700000, 0x000000008a700000| Untracked 
| 110|0x000000008a800000, 0x000000008a800000, 0x000000008a900000|  0%| F|  |TAMS 0x000000008a800000, 0x000000008a800000| Untracked 
| 111|0x000000008a900000, 0x000000008a900000, 0x000000008aa00000|  0%| F|  |TAMS 0x000000008a900000, 0x000000008a900000| Untracked 
| 112|0x000000008aa00000, 0x000000008aa00000, 0x000000008ab00000|  0%| F|  |TAMS 0x000000008aa00000, 0x000000008aa00000| Untracked 
| 113|0x000000008ab00000, 0x000000008ab00000, 0x000000008ac00000|  0%| F|  |TAMS 0x000000008ab00000, 0x000000008ab00000| Untracked 
| 114|0x000000008ac00000, 0x000000008ac00000, 0x000000008ad00000|  0%| F|  |TAMS 0x000000008ac00000, 0x000000008ac00000| Untracked 
| 115|0x000000008ad00000, 0x000000008ad00000, 0x000000008ae00000|  0%| F|  |TAMS 0x000000008ad00000, 0x000000008ad00000| Untracked 
| 116|0x000000008ae00000, 0x000000008ae00000, 0x000000008af00000|  0%| F|  |TAMS 0x000000008ae00000, 0x000000008ae00000| Untracked 
| 117|0x000000008af00000, 0x000000008af00000, 0x000000008b000000|  0%| F|  |TAMS 0x000000008af00000, 0x000000008af00000| Untracked 
| 118|0x000000008b000000, 0x000000008b000000, 0x000000008b100000|  0%| F|  |TAMS 0x000000008b000000, 0x000000008b000000| Untracked 
| 119|0x000000008b100000, 0x000000008b100000, 0x000000008b200000|  0%| F|  |TAMS 0x000000008b100000, 0x000000008b100000| Untracked 
| 120|0x000000008b200000, 0x000000008b200000, 0x000000008b300000|  0%| F|  |TAMS 0x000000008b200000, 0x000000008b200000| Untracked 
| 121|0x000000008b300000, 0x000000008b300000, 0x000000008b400000|  0%| F|  |TAMS 0x000000008b300000, 0x000000008b300000| Untracked 
| 122|0x000000008b400000, 0x000000008b400000, 0x000000008b500000|  0%| F|  |TAMS 0x000000008b400000, 0x000000008b400000| Untracked 
| 123|0x000000008b500000, 0x000000008b500000, 0x000000008b600000|  0%| F|  |TAMS 0x000000008b500000, 0x000000008b500000| Untracked 
| 124|0x000000008b600000, 0x000000008b600000, 0x000000008b700000|  0%| F|  |TAMS 0x000000008b600000, 0x000000008b600000| Untracked 
| 125|0x000000008b700000, 0x000000008b700000, 0x000000008b800000|  0%| F|  |TAMS 0x000000008b700000, 0x000000008b700000| Untracked 

Card table byte_map: [0x000001eb08e10000,0x000001eb09200000] _byte_map_base: 0x000001eb089f3000

Marking Bits (Prev, Next): (CMBitMap*) 0x000001eb02ce3180, (CMBitMap*) 0x000001eb02ce3140
 Prev Bits: [0x000001eb0b510000, 0x000001eb0d428000)
 Next Bits: [0x000001eb095f0000, 0x000001eb0b508000)

Polling page: 0x000001eb00e20000

Metaspace:

Usage:
  Non-class:     30.80 MB used.
      Class:      4.62 MB used.
       Both:     35.42 MB used.

Virtual space:
  Non-class space:       32.00 MB reserved,      31.00 MB ( 97%) committed,  4 nodes.
      Class space:        1.00 GB reserved,       4.81 MB ( <1%) committed,  1 nodes.
             Both:        1.03 GB reserved,      35.81 MB (  3%) committed. 

Chunk freelists:
   Non-Class:  638.00 KB
       Class:  3.06 MB
        Both:  3.68 MB

MaxMetaspaceSize: unlimited
CompressedClassSpaceSize: 1.00 GB
Initial GC threshold: 21.00 MB
Current GC threshold: 59.69 MB
CDS: off
MetaspaceReclaimPolicy: balanced
 - commit_granule_bytes: 65536.
 - commit_granule_words: 8192.
 - virtual_space_node_default_size: 1048576.
 - enlarge_chunks_in_place: 1.
 - new_chunks_are_fully_committed: 0.
 - uncommit_free_chunks: 1.
 - use_allocation_guard: 0.
 - handle_deallocations: 1.


Internal statistics:

num_allocs_failed_limit: 5.
num_arena_births: 342.
num_arena_deaths: 0.
num_vsnodes_births: 5.
num_vsnodes_deaths: 0.
num_space_committed: 573.
num_space_uncommitted: 0.
num_chunks_returned_to_freelist: 5.
num_chunks_taken_from_freelist: 1395.
num_chunk_merges: 5.
num_chunk_splits: 952.
num_chunks_enlarged: 732.
num_purges: 0.
num_inconsistent_stats: 0.

CodeCache: size=49152Kb used=9025Kb max_used=9025Kb free=40126Kb
 bounds [0x000001eb05910000, 0x000001eb061f0000, 0x000001eb08910000]
 total_blobs=4233 nmethods=3708 adapters=449
 compilation: enabled
              stopped_count=0, restarted_count=0
 full_count=0

Compilation events (20 events):
Event: 5.375 Thread 0x000001eb113a0a60 nmethod 3701 0x000001eb061ce990 code [0x000001eb061ceb60, 0x000001eb061cedf8]
Event: 5.375 Thread 0x000001eb113a0a60 3707       1       jdk.internal.jimage.decompressor.ZipDecompressor::decompress (81 bytes)
Event: 5.376 Thread 0x000001eb113a0a60 nmethod 3707 0x000001eb061cef90 code [0x000001eb061cf1c0, 0x000001eb061cf998]
Event: 5.376 Thread 0x000001eb113a0a60 3703       1       jdk.internal.module.SystemModuleFinders$SystemModuleReader$$Lambda$130/0x00000001001e93f8::<init> (10 bytes)
Event: 5.376 Thread 0x000001eb113a0a60 nmethod 3703 0x000001eb061cfd90 code [0x000001eb061cff20, 0x000001eb061d0038]
Event: 5.376 Thread 0x000001eb113a0a60 3700       1       jdk.internal.jimage.ImageReader::getResourceBuffer (13 bytes)
Event: 5.376 Thread 0x000001eb113a0a60 nmethod 3700 0x000001eb061d0090 code [0x000001eb061d0240, 0x000001eb061d03d8]
Event: 5.376 Thread 0x000001eb113a0a60 3721   !   1       jdk.internal.jimage.decompressor.Decompressor::decompressResource (260 bytes)
Event: 5.379 Thread 0x000001eb10b1f760 nmethod 3689 0x000001eb061d0510 code [0x000001eb061d0c40, 0x000001eb061d3f48]
Event: 5.379 Thread 0x000001eb10b1f760 3708       1       io.github.classgraph.Classfile::getConstantPoolString (7 bytes)
Event: 5.379 Thread 0x000001eb10b23c80 nmethod 3704 0x000001eb061d6d10 code [0x000001eb061d72e0, 0x000001eb061d9318]
Event: 5.379 Thread 0x000001eb10b23c80 3696  s    1       java.util.zip.Inflater$InflaterZStreamRef::run (21 bytes)
Event: 5.379 Thread 0x000001eb113a0a60 nmethod 3721 0x000001eb061da810 code [0x000001eb061dab60, 0x000001eb061dbb78]
Event: 5.379 Thread 0x000001eb113a0a60 3718       1       jdk.internal.module.SystemModuleFinders$SystemModuleReader::release (10 bytes)
Event: 5.380 Thread 0x000001eb10b23c80 nmethod 3696 0x000001eb061dfa90 code [0x000001eb061dfc20, 0x000001eb061dfdc8]
Event: 5.380 Thread 0x000001eb10b23c80 3712       1       io.github.classgraph.Scanner$ClassfileScannerWorkUnitProcessor::processWorkUnit (11 bytes)
Event: 5.380 Thread 0x000001eb10b1f760 nmethod 3708 0x000001eb061dfe90 code [0x000001eb061e0020, 0x000001eb061e0108]
Event: 5.387 Thread 0x000001eb10b1f760 3735       1       io.github.classgraph.Classfile::extendScanningUpwards (585 bytes)
Event: 5.389 Thread 0x000001eb113a0a60 nmethod 3718 0x000001eb061e0190 code [0x000001eb061e0340, 0x000001eb061e0538]
Event: 5.389 Thread 0x000001eb10923470 nmethod 3705 0x000001eb061dc690 code [0x000001eb061dcba0, 0x000001eb061de4c8]

GC Heap History (20 events):
Event: 4.223 GC heap after
{Heap after GC invocations=7 (full 0):
 garbage-first heap   total 51200K, used 16923K [0x0000000083a00000, 0x0000000100000000)
  region size 1024K, 2 young (2048K), 2 survivors (2048K)
 Metaspace       used 32432K, committed 32704K, reserved 1081344K
  class space    used 4111K, committed 4224K, reserved 1048576K
}
Event: 4.342 GC heap before
{Heap before GC invocations=7 (full 0):
 garbage-first heap   total 51200K, used 34331K [0x0000000083a00000, 0x0000000100000000)
  region size 1024K, 20 young (20480K), 2 survivors (2048K)
 Metaspace       used 33122K, committed 33472K, reserved 1081344K
  class space    used 4200K, committed 4352K, reserved 1048576K
}
Event: 4.353 GC heap after
{Heap after GC invocations=8 (full 0):
 garbage-first heap   total 61440K, used 21063K [0x0000000083a00000, 0x0000000100000000)
  region size 1024K, 3 young (3072K), 3 survivors (3072K)
 Metaspace       used 33122K, committed 33472K, reserved 1081344K
  class space    used 4200K, committed 4352K, reserved 1048576K
}
Event: 4.448 GC heap before
{Heap before GC invocations=8 (full 0):
 garbage-first heap   total 61440K, used 41543K [0x0000000083a00000, 0x0000000100000000)
  region size 1024K, 24 young (24576K), 3 survivors (3072K)
 Metaspace       used 33312K, committed 33600K, reserved 1081344K
  class space    used 4234K, committed 4352K, reserved 1048576K
}
Event: 4.453 GC heap after
{Heap after GC invocations=9 (full 0):
 garbage-first heap   total 61440K, used 25017K [0x0000000083a00000, 0x0000000100000000)
  region size 1024K, 3 young (3072K), 3 survivors (3072K)
 Metaspace       used 33312K, committed 33600K, reserved 1081344K
  class space    used 4234K, committed 4352K, reserved 1048576K
}
Event: 4.535 GC heap before
{Heap before GC invocations=9 (full 0):
 garbage-first heap   total 61440K, used 43449K [0x0000000083a00000, 0x0000000100000000)
  region size 1024K, 21 young (21504K), 3 survivors (3072K)
 Metaspace       used 33725K, committed 34048K, reserved 1081344K
  class space    used 4296K, committed 4480K, reserved 1048576K
}
Event: 4.540 GC heap after
{Heap after GC invocations=10 (full 0):
 garbage-first heap   total 61440K, used 28714K [0x0000000083a00000, 0x0000000100000000)
  region size 1024K, 3 young (3072K), 3 survivors (3072K)
 Metaspace       used 33725K, committed 34048K, reserved 1081344K
  class space    used 4296K, committed 4480K, reserved 1048576K
}
Event: 4.607 GC heap before
{Heap before GC invocations=10 (full 0):
 garbage-first heap   total 61440K, used 45098K [0x0000000083a00000, 0x0000000100000000)
  region size 1024K, 19 young (19456K), 3 survivors (3072K)
 Metaspace       used 33896K, committed 34240K, reserved 1081344K
  class space    used 4323K, committed 4480K, reserved 1048576K
}
Event: 4.613 GC heap after
{Heap after GC invocations=11 (full 0):
 garbage-first heap   total 61440K, used 31717K [0x0000000083a00000, 0x0000000100000000)
  region size 1024K, 3 young (3072K), 3 survivors (3072K)
 Metaspace       used 33896K, committed 34240K, reserved 1081344K
  class space    used 4323K, committed 4480K, reserved 1048576K
}
Event: 4.668 GC heap before
{Heap before GC invocations=11 (full 0):
 garbage-first heap   total 61440K, used 46053K [0x0000000083a00000, 0x0000000100000000)
  region size 1024K, 17 young (17408K), 3 survivors (3072K)
 Metaspace       used 34080K, committed 34432K, reserved 1081344K
  class space    used 4347K, committed 4544K, reserved 1048576K
}
Event: 4.673 GC heap after
{Heap after GC invocations=12 (full 0):
 garbage-first heap   total 109568K, used 34423K [0x0000000083a00000, 0x0000000100000000)
  region size 1024K, 3 young (3072K), 3 survivors (3072K)
 Metaspace       used 34080K, committed 34432K, reserved 1081344K
  class space    used 4347K, committed 4544K, reserved 1048576K
}
Event: 4.830 GC heap before
{Heap before GC invocations=13 (full 0):
 garbage-first heap   total 109568K, used 76407K [0x0000000083a00000, 0x0000000100000000)
  region size 1024K, 45 young (46080K), 3 survivors (3072K)
 Metaspace       used 34416K, committed 34752K, reserved 1081344K
  class space    used 4401K, committed 4608K, reserved 1048576K
}
Event: 4.841 GC heap after
{Heap after GC invocations=14 (full 0):
 garbage-first heap   total 109568K, used 45541K [0x0000000083a00000, 0x0000000100000000)
  region size 1024K, 6 young (6144K), 6 survivors (6144K)
 Metaspace       used 34416K, committed 34752K, reserved 1081344K
  class space    used 4401K, committed 4608K, reserved 1048576K
}
Event: 5.199 GC heap before
{Heap before GC invocations=14 (full 0):
 garbage-first heap   total 109568K, used 75237K [0x0000000083a00000, 0x0000000100000000)
  region size 1024K, 35 young (35840K), 6 survivors (6144K)
 Metaspace       used 35791K, committed 36096K, reserved 1081344K
  class space    used 4657K, committed 4800K, reserved 1048576K
}
Event: 5.209 GC heap after
{Heap after GC invocations=15 (full 0):
 garbage-first heap   total 109568K, used 54642K [0x0000000083a00000, 0x0000000100000000)
  region size 1024K, 5 young (5120K), 5 survivors (5120K)
 Metaspace       used 35791K, committed 36096K, reserved 1081344K
  class space    used 4657K, committed 4800K, reserved 1048576K
}
Event: 5.244 GC heap before
{Heap before GC invocations=15 (full 0):
 garbage-first heap   total 109568K, used 60786K [0x0000000083a00000, 0x0000000100000000)
  region size 1024K, 12 young (12288K), 5 survivors (5120K)
 Metaspace       used 35972K, committed 36352K, reserved 1081344K
  class space    used 4687K, committed 4864K, reserved 1048576K
}
Event: 5.252 GC heap after
{Heap after GC invocations=16 (full 0):
 garbage-first heap   total 109568K, used 59464K [0x0000000083a00000, 0x0000000100000000)
  region size 1024K, 4 young (4096K), 4 survivors (4096K)
 Metaspace       used 35972K, committed 36352K, reserved 1081344K
  class space    used 4687K, committed 4864K, reserved 1048576K
}
Event: 5.339 GC heap before
{Heap before GC invocations=16 (full 0):
 garbage-first heap   total 124928K, used 76872K [0x0000000083a00000, 0x0000000100000000)
  region size 1024K, 22 young (22528K), 4 survivors (4096K)
 Metaspace       used 36265K, committed 36672K, reserved 1081344K
  class space    used 4730K, committed 4928K, reserved 1048576K
}
Event: 5.368 GC heap after
{Heap after GC invocations=17 (full 0):
 garbage-first heap   total 124928K, used 64360K [0x0000000083a00000, 0x0000000100000000)
  region size 1024K, 3 young (3072K), 3 survivors (3072K)
 Metaspace       used 36265K, committed 36672K, reserved 1081344K
  class space    used 4730K, committed 4928K, reserved 1048576K
}
Event: 5.391 GC heap before
{Heap before GC invocations=17 (full 0):
 garbage-first heap   total 124928K, used 86888K [0x0000000083a00000, 0x0000000100000000)
  region size 1024K, 26 young (26624K), 3 survivors (3072K)
 Metaspace       used 36269K, committed 36672K, reserved 1081344K
  class space    used 4730K, committed 4928K, reserved 1048576K
}

Deoptimization events (12 events):
Event: 2.471 Thread 0x000001eb02c86e60 DEOPT PACKING pc=0x000001eb05e64499 sp=0x00000091a97fd0e0
Event: 2.471 Thread 0x000001eb02c86e60 DEOPT UNPACKING pc=0x000001eb05966763 sp=0x00000091a97fc5c0 mode 3
Event: 4.169 Thread 0x000001eb02c86e60 DEOPT PACKING pc=0x000001eb05fd5999 sp=0x00000091a97fc4c0
Event: 4.169 Thread 0x000001eb02c86e60 DEOPT UNPACKING pc=0x000001eb05966763 sp=0x00000091a97fb9a0 mode 3
Event: 4.246 Thread 0x000001eb12812030 DEOPT PACKING pc=0x000001eb060283ab sp=0x00000091ab5fe9d0
Event: 4.246 Thread 0x000001eb12812030 DEOPT UNPACKING pc=0x000001eb05966763 sp=0x00000091ab5fdf18 mode 3
Event: 4.473 Thread 0x000001eb12a6b490 DEOPT PACKING pc=0x000001eb05e62a81 sp=0x00000091ab8fef80
Event: 4.473 Thread 0x000001eb12a6b490 DEOPT UNPACKING pc=0x000001eb05966763 sp=0x00000091ab8fe410 mode 3
Event: 4.976 Thread 0x000001eb12a95d90 DEOPT PACKING pc=0x000001eb061956b5 sp=0x00000091ac8fd3a0
Event: 4.976 Thread 0x000001eb12a95d90 DEOPT UNPACKING pc=0x000001eb05966763 sp=0x00000091ac8fc8b8 mode 3
Event: 5.053 Thread 0x000001eb12a68240 DEOPT PACKING pc=0x000001eb05e5fb97 sp=0x00000091abaff250
Event: 5.053 Thread 0x000001eb12a68240 DEOPT UNPACKING pc=0x000001eb05966763 sp=0x00000091abafe6a8 mode 3

Classes unloaded (0 events):
No events

Classes redefined (0 events):
No events

Internal exceptions (20 events):
Event: 4.284 Thread 0x000001eb12a67d70 Exception <a 'sun/nio/fs/WindowsException'{0x000000008a392190}> (0x000000008a392190) 
thrown [s\src\hotspot\share\prims\jni.cpp, line 516]
Event: 4.284 Thread 0x000001eb12a67d70 Exception <a 'sun/nio/fs/WindowsException'{0x000000008a392548}> (0x000000008a392548) 
thrown [s\src\hotspot\share\prims\jni.cpp, line 516]
Event: 4.284 Thread 0x000001eb12a67d70 Exception <a 'sun/nio/fs/WindowsException'{0x000000008a392f30}> (0x000000008a392f30) 
thrown [s\src\hotspot\share\prims\jni.cpp, line 516]
Event: 4.284 Thread 0x000001eb12a67d70 Exception <a 'sun/nio/fs/WindowsException'{0x000000008a3932d8}> (0x000000008a3932d8) 
thrown [s\src\hotspot\share\prims\jni.cpp, line 516]
Event: 4.284 Thread 0x000001eb12a67d70 Exception <a 'sun/nio/fs/WindowsException'{0x000000008a2bbd50}> (0x000000008a2bbd50) 
thrown [s\src\hotspot\share\prims\jni.cpp, line 516]
Event: 4.284 Thread 0x000001eb12a67d70 Exception <a 'sun/nio/fs/WindowsException'{0x000000008a2bc108}> (0x000000008a2bc108) 
thrown [s\src\hotspot\share\prims\jni.cpp, line 516]
Event: 4.284 Thread 0x000001eb12a67d70 Exception <a 'sun/nio/fs/WindowsException'{0x000000008a2bcb18}> (0x000000008a2bcb18) 
thrown [s\src\hotspot\share\prims\jni.cpp, line 516]
Event: 4.284 Thread 0x000001eb12a67d70 Exception <a 'sun/nio/fs/WindowsException'{0x000000008a2bcef0}> (0x000000008a2bcef0) 
thrown [s\src\hotspot\share\prims\jni.cpp, line 516]
Event: 4.285 Thread 0x000001eb12a67d70 Exception <a 'sun/nio/fs/WindowsException'{0x000000008a2bd918}> (0x000000008a2bd918) 
thrown [s\src\hotspot\share\prims\jni.cpp, line 516]
Event: 4.285 Thread 0x000001eb12a67d70 Exception <a 'sun/nio/fs/WindowsException'{0x000000008a2bdd08}> (0x000000008a2bdd08) 
thrown [s\src\hotspot\share\prims\jni.cpp, line 516]
Event: 4.285 Thread 0x000001eb12a67d70 Exception <a 'sun/nio/fs/WindowsException'{0x000000008a2be728}> (0x000000008a2be728) 
thrown [s\src\hotspot\share\prims\jni.cpp, line 516]
Event: 4.285 Thread 0x000001eb12a67d70 Exception <a 'sun/nio/fs/WindowsException'{0x000000008a2beb10}> (0x000000008a2beb10) 
thrown [s\src\hotspot\share\prims\jni.cpp, line 516]
Event: 4.403 Thread 0x000001eb02c86e60 Exception <a 'java/lang/NoSuchMethodError'{0x0000000086dad9a8}: 'java.lang.Object java.lang.invoke.DirectMethodHandle$Holder.newInvokeSpecial(java.lang.Object, java.lang.Object, int, java.lang.Object, java.lang.Object)'> (0x0000000086dad9a8) 
thrown [s\src\hotspot\share\interpreter\linkResolver.cpp, line 759]
Event: 4.406 Thread 0x000001eb02c86e60 Exception <a 'java/lang/NoSuchMethodError'{0x0000000086dbf978}: 'java.lang.Object java.lang.invoke.DirectMethodHandle$Holder.invokeSpecial(java.lang.Object, java.lang.Object, int, java.lang.Object, int, java.lang.Object)'> (0x0000000086dbf978) 
thrown [s\src\hotspot\share\interpreter\linkResolver.cpp, line 759]
Event: 4.407 Thread 0x000001eb02c86e60 Exception <a 'java/lang/NoSuchMethodError'{0x0000000086dc7778}: 'java.lang.Object java.lang.invoke.DirectMethodHandle$Holder.newInvokeSpecial(java.lang.Object, java.lang.Object, int, java.lang.Object, int)'> (0x0000000086dc7778) 
thrown [s\src\hotspot\share\interpreter\linkResolver.cpp, line 759]
Event: 4.407 Thread 0x000001eb02c86e60 Exception <a 'java/lang/NoSuchMethodError'{0x0000000086dcb878}: 'java.lang.Object java.lang.invoke.DirectMethodHandle$Holder.invokeSpecial(java.lang.Object, java.lang.Object, java.lang.Object, int, java.lang.Object, int)'> (0x0000000086dcb878) 
thrown [s\src\hotspot\share\interpreter\linkResolver.cpp, line 759]
Event: 4.971 Thread 0x000001eb12a940b0 Exception <a 'java/lang/NoSuchMethodError'{0x0000000089c0e758}: 'java.lang.Object java.lang.invoke.DirectMethodHandle$Holder.invokeStatic(java.lang.Object, java.lang.Object, java.lang.Object, int, java.lang.Object, java.lang.Object)'> (0x0000000089c0e758) 
thrown [s\src\hotspot\share\interpreter\linkResolver.cpp, line 759]
Event: 4.972 Thread 0x000001eb12a95d90 Exception <a 'java/lang/NoSuchMethodError'{0x0000000089c41a58}: 'java.lang.Object java.lang.invoke.DirectMethodHandle$Holder.invokeStatic(java.lang.Object, int, java.lang.Object)'> (0x0000000089c41a58) 
thrown [s\src\hotspot\share\interpreter\linkResolver.cpp, line 759]
Event: 5.224 Thread 0x000001eb12a95d90 Exception <a 'java/lang/NoSuchMethodError'{0x000000008a4d3a88}: 'int java.lang.invoke.DirectMethodHandle$Holder.invokeStatic(java.lang.Object)'> (0x000000008a4d3a88) 
thrown [s\src\hotspot\share\interpreter\linkResolver.cpp, line 759]
Event: 5.224 Thread 0x000001eb12a95d90 Exception <a 'java/lang/NoSuchMethodError'{0x000000008a3268d0}: 'int java.lang.invoke.DirectMethodHandle$Holder.invokeStaticInit(java.lang.Object)'> (0x000000008a3268d0) 
thrown [s\src\hotspot\share\interpreter\linkResolver.cpp, line 759]

VM Operations (20 events):
Event: 4.677 Executing VM operation: HandshakeAllThreads done
Event: 4.705 Executing VM operation: G1Concurrent
Event: 4.713 Executing VM operation: G1Concurrent done
Event: 4.727 Executing VM operation: G1Concurrent
Event: 4.734 Executing VM operation: G1Concurrent done
Event: 4.830 Executing VM operation: G1CollectForAllocation
Event: 4.841 Executing VM operation: G1CollectForAllocation done
Event: 5.024 Executing VM operation: HandshakeAllThreads
Event: 5.024 Executing VM operation: HandshakeAllThreads done
Event: 5.199 Executing VM operation: G1CollectForAllocation
Event: 5.209 Executing VM operation: G1CollectForAllocation done
Event: 5.228 Executing VM operation: HandshakeAllThreads
Event: 5.228 Executing VM operation: HandshakeAllThreads done
Event: 5.244 Executing VM operation: G1TryInitiateConcMark
Event: 5.254 Executing VM operation: G1TryInitiateConcMark done
Event: 5.326 Executing VM operation: G1Concurrent
Event: 5.332 Executing VM operation: G1Concurrent done
Event: 5.338 Executing VM operation: G1CollectForAllocation
Event: 5.368 Executing VM operation: G1CollectForAllocation done
Event: 5.389 Executing VM operation: G1CollectForAllocation

Events (20 events):
Event: 5.014 Thread 0x000001eb14701a90 Thread added: 0x000001eb14701a90
Event: 5.020 loading class java/util/concurrent/ConcurrentHashMap$ValueSpliterator
Event: 5.020 loading class java/util/concurrent/ConcurrentHashMap$ValueSpliterator done
Event: 5.057 loading class java/util/concurrent/CompletableFuture$UniCompose
Event: 5.057 loading class java/util/concurrent/CompletableFuture$UniCompose done
Event: 5.057 Thread 0x000001eb146ff410 Thread added: 0x000001eb146ff410
Event: 5.057 loading class java/util/concurrent/CompletableFuture$UniExceptionally
Event: 5.057 loading class java/util/concurrent/CompletableFuture$UniExceptionally done
Event: 5.057 loading class java/util/concurrent/CompletableFuture$UniApply
Event: 5.058 loading class java/util/concurrent/CompletableFuture$UniApply done
Event: 5.061 Thread 0x000001eb146fbf20 Thread added: 0x000001eb146fbf20
Event: 5.061 loading class java/util/concurrent/CompletableFuture$UniRelay
Event: 5.061 loading class java/util/concurrent/CompletableFuture$UniRelay done
Event: 5.110 Thread 0x000001eb146ffdb0 Thread added: 0x000001eb146ffdb0
Event: 5.236 Thread 0x000001eb147015c0 Thread added: 0x000001eb147015c0
Event: 5.269 loading class jdk/internal/vm/annotation/ForceInline
Event: 5.269 loading class jdk/internal/vm/annotation/ForceInline done
Event: 5.303 loading class java/util/stream/Nodes$SpinedNodeBuilder
Event: 5.304 loading class java/util/stream/Nodes$SpinedNodeBuilder done
Event: 5.309 Thread 0x000001eb146fb0b0 Thread added: 0x000001eb146fb0b0


Dynamic libraries:
0x00007ff65e870000 - 0x00007ff65e87e000 	c:\Users\DELL\.vscode\extensions\redhat.java-1.11.0-win32-x64\jre\17.0.4.1-win32-x86_64\bin\java.exe
0x00007ffc78fb0000 - 0x00007ffc791a8000 	C:\WINDOWS\SYSTEM32\ntdll.dll
0x00007ffc78aa0000 - 0x00007ffc78b5d000 	C:\WINDOWS\System32\KERNEL32.DLL
0x00007ffc76750000 - 0x00007ffc76a22000 	C:\WINDOWS\System32\KERNELBASE.dll
0x00007ffc73bb0000 - 0x00007ffc73c41000 	C:\WINDOWS\SYSTEM32\apphelp.dll
0x00007ffc76a30000 - 0x00007ffc76b30000 	C:\WINDOWS\System32\ucrtbase.dll
0x00007ffc6f070000 - 0x00007ffc6f089000 	c:\Users\DELL\.vscode\extensions\redhat.java-1.11.0-win32-x64\jre\17.0.4.1-win32-x86_64\bin\VCRUNTIME140.dll
0x00007ffc692d0000 - 0x00007ffc692e8000 	c:\Users\DELL\.vscode\extensions\redhat.java-1.11.0-win32-x64\jre\17.0.4.1-win32-x86_64\bin\jli.dll
0x00007ffc78250000 - 0x00007ffc783ed000 	C:\WINDOWS\System32\USER32.dll
0x00007ffc76bd0000 - 0x00007ffc76bf2000 	C:\WINDOWS\System32\win32u.dll
0x00007ffc64b90000 - 0x00007ffc64e2a000 	C:\WINDOWS\WinSxS\amd64_microsoft.windows.common-controls_6595b64144ccf1df_6.0.19041.1110_none_60b5254171f9507e\COMCTL32.dll
0x00007ffc78bc0000 - 0x00007ffc78beb000 	C:\WINDOWS\System32\GDI32.dll
0x00007ffc783f0000 - 0x00007ffc7848e000 	C:\WINDOWS\System32\msvcrt.dll
0x00007ffc76f00000 - 0x00007ffc7700f000 	C:\WINDOWS\System32\gdi32full.dll
0x00007ffc76b30000 - 0x00007ffc76bcd000 	C:\WINDOWS\System32\msvcp_win.dll
0x00007ffc78210000 - 0x00007ffc78240000 	C:\WINDOWS\System32\IMM32.DLL
0x00007ffc70b90000 - 0x00007ffc70b9c000 	c:\Users\DELL\.vscode\extensions\redhat.java-1.11.0-win32-x64\jre\17.0.4.1-win32-x86_64\bin\vcruntime140_1.dll
0x00007ffc1fe60000 - 0x00007ffc1fef1000 	c:\Users\DELL\.vscode\extensions\redhat.java-1.11.0-win32-x64\jre\17.0.4.1-win32-x86_64\bin\msvcp140.dll
0x00007ffbf4ea0000 - 0x00007ffbf5ae6000 	c:\Users\DELL\.vscode\extensions\redhat.java-1.11.0-win32-x64\jre\17.0.4.1-win32-x86_64\bin\server\jvm.dll
0x00007ffc77e90000 - 0x00007ffc77f3e000 	C:\WINDOWS\System32\ADVAPI32.dll
0x00007ffc78c80000 - 0x00007ffc78d1c000 	C:\WINDOWS\System32\sechost.dll
0x00007ffc78e40000 - 0x00007ffc78f65000 	C:\WINDOWS\System32\RPCRT4.dll
0x00007ffc78e30000 - 0x00007ffc78e38000 	C:\WINDOWS\System32\PSAPI.DLL
0x00007ffc6f560000 - 0x00007ffc6f569000 	C:\WINDOWS\SYSTEM32\WSOCK32.dll
0x00007ffc77ff0000 - 0x00007ffc7805b000 	C:\WINDOWS\System32\WS2_32.dll
0x00007ffc643e0000 - 0x00007ffc64407000 	C:\WINDOWS\SYSTEM32\WINMM.dll
0x00007ffc70e70000 - 0x00007ffc70e7a000 	C:\WINDOWS\SYSTEM32\VERSION.dll
0x00007ffc74ed0000 - 0x00007ffc74ee2000 	C:\WINDOWS\SYSTEM32\kernel.appcore.dll
0x00007ffc708b0000 - 0x00007ffc708ba000 	c:\Users\DELL\.vscode\extensions\redhat.java-1.11.0-win32-x64\jre\17.0.4.1-win32-x86_64\bin\jimage.dll
0x00007ffc74440000 - 0x00007ffc74624000 	C:\WINDOWS\SYSTEM32\DBGHELP.DLL
0x00007ffc703b0000 - 0x00007ffc703dc000 	C:\WINDOWS\SYSTEM32\dbgcore.DLL
0x00007ffc766c0000 - 0x00007ffc76742000 	C:\WINDOWS\System32\bcryptPrimitives.dll
0x00007ffc4b960000 - 0x00007ffc4b985000 	c:\Users\DELL\.vscode\extensions\redhat.java-1.11.0-win32-x64\jre\17.0.4.1-win32-x86_64\bin\java.dll
0x00007ffc49900000 - 0x00007ffc49918000 	c:\Users\DELL\.vscode\extensions\redhat.java-1.11.0-win32-x64\jre\17.0.4.1-win32-x86_64\bin\zip.dll
0x00007ffc77550000 - 0x00007ffc77c93000 	C:\WINDOWS\System32\SHELL32.dll
0x00007ffc74720000 - 0x00007ffc74eb1000 	C:\WINDOWS\SYSTEM32\windows.storage.dll
0x00007ffc78610000 - 0x00007ffc78964000 	C:\WINDOWS\System32\combase.dll
0x00007ffc76020000 - 0x00007ffc76050000 	C:\WINDOWS\SYSTEM32\Wldp.dll
0x00007ffc77ca0000 - 0x00007ffc77d4d000 	C:\WINDOWS\System32\SHCORE.dll
0x00007ffc77d50000 - 0x00007ffc77da5000 	C:\WINDOWS\System32\shlwapi.dll
0x00007ffc76600000 - 0x00007ffc7661f000 	C:\WINDOWS\SYSTEM32\profapi.dll
0x00007ffc497e0000 - 0x00007ffc497f9000 	C:\Users\DELL\.vscode\extensions\redhat.java-1.11.0-win32-x64\jre\17.0.4.1-win32-x86_64\bin\net.dll
0x00007ffc6cbc0000 - 0x00007ffc6cccd000 	C:\WINDOWS\SYSTEM32\WINHTTP.dll
0x00007ffc75d50000 - 0x00007ffc75dba000 	C:\WINDOWS\system32\mswsock.dll
0x00007ffc495e0000 - 0x00007ffc495f5000 	C:\Users\DELL\.vscode\extensions\redhat.java-1.11.0-win32-x64\jre\17.0.4.1-win32-x86_64\bin\nio.dll
0x00007ffc6fb40000 - 0x00007ffc6fb50000 	c:\Users\DELL\.vscode\extensions\redhat.java-1.11.0-win32-x64\jre\17.0.4.1-win32-x86_64\bin\verify.dll
0x00007ffc70bb0000 - 0x00007ffc70bb9000 	C:\Users\DELL\.vscode\extensions\redhat.java-1.11.0-win32-x64\jre\17.0.4.1-win32-x86_64\bin\management.dll
0x00007ffc708d0000 - 0x00007ffc708db000 	C:\Users\DELL\.vscode\extensions\redhat.java-1.11.0-win32-x64\jre\17.0.4.1-win32-x86_64\bin\management_ext.dll
0x00007ffc49be0000 - 0x00007ffc49bf7000 	C:\WINDOWS\system32\napinsp.dll
0x00007ffc49bc0000 - 0x00007ffc49bdb000 	C:\WINDOWS\system32\pnrpnsp.dll
0x00007ffc49ba0000 - 0x00007ffc49bb5000 	C:\WINDOWS\system32\wshbth.dll
0x00007ffc70aa0000 - 0x00007ffc70abd000 	C:\WINDOWS\system32\NLAapi.dll
0x00007ffc75a50000 - 0x00007ffc75a8b000 	C:\WINDOWS\SYSTEM32\IPHLPAPI.DLL
0x00007ffc75a90000 - 0x00007ffc75b5a000 	C:\WINDOWS\SYSTEM32\DNSAPI.dll
0x00007ffc77fe0000 - 0x00007ffc77fe8000 	C:\WINDOWS\System32\NSI.dll
0x00007ffc49b80000 - 0x00007ffc49b92000 	C:\WINDOWS\System32\winrnr.dll
0x00007ffc6cd00000 - 0x00007ffc6cd0a000 	C:\Windows\System32\rasadhlp.dll
0x00007ffc6d8b0000 - 0x00007ffc6d930000 	C:\WINDOWS\System32\fwpuclnt.dll
0x00007ffc76dd0000 - 0x00007ffc76df7000 	C:\WINDOWS\System32\bcrypt.dll
0x00007ffc75ef0000 - 0x00007ffc75f08000 	C:\WINDOWS\SYSTEM32\CRYPTSP.dll
0x00007ffc75680000 - 0x00007ffc756b4000 	C:\WINDOWS\system32\rsaenh.dll
0x00007ffc76580000 - 0x00007ffc765ae000 	C:\WINDOWS\SYSTEM32\USERENV.dll
0x00007ffc75ee0000 - 0x00007ffc75eec000 	C:\WINDOWS\SYSTEM32\CRYPTBASE.dll
0x00007ffc6f7a0000 - 0x00007ffc6f7b7000 	C:\WINDOWS\SYSTEM32\dhcpcsvc6.DLL
0x00007ffc70e90000 - 0x00007ffc70ead000 	C:\WINDOWS\SYSTEM32\dhcpcsvc.DLL

dbghelp: loaded successfully - version: 4.0.5 - missing functions: none
symbol engine: initialized successfully - sym options: 0x614 - pdb path: .;c:\Users\DELL\.vscode\extensions\redhat.java-1.11.0-win32-x64\jre\17.0.4.1-win32-x86_64\bin;C:\WINDOWS\SYSTEM32;C:\WINDOWS\WinSxS\amd64_microsoft.windows.common-controls_6595b64144ccf1df_6.0.19041.1110_none_60b5254171f9507e;c:\Users\DELL\.vscode\extensions\redhat.java-1.11.0-win32-x64\jre\17.0.4.1-win32-x86_64\bin\server

VM Arguments:
jvm_args: -Dsts.lsp.client=vscode -Dsts.log.file=/dev/null -XX:TieredStopAtLevel=1 -Xlog:jni+resolve=off -Dspring.config.location=file:c:\Users\DELL\.vscode\extensions\pivotal.vscode-spring-boot-1.39.0\language-server\BOOT-INF\classes\application.properties 
java_command: org.springframework.ide.vscode.boot.app.BootLanguageServerBootApp
java_class_path (initial): c:\Users\DELL\.vscode\extensions\pivotal.vscode-spring-boot-1.39.0\language-server\BOOT-INF\classes;c:\Users\DELL\.vscode\extensions\pivotal.vscode-spring-boot-1.39.0\language-server\BOOT-INF\lib\annotations-23.0.0.jar;c:\Users\DELL\.vscode\extensions\pivotal.vscode-spring-boot-1.39.0\language-server\BOOT-INF\lib\antlr-runtime-3.5.2.jar;c:\Users\DELL\.vscode\extensions\pivotal.vscode-spring-boot-1.39.0\language-server\BOOT-INF\lib\antlr4-4.9.3.jar;c:\Users\DELL\.vscode\extensions\pivotal.vscode-spring-boot-1.39.0\language-server\BOOT-INF\lib\antlr4-runtime-4.9.3.jar;c:\Users\DELL\.vscode\extensions\pivotal.vscode-spring-boot-1.39.0\language-server\BOOT-INF\lib\asm-9.3.jar;c:\Users\DELL\.vscode\extensions\pivotal.vscode-spring-boot-1.39.0\language-server\BOOT-INF\lib\asm-analysis-9.3.jar;c:\Users\DELL\.vscode\extensions\pivotal.vscode-spring-boot-1.39.0\language-server\BOOT-INF\lib\asm-tree-9.3.jar;c:\Users\DELL\.vscode\extensions\pivotal.vscode-spring-boot-1.39.0\language-server\BOOT-INF\lib\asm-util-9.3.jar;c:\Users\DELL\.vscode\extensions\pivotal.vscode-spring-boot-1.39.0\language-server\BOOT-INF\lib\byte-buddy-1.12.13.jar;c:\Users\DELL\.vscode\extensions\pivotal.vscode-spring-boot-1.39.0\language-server\BOOT-INF\lib\caffeine-2.9.3.jar;c:\Users\DELL\.vscode\extensions\pivotal.vscode-spring-boot-1.39.0\language-server\BOOT-INF\lib\checker-qual-3.12.0.jar;c:\Users\DELL\.vscode\extensions\pivotal.vscode-spring-boot-1.39.0\language-server\BOOT-INF\lib\classgraph-4.8.149.jar;c:\Users\DELL\.vscode\extensions\pivotal.vscode-spring-boot-1.39.0\language-server\BOOT-INF\lib\commons-codec-1.15.jar;c:\Users\DELL\.vscode\extensions\pivotal.vscode-spring-boot-1.39.0\language-server\BOOT-INF\lib\commons-compress-1.21.jar;c:\Users\DELL\.vscode\extensions\pivotal.vscode-spring-boot-1.39.0\language-server\BOOT-INF\lib\commons-exec-1.3.jar;c:\Users\DELL\.vscode\extensions\pivotal.vscode-spring-boot-1.39.0\language-server\BOOT-INF\lib\commons-io-2.4.jar;c
Launcher Type: SUN_STANDARD

[Global flags]
     intx CICompilerCount                          = 4                                         {product} {ergonomic}
     uint ConcGCThreads                            = 2                                         {product} {ergonomic}
     uint G1ConcRefinementThreads                  = 8                                         {product} {ergonomic}
   size_t G1HeapRegionSize                         = 1048576                                   {product} {ergonomic}
    uintx GCDrainStackTargetSize                   = 64                                        {product} {ergonomic}
   size_t InitialHeapSize                          = 132120576                                 {product} {ergonomic}
   size_t MarkStackSize                            = 4194304                                   {product} {ergonomic}
   size_t MaxHeapSize                              = 2086666240                                {product} {ergonomic}
   size_t MaxNewSize                               = 1251999744                                {product} {ergonomic}
   size_t MinHeapDeltaBytes                        = 1048576                                   {product} {ergonomic}
   size_t MinHeapSize                              = 8388608                                   {product} {ergonomic}
    uintx NonProfiledCodeHeapSize                  = 0                                      {pd product} {ergonomic}
     bool ProfileInterpreter                       = false                                  {pd product} {command line}
    uintx ProfiledCodeHeapSize                     = 0                                      {pd product} {ergonomic}
   size_t SoftMaxHeapSize                          = 2086666240                             {manageable} {ergonomic}
     intx TieredStopAtLevel                        = 1                                         {product} {command line}
     bool UseCompressedClassPointers               = true                           {product lp64_product} {ergonomic}
     bool UseCompressedOops                        = true                           {product lp64_product} {ergonomic}
     bool UseG1GC                                  = true                                      {product} {ergonomic}
     bool UseLargePagesIndividualAllocation        = false                                  {pd product} {ergonomic}

Logging:
Log output configuration:
 #0: stdout all=warning,jni+resolve=off uptime,level,tags
 #1: stderr all=off uptime,level,tags

Environment Variables:
JAVA_HOME=C:\Program Files\Java\jdk-18.0.1.1
PATH=C:\Program Files\apache-maven-3.8.5-bin\apache-maven-3.8.5\bin;C:\Python39\Scripts\;C:\Python39\;C:\Apache24\bin;C:\WINDOWS;C:\WINDOWS\System32\Wbem;C:\WINDOWS\System32\WindowsPowerShell\v1.0\;C:\WINDOWS\System32\OpenSSH\;C:\Program Files (x86)\mingw-w64\i686-8.1.0-posix-dwarf-rt_v6-rev0\mingw32\bin;C:\Program Files\Microsoft SQL Server\Client SDK\ODBC\170\Tools\Binn\;C:\Program Files (x86)\Microsoft SQL Server\150\Tools\Binn\;C:\Program Files\Microsoft SQL Server\150\Tools\Binn\;C:\Program Files\Microsoft SQL Server\150\DTS\Binn\;C:\ProgramData\chocolatey\bin;C:\Program Files\Git\cmd;C:\Windows\System32;C:\wamp64\bin\php\php7.3.21;C:\composer;C:\WINDOWS\system32;C:\Program Files\Microsoft SQL Server\130\Tools\Binn\;C:\Program Files (x86)\Microsoft SQL Server\150\DTS\Binn\;C:\Program Files\Azure Data Studio\bin;C:\Program Files\dotnet\;C:\SDL\SDL2-2.0.20\lib\x64;C:\SDL\SDL2_image-2.0.5\lib\x64;C:\Program Files\nodejs\;C:\Program Files\Java\jdk-18.0.1.1\bin;C:\Program Files\gradle-7.5-all\gradle-7.5\bin;C:\Users\DELL\AppData\Local\Microsoft\WindowsApps;C:\Program Files\JetBrains\PhpStorm 2020.3.1\bin;;C:\Users\DELL\AppData\Roaming\Composer\vendor\bin;C:\Users\DELL\AppData\Local\Microsoft\WindowsApps;C:\Program Files\Azure Data Studio\bin;C:\Users\DELL\AppData\Local\Programs\Microsoft VS Code\bin;C:\Users\DELL\AppData\Roaming\npm;C:\Program Files\heroku\bin
USERNAME=DELL
OS=Windows_NT
PROCESSOR_IDENTIFIER=Intel64 Family 6 Model 126 Stepping 5, GenuineIntel
TMP=C:\Users\DELL\AppData\Local\Temp
TEMP=C:\Users\DELL\AppData\Local\Temp



---------------  S Y S T E M  ---------------

OS:
 Windows 10 , 64 bit Build 19041 (10.0.19041.1889)
OS uptime: 7 days 14:40 hours
Hyper-V role detected

CPU: total 8 (initial active 8) (4 cores per cpu, 2 threads per core) family 6 model 126 stepping 5 microcode 0xb2, cx8, cmov, fxsr, ht, mmx, 3dnowpref, sse, sse2, sse3, ssse3, sse4.1, sse4.2, popcnt, lzcnt, tsc, tscinvbit, avx, avx2, aes, erms, clmul, bmi1, bmi2, adx, avx512f, avx512dq, avx512cd, avx512bw, avx512vl, sha, fma, vzeroupper, avx512_vpopcntdq, avx512_vpclmulqdq, avx512_vaes, avx512_vnni, clflush, clflushopt, avx512_vbmi2, avx512_vbmi, hv

Memory: 4k page, system-wide physical 7959M (337M free)
TotalPageFile size 23396M (AvailPageFile size 177M)
current process WorkingSet (physical memory assigned to process): 221M, peak: 221M
current process commit charge ("private bytes"): 266M, peak: 473M

vm_info: OpenJDK 64-Bit Server VM (17.0.4.1+1) for windows-amd64 JRE (17.0.4.1+1), built on Aug 17 2022 07:42:43 by "temurin" with MS VC++ 16.7 (VS2019)

END.
